[Licensing::Module] Trying to connect to existing licensing client channel...
Built from '6000.4/staging' branch; Version is '6000.4.3f1 (39d1a88d4dd1) revision 3789224'; Using compiler version '194234433'; Build Type 'Release'
OS: 'Windows 11  (10.0.26200) Professional' Language: 'en' Physical Memory: 16310 MB
BatchMode: 1, IsHumanControllingUs: 0, StartBugReporterOnCrash: 0, Is64bit: 1
[Licensing::IpcConnector] Successfully connected to: "LicenseClient-lGSlwrdGkxYXN0oPzUTKQ" at "2026-05-14T08:42:38.7524818Z"
System  architecture: x64
Process architecture: x64
Date: 2026-05-14T08:42:38Z

COMMAND LINE ARGUMENTS:
C:\Program Files\Unity\Hub\Editor\6000.4.3f1\Editor\Unity.exe
-adb2
-batchMode
-noUpm
-name
AssetImportWorker11
-projectPath
C:/Users/tyron/Documents/Games/LBYHFINAL/lbyhfinal
-logFile
Logs/AssetImportWorker11.log
-srvPort
50268
-licensingIpc
LicenseClient-lGSlwrdGkxYXN0oPzUTKQ
-force-d3d12
-job-worker-count
7
-background-job-worker-count
8
-gc-helper-count
1
-name
AssetImport
Successfully changed project path to: C:/Users/tyron/Documents/Games/LBYHFINAL/lbyhfinal
C:/Users/tyron/Documents/Games/LBYHFINAL/lbyhfinal
[UnityMemory] Configuration Parameters - Can be set up in boot.config
    "memorysetup-temp-allocator-size-gi-baking-worker=262144"
    "memorysetup-temp-allocator-size-gi-baking-worker=262144"
    "memorysetup-temp-allocator-size-gi-baking-worker=262144"
    "memorysetup-temp-allocator-size-gi-baking-worker=262144"
    "memorysetup-temp-allocator-size-gi-baking-worker=262144"
    "memorysetup-temp-allocator-size-nav-mesh-worker=65536"
    "memorysetup-temp-allocator-size-audio-worker=65536"
    "memorysetup-temp-allocator-size-cloud-worker=32768"
    "memorysetup-temp-allocator-size-gfx=262144"
    "memorysetup-temp-allocator-size-preload-manager=33554432"
    "memorysetup-temp-allocator-size-job-worker=262144"
    "memorysetup-temp-allocator-size-background-worker=32768"
    "memorysetup-allocator-temp-initial-block-size-main=262144"
    "memorysetup-allocator-temp-initial-block-size-worker=262144"
    "memorysetup-bucket-allocator-granularity=16"
    "memorysetup-bucket-allocator-bucket-count=8"
    "memorysetup-bucket-allocator-block-size=33554432"
    "memorysetup-bucket-allocator-block-count=8"
    "memorysetup-main-allocator-block-size=16777216"
    "memorysetup-thread-allocator-block-size=16777216"
    "memorysetup-gfx-main-allocator-block-size=16777216"
    "memorysetup-gfx-thread-allocator-block-size=16777216"
    "memorysetup-cache-allocator-block-size=4194304"
    "memorysetup-typetree-allocator-block-size=2097152"
    "memorysetup-profiler-bucket-allocator-granularity=16"
    "memorysetup-profiler-bucket-allocator-bucket-count=8"
    "memorysetup-profiler-bucket-allocator-block-size=33554432"
    "memorysetup-profiler-bucket-allocator-block-count=8"
    "memorysetup-profiler-allocator-block-size=16777216"
    "memorysetup-profiler-editor-allocator-block-size=1048576"
    "memorysetup-temp-allocator-size-main=16777216"
    "memorysetup-job-temp-allocator-block-size=2097152"
    "memorysetup-job-temp-allocator-block-size-background=1048576"
    "memorysetup-job-temp-allocator-reduction-small-platforms=262144"
Player connection [27228]  Target information:

Player connection [27228]  * "[IP] 192.168.254.104 [Port] 0 [Flags] 2 [Guid] 804043734 [EditorId] 804043734 [Version] 1048832 [Id] WindowsEditor(7,DESKTOP-2216JCP) [Debug] 1 [PackageName] WindowsEditor [ProjectName] Editor" 

Player connection [27228] Host joined multi-casting on [225.0.0.222:54997]...
Player connection [27228] Host joined alternative multi-casting on [225.0.0.222:34997]...
JobSystem: Creating JobQueue using job-worker-count value 7
Input System module state changed to: Initialized.
[Physics::Module] Initialized fallback backend.
[Physics::Module] Id: 0xdecafbad
Library Redirect Path: Library/
Default GameObject BitMask: UI already registered
[Physics::Module] Selected backend.
[Physics::Module] Name: PhysX
[Physics::Module] Id: 0xf2b8ea05
[Physics::Module] SDK Version: 4.1.2
[Physics::Module] Integration Version: 1.0.0
[Physics::Module] Threading Mode: Multi-Threaded
Refreshing native plugins compatible for Editor in 5.03 ms, found 4 plugins.
Initialize engine version: 6000.4.3f1 (39d1a88d4dd1)
[Subsystems] Discovering subsystems at path C:/Program Files/Unity/Hub/Editor/6000.4.3f1/Editor/Data/Resources/UnitySubsystems
[Subsystems] Discovering subsystems at path C:/Users/tyron/Documents/Games/LBYHFINAL/lbyhfinal/Assets
Forcing GfxDevice: Direct3D 12
GfxDevice: creating device client; kGfxThreadingModeNonThreaded
d3d12: failed to query info queue interface (0x80004002).
Direct3D:
    Version:         Direct3D 12 [level 12.2]
    Renderer:        NVIDIA GeForce RTX 3060 (ID=0x2504)
    Vendor:          NVIDIA
    VRAM:            12115 MB
    App VRAM Budget: 11347 MB
    Driver:          32.0.15.8157
Initialize mono
Mono path[0] = 'C:/Program Files/Unity/Hub/Editor/6000.4.3f1/Editor/Data/Managed'
Mono path[1] = 'C:/Program Files/Unity/Hub/Editor/6000.4.3f1/Editor/Data/MonoBleedingEdge/lib/mono/unityjit-win32'
Mono config path = 'C:/Program Files/Unity/Hub/Editor/6000.4.3f1/Editor/Data/MonoBleedingEdge/etc'
Using monoOptions --debugger-agent=transport=dt_socket,embedding=1,server=y,suspend=n,address=127.0.0.1:56376
CodeReloadManager initialized
Begin MonoManager ReloadAssembly
[Licensing::Client] Error: HandshakeResponse reported an error:
	ResponseCode: 505
	ResponseStatus: Unsupported protocol version '1.18.1'.
[Licensing::Module] Error: Failed to handshake to channel: "LicenseClient-lGSlwrdGkxYXN0oPzUTKQ"
[Licensing::IpcConnector] LicenseClient-lGSlwrdGkxYXN0oPzUTKQ channel disconnected successfully.
[Licensing::IpcConnector] Successfully connected to: "LicenseClient-tyron-6000.4.3" at "2026-05-14T08:42:39.8421583Z"
Registering precompiled unity dll's ...
Register platform support module: C:/Program Files/Unity/Hub/Editor/6000.4.3f1/Editor/Data/PlaybackEngines/WindowsStandaloneSupport/UnityEditor.WindowsStandalone.Extensions.dll
Registered in 0.002123 seconds.
Native extension for WindowsStandalone target not found
Package Manager log level set to [2]
[Package Manager] Failed to launch server process. Reason: Unity was launched with the -noUpm command-line argument
[Package Manager] Unable to send message (not connected to server process).
[Package Manager] Cannot connect to Unity Package Manager local server
ScheduleIndexationOnStartup MainProcess:False IndexOnStartup:True
Mono: successfully reloaded assembly
- Finished resetting the current domain, in  0.457 seconds
Domain Reload Profiling: 963ms
	BeginReloadAssembly (145ms)
	RebuildCommonClasses (45ms)
	RebuildNativeTypeToScriptingClass (12ms)
	initialDomainReloadingComplete (78ms)
	LoadAllAssembliesAndSetupDomain (224ms)
		LoadAssemblies (139ms)
		AnalyzeDomain (216ms)
			TypeCache.Refresh (215ms)
				TypeCache.ScanAssembly (199ms)
	FinalizeReload (459ms)
		SetupLoadedEditorAssemblies (0ms)
			InitializePlatformSupportModulesInManaged (52ms)
			BeforeProcessingInitializeOnLoad (99ms)
			ProcessInitializeOnLoadAttributes (139ms)
			ProcessInitializeOnLoadMethodAttributes (88ms)
Assembly reference Packages/com.unity.cinemachine/Editor/Samples/ExposeHDRPInternals/HDRP-Editor-ref.asmref has no target assembly definition
========================================================================
Worker process is ready to serve import requests
Import Worker Mode flag is 0x00
[Licensing::Client] Handshaking with LicensingClient:
  Version:                 1.18.1+9fbee8e
  Session Id:              fac5ac4cfb5d4e09a0b9c1499db27c9f
  Correlation Id:          832d4ae8ad3a86fa7efb02ad09b60376
  External correlation Id: 8364982236999616331
  Machine Id:              8s6LdPVFeVL+JPPIymwroRPXaRk=
[Licensing::Module] Successfully connected to LicensingClient on channel: "LicenseClient-tyron-6000.4.3" (connect: 0.00s, validation: 0.00s, handshake: 1.04s)
[Licensing::IpcConnector] Successfully connected to: "LicenseClient-tyron-6000.4.3-notifications" at "2026-05-14T08:42:40.8819775Z"
[Licensing::Module] Licensing Background thread has ended after 2.13s
Assembly reference Packages/com.unity.cinemachine/Editor/Samples/ExposeHDRPInternals/HDRP-Editor-ref.asmref has no target assembly definition
Assembly reference Packages/com.unity.cinemachine/Editor/Samples/ExposeHDRPInternals/HDRP-Editor-ref.asmref has no target assembly definition
Begin MonoManager ReloadAssembly
[Licensing::Client] Successfully resolved entitlement details
[Licensing::Module] License group:
  Id: 18968330311373-UnityPersXXXX
  Product: Unity Personal
  Type: Assigned
  Expiration: Unlimited
Assembly Assembly-CSharp-Editor-firstpass.dll at Library/ScriptAssemblies/Assembly-CSharp-Editor-firstpass.dll not valid. Loading of assembly skipped.
Assembly Assembly-CSharp-Editor.dll at Library/ScriptAssemblies/Assembly-CSharp-Editor.dll not valid. Loading of assembly skipped.
Assembly Assembly-CSharp-firstpass.dll at Library/ScriptAssemblies/Assembly-CSharp-firstpass.dll not valid. Loading of assembly skipped.
Assembly DocCodeExamples.dll at Library/ScriptAssemblies/DocCodeExamples.dll not valid. Loading of assembly skipped.
Assembly TestNewCustomAssembly.dll at Library/ScriptAssemblies/TestNewCustomAssembly.dll not valid. Loading of assembly skipped.
Assembly Unity.2D.Animation.EditorTests.dll at Library/ScriptAssemblies/Unity.2D.Animation.EditorTests.dll not valid. Loading of assembly skipped.
Assembly Unity.2D.Common.EditorTests.dll at Library/ScriptAssemblies/Unity.2D.Common.EditorTests.dll not valid. Loading of assembly skipped.
Assembly Unity.2D.PixelPerfect.Editor.Tests.dll at Library/ScriptAssemblies/Unity.2D.PixelPerfect.Editor.Tests.dll not valid. Loading of assembly skipped.
Assembly Unity.2D.Psdimporter.EditorTests.dll at Library/ScriptAssemblies/Unity.2D.Psdimporter.EditorTests.dll not valid. Loading of assembly skipped.
Assembly Unity.2D.Sprite.Package.EditorTests.dll at Library/ScriptAssemblies/Unity.2D.Sprite.Package.EditorTests.dll not valid. Loading of assembly skipped.
Assembly Unity.2D.SpriteShape.EditorTests.dll at Library/ScriptAssemblies/Unity.2D.SpriteShape.EditorTests.dll not valid. Loading of assembly skipped.
Assembly Unity.2D.Tilemap.Package.EditorTests.dll at Library/ScriptAssemblies/Unity.2D.Tilemap.Package.EditorTests.dll not valid. Loading of assembly skipped.
Assembly Unity.Collections.BurstCompatibilityGen.dll at Library/ScriptAssemblies/Unity.Collections.BurstCompatibilityGen.dll not valid. Loading of assembly skipped.
Assembly Unity.Collections.DocCodeSamples.dll at Library/ScriptAssemblies/Unity.Collections.DocCodeSamples.dll not valid. Loading of assembly skipped.
Assembly Unity.Collections.PerformanceTests.dll at Library/ScriptAssemblies/Unity.Collections.PerformanceTests.dll not valid. Loading of assembly skipped.
Assembly Unity.Collections.Tests.dll at Library/ScriptAssemblies/Unity.Collections.Tests.dll not valid. Loading of assembly skipped.
Assembly Unity.Collections.Tests.Playmode.dll at Library/ScriptAssemblies/Unity.Collections.Tests.Playmode.dll not valid. Loading of assembly skipped.
Assembly Unity.Mathematics.Tests.dll at Library/ScriptAssemblies/Unity.Mathematics.Tests.dll not valid. Loading of assembly skipped.
Assembly Unity.Multiplayer.Center.Editor.Tests.dll at Library/ScriptAssemblies/Unity.Multiplayer.Center.Editor.Tests.dll not valid. Loading of assembly skipped.
Assembly Unity.Multiplayer.Center.Tests.dll at Library/ScriptAssemblies/Unity.Multiplayer.Center.Tests.dll not valid. Loading of assembly skipped.
Assembly Unity.Nuget.Mono-Cecil.dll at Library/ScriptAssemblies/Unity.Nuget.Mono-Cecil.dll not valid. Loading of assembly skipped.
Assembly Unity.PathTracing.Editor.Tests.dll at Library/ScriptAssemblies/Unity.PathTracing.Editor.Tests.dll not valid. Loading of assembly skipped.
Assembly Unity.PathTracing.Runtime.Tests.dll at Library/ScriptAssemblies/Unity.PathTracing.Runtime.Tests.dll not valid. Loading of assembly skipped.
Assembly Unity.RenderPipelines.Core.Editor.Tests.dll at Library/ScriptAssemblies/Unity.RenderPipelines.Core.Editor.Tests.dll not valid. Loading of assembly skipped.
Assembly Unity.RenderPipelines.Core.Runtime.Tests.dll at Library/ScriptAssemblies/Unity.RenderPipelines.Core.Runtime.Tests.dll not valid. Loading of assembly skipped.
Assembly Unity.RenderPipelines.Universal.Config.Editor.Tests.dll at Library/ScriptAssemblies/Unity.RenderPipelines.Universal.Config.Editor.Tests.dll not valid. Loading of assembly skipped.
Assembly Unity.RenderPipelines.Universal.Editor.Tests.dll at Library/ScriptAssemblies/Unity.RenderPipelines.Universal.Editor.Tests.dll not valid. Loading of assembly skipped.
Assembly Unity.RenderPipelines.Universal.Runtime.Tests.dll at Library/ScriptAssemblies/Unity.RenderPipelines.Universal.Runtime.Tests.dll not valid. Loading of assembly skipped.
Assembly Unity.Searcher.EditorTests.dll at Library/ScriptAssemblies/Unity.Searcher.EditorTests.dll not valid. Loading of assembly skipped.
Assembly Unity.Settings.Tests.dll at Library/ScriptAssemblies/Unity.Settings.Tests.dll not valid. Loading of assembly skipped.
Assembly Unity.ShaderGraph.Editor.Tests.dll at Library/ScriptAssemblies/Unity.ShaderGraph.Editor.Tests.dll not valid. Loading of assembly skipped.
Assembly Unity.TextMeshPro.Editor.Tests.dll at Library/ScriptAssemblies/Unity.TextMeshPro.Editor.Tests.dll not valid. Loading of assembly skipped.
Assembly Unity.TextMeshPro.Tests.dll at Library/ScriptAssemblies/Unity.TextMeshPro.Tests.dll not valid. Loading of assembly skipped.
Assembly Unity.UnifiedRayTracing.Editor.Tests.dll at Library/ScriptAssemblies/Unity.UnifiedRayTracing.Editor.Tests.dll not valid. Loading of assembly skipped.
Assembly UnityEditor.UI.Common.Tests.dll at Library/ScriptAssemblies/UnityEditor.UI.Common.Tests.dll not valid. Loading of assembly skipped.
Assembly UnityEditor.UI.EditorTests.dll at Library/ScriptAssemblies/UnityEditor.UI.EditorTests.dll not valid. Loading of assembly skipped.
Assembly UnityEngine.UI.Tests.dll at Library/ScriptAssemblies/UnityEngine.UI.Tests.dll not valid. Loading of assembly skipped.
Assembly reference Packages/com.unity.cinemachine/Editor/Samples/ExposeHDRPInternals/HDRP-Editor-ref.asmref has no target assembly definition
'Packages/com.unity.cinemachine/Editor/Obsolete/CinemachineVirtualCameraBaseEditor.cs' contains partial class of Unity.Object, exactly 1 of the partial classes needs to be in a file with the same filename. This is to know the one that can be referenced from ie. GameObjects
'Packages/com.unity.cinemachine/Editor/Editors/CinemachineVirtualCameraBaseEditor.cs' contains partial class of Unity.Object, exactly 1 of the partial classes needs to be in a file with the same filename. This is to know the one that can be referenced from ie. GameObjects
Refreshing native plugins compatible for Editor in 2.67 ms, found 4 plugins.
Native extension for WindowsStandalone target not found
Assembly reference Packages/com.unity.cinemachine/Editor/Samples/ExposeHDRPInternals/HDRP-Editor-ref.asmref has no target assembly definition
[Package Manager] Failed to launch server process. Reason: Unity was launched with the -noUpm command-line argument
[Package Manager] Unable to send message (not connected to server process).
[Package Manager] Cannot connect to Unity Package Manager local server
[Package Manager] Failed to launch server process. Reason: Unity was launched with the -noUpm command-line argument
[Package Manager] Unable to send message (not connected to server process).
[Package Manager] Cannot connect to Unity Package Manager local server
[Package Manager] Failed to launch server process. Reason: Unity was launched with the -noUpm command-line argument
[Package Manager] Unable to send message (not connected to server process).
[Package Manager] Cannot connect to Unity Package Manager local server
Refreshing native plugins compatible for Editor in 2.41 ms, found 4 plugins.
ScheduleIndexationOnStartup MainProcess:False IndexOnStartup:True
Mono: successfully reloaded assembly
- Finished resetting the current domain, in  1.017 seconds
Domain Reload Profiling: 1932ms
	BeginReloadAssembly (198ms)
		DisableScriptedObjects (7ms)
		CreateAndSetChildDomain (35ms)
	RebuildCommonClasses (42ms)
	RebuildNativeTypeToScriptingClass (12ms)
	initialDomainReloadingComplete (83ms)
	LoadAllAssembliesAndSetupDomain (579ms)
		LoadAssemblies (416ms)
		AnalyzeDomain (265ms)
			TypeCache.Refresh (185ms)
				TypeCache.ScanAssembly (167ms)
			BuildScriptInfoCaches (66ms)
			ResolveRequiredComponents (12ms)
	FinalizeReload (1018ms)
		SetupLoadedEditorAssemblies (0ms)
			BeforeProcessingInitializeOnLoad (177ms)
			ProcessInitializeOnLoadAttributes (500ms)
			ProcessInitializeOnLoadMethodAttributes (158ms)
			AfterProcessingInitializeOnLoad (10ms)
		AwakeInstancesAfterBackupRestoration (7ms)
Default GameObject BitMask: UI already registered
Launched and connected shader compiler UnityShaderCompiler.exe after 0.02 seconds
Refreshing native plugins compatible for Editor in 2.47 ms, found 4 plugins.
Unloading 25 Unused Serialized files (Serialized files now loaded: 0)
Unloading 5665 unused Assets / (6.1 MB). Loaded Objects now: 6536.
Memory consumption went from 179.5 MB to 173.4 MB.
Total: 10.409100 ms (FindLiveObjects: 0.919300 ms CreateObjectMapping: 0.520600 ms MarkObjects: 6.140200 ms  DeleteObjects: 2.826500 ms)

========================================================================
Received Import Request.
  Time since last request: 3997.752607 seconds.
  path: Assets/Scenes/Scene 9/Box/01 Border 01_234.asset
  importAddress: Guid(db0b216fc4a801745b3369471a5ad586) Importer(2089858483,b0f066a214c2f5e87bad3c948f4d605d)
Start importing Assets/Scenes/Scene 9/Box/01 Border 01_234.asset using Guid(db0b216fc4a801745b3369471a5ad586) Importer(2089858483,b0f066a214c2f5e87bad3c948f4d605d) (ScriptedImporter) -> (Import Result ID: '7c43fafe40604f88ba7eb681f64dbcee') in 0.1165804 seconds [static and dynamic dependencies]. Details - ImportResultOutputID=dc16dfa394f224f20d52fa6675420f22 DependenciesID=52ccfa8540df59d42f798bf035f70c2d StaticDependenciesID=e039ddfadba8bd78bc0b2719cd399fb1 
Number of updated asset objects reloaded before import = 0Number of asset objects unloaded after import = 2

========================================================================
Received Import Request.
  Time since last request: 0.000023 seconds.
  path: Assets/Scenes/Scene 9/Box/01 Border 01_255.asset
  importAddress: Guid(ddaa058efeae33b4589f5b037bcfb265) Importer(2089858483,b0f066a214c2f5e87bad3c948f4d605d)
Start importing Assets/Scenes/Scene 9/Box/01 Border 01_255.asset using Guid(ddaa058efeae33b4589f5b037bcfb265) Importer(2089858483,b0f066a214c2f5e87bad3c948f4d605d) (ScriptedImporter) -> (Import Result ID: '02c96978c34f0b1c2c5c14615976f7b3') in 0.0153839 seconds [static and dynamic dependencies]. Details - ImportResultOutputID=55474e4c663eb41a1267bd1d8f13c6b2 DependenciesID=d0b0b0a832f628626f130802958374e2 StaticDependenciesID=27c53bee34dc3c4a7a135668be12ec98 
Number of updated asset objects reloaded before import = 0Number of asset objects unloaded after import = 2

========================================================================
Received Import Request.
  Time since last request: 0.000019 seconds.
  path: Assets/Scenes/Scene 9/Box/01 Border 01_293.asset
  importAddress: Guid(12f362393c77cc64898b201d6c8c7458) Importer(2089858483,b0f066a214c2f5e87bad3c948f4d605d)
Start importing Assets/Scenes/Scene 9/Box/01 Border 01_293.asset using Guid(12f362393c77cc64898b201d6c8c7458) Importer(2089858483,b0f066a214c2f5e87bad3c948f4d605d) (ScriptedImporter) -> (Import Result ID: '4e954d6258c35d406d839cdf4574d6a6') in 0.0138846 seconds [static and dynamic dependencies]. Details - ImportResultOutputID=1647a9cf1ffc672b0e79e22bd0a8983d DependenciesID=2d03befb35dd2a47220c48fadf62db0a StaticDependenciesID=271944df5f6dd0cdf43b226f809ae300 
Number of updated asset objects reloaded before import = 0Number of asset objects unloaded after import = 2

========================================================================
Received Import Request.
  Time since last request: 0.000034 seconds.
  path: Assets/Scenes/Scene 9/Box/01 Border 01_253.asset
  importAddress: Guid(ada4043c5cca5ac448caaad1e9004f57) Importer(2089858483,b0f066a214c2f5e87bad3c948f4d605d)
Start importing Assets/Scenes/Scene 9/Box/01 Border 01_253.asset using Guid(ada4043c5cca5ac448caaad1e9004f57) Importer(2089858483,b0f066a214c2f5e87bad3c948f4d605d) (ScriptedImporter) -> (Import Result ID: 'a127fafdbbf482074fbc8b9a1d854114') in 0.0116674 seconds [static and dynamic dependencies]. Details - ImportResultOutputID=e90149428ed9077d82925139352222cc DependenciesID=a6c1963daf16f13191f19e896121ae2b StaticDependenciesID=4790c939c4b0134438caa0630b0b373f 
Number of updated asset objects reloaded before import = 0Number of asset objects unloaded after import = 2

========================================================================
Received Import Request.
  Time since last request: 0.000019 seconds.
  path: Assets/Scenes/Scene 9/Box/01 Border 01_218.asset
  importAddress: Guid(45ae46a0b250aed499e0426f0aa79a7c) Importer(2089858483,b0f066a214c2f5e87bad3c948f4d605d)
Start importing Assets/Scenes/Scene 9/Box/01 Border 01_218.asset using Guid(45ae46a0b250aed499e0426f0aa79a7c) Importer(2089858483,b0f066a214c2f5e87bad3c948f4d605d) (ScriptedImporter) -> (Import Result ID: 'cf968f78e7a932f2c236b9459be07ec2') in 0.0124082 seconds [static and dynamic dependencies]. Details - ImportResultOutputID=124ed712a41d010594ee6ee91defd8d4 DependenciesID=602950c9271a5e8847cd98fad945f615 StaticDependenciesID=b3fdcc8bede4791e0f7f25642ccc4605 
Number of updated asset objects reloaded before import = 0Number of asset objects unloaded after import = 2

========================================================================
Received Import Request.
  Time since last request: 0.000018 seconds.
  path: Assets/Scenes/Scene 9/Box/01 Border 01_125.asset
  importAddress: Guid(b802ea9d4ae53084696a7d3f20377e9a) Importer(2089858483,b0f066a214c2f5e87bad3c948f4d605d)
Start importing Assets/Scenes/Scene 9/Box/01 Border 01_125.asset using Guid(b802ea9d4ae53084696a7d3f20377e9a) Importer(2089858483,b0f066a214c2f5e87bad3c948f4d605d) (ScriptedImporter) -> (Import Result ID: '49af8417b42e357d943dbae91a715797') in 0.0131992 seconds [static and dynamic dependencies]. Details - ImportResultOutputID=6f8935644247c5342cf1e55501d81f33 DependenciesID=e91e11f673c9aa69c276429f2518fc1b StaticDependenciesID=8c37b49ca6bea78b5a6155c16a42ae26 
Number of updated asset objects reloaded before import = 0Number of asset objects unloaded after import = 2

========================================================================
Received Import Request.
  Time since last request: 0.000020 seconds.
  path: Assets/Scenes/Scene 9/Box/01 Border 01_248.asset
  importAddress: Guid(eaa439b861170fe44b7c79919e5a1553) Importer(2089858483,b0f066a214c2f5e87bad3c948f4d605d)
Start importing Assets/Scenes/Scene 9/Box/01 Border 01_248.asset using Guid(eaa439b861170fe44b7c79919e5a1553) Importer(2089858483,b0f066a214c2f5e87bad3c948f4d605d) (ScriptedImporter) -> (Import Result ID: 'bb6a1dbbc60c67c4085c14742490631c') in 0.0113051 seconds [static and dynamic dependencies]. Details - ImportResultOutputID=c3937ae04a5fa891a3f92f3adada09f4 DependenciesID=a0788a794b07e2c4f448e4ae8f2bff5c StaticDependenciesID=f6c9d712f5e7b9823af24d80d29416cf 
Number of updated asset objects reloaded before import = 0Number of asset objects unloaded after import = 2

========================================================================
Received Import Request.
  Time since last request: 0.000028 seconds.
  path: Assets/Scenes/Scene 9/Box/01 Border 01_179.asset
  importAddress: Guid(0a5c4d66f9e2e7341b6aa3c472ce36ec) Importer(2089858483,b0f066a214c2f5e87bad3c948f4d605d)
Start importing Assets/Scenes/Scene 9/Box/01 Border 01_179.asset using Guid(0a5c4d66f9e2e7341b6aa3c472ce36ec) Importer(2089858483,b0f066a214c2f5e87bad3c948f4d605d) (ScriptedImporter) -> (Import Result ID: 'ff4d8eb6a65729771eae727e34c98977') in 0.0111805 seconds [static and dynamic dependencies]. Details - ImportResultOutputID=0c43ecbeadc40e8849ecd460ab453222 DependenciesID=5e3b89cc04bb85859e5eedc01e0cf032 StaticDependenciesID=2f8bbf2fa1423c421c8e4566a1c034b8 
Number of updated asset objects reloaded before import = 0Number of asset objects unloaded after import = 2

========================================================================
Received Import Request.
  Time since last request: 0.000018 seconds.
  path: Assets/Scenes/Scene 9/Box/01 Border 01_76.asset
  importAddress: Guid(b3efe1b39032a9a42b99bfdaf2f77397) Importer(2089858483,b0f066a214c2f5e87bad3c948f4d605d)
Start importing Assets/Scenes/Scene 9/Box/01 Border 01_76.asset using Guid(b3efe1b39032a9a42b99bfdaf2f77397) Importer(2089858483,b0f066a214c2f5e87bad3c948f4d605d) (ScriptedImporter) -> (Import Result ID: 'efb0877d313dcd13c6d0d05c65741531') in 0.0126074 seconds [static and dynamic dependencies]. Details - ImportResultOutputID=9a3193ac9efa633cef5102fef5a0551e DependenciesID=16cfc262366e22ac3f88aafea587866a StaticDependenciesID=feca69b0da479f4bd9d3846ced0cb4fa 
Number of updated asset objects reloaded before import = 0Number of asset objects unloaded after import = 2

========================================================================
Received Import Request.
  Time since last request: 0.000019 seconds.
  path: Assets/Scenes/Scene 9/Box/01 Border 01_296.asset
  importAddress: Guid(f36babf2f0d778c4eb88b0449587832f) Importer(2089858483,b0f066a214c2f5e87bad3c948f4d605d)
Start importing Assets/Scenes/Scene 9/Box/01 Border 01_296.asset using Guid(f36babf2f0d778c4eb88b0449587832f) Importer(2089858483,b0f066a214c2f5e87bad3c948f4d605d) (ScriptedImporter) -> (Import Result ID: '6893c8a2f023037b8e23412add0837fb') in 0.0114428 seconds [static and dynamic dependencies]. Details - ImportResultOutputID=9f8c50c5d76a172432876e5ec200814d DependenciesID=b08eca6309411663b91aa92a8a037133 StaticDependenciesID=9da2fd35b2a0e734ae473bf7cfd35e9c 
Number of updated asset objects reloaded before import = 0Number of asset objects unloaded after import = 2

========================================================================
Received Import Request.
  Time since last request: 0.000026 seconds.
  path: Assets/Scenes/Scene 9/Box/01 Border 01_310.asset
  importAddress: Guid(e23c581c9c9efda4bbbcb6740eaad27b) Importer(2089858483,b0f066a214c2f5e87bad3c948f4d605d)
Start importing Assets/Scenes/Scene 9/Box/01 Border 01_310.asset using Guid(e23c581c9c9efda4bbbcb6740eaad27b) Importer(2089858483,b0f066a214c2f5e87bad3c948f4d605d) (ScriptedImporter) -> (Import Result ID: '5a40507095101ffb2e63adfec1ffacd0') in 0.012637 seconds [static and dynamic dependencies]. Details - ImportResultOutputID=0045acbf5799b0e342632b4bde853779 DependenciesID=499dfbcd0156fda749896e9807403fbc StaticDependenciesID=c77b521736f29d7ef48fe9574e34e61c 
Number of updated asset objects reloaded before import = 0Number of asset objects unloaded after import = 2

========================================================================
Received Import Request.
  Time since last request: 0.000048 seconds.
  path: Assets/Scenes/Scene 9/Box/01 Border 01_303.asset
  importAddress: Guid(5f43ecdf9f8f7744c918080e6996ebb6) Importer(2089858483,b0f066a214c2f5e87bad3c948f4d605d)
Start importing Assets/Scenes/Scene 9/Box/01 Border 01_303.asset using Guid(5f43ecdf9f8f7744c918080e6996ebb6) Importer(2089858483,b0f066a214c2f5e87bad3c948f4d605d) (ScriptedImporter) -> (Import Result ID: '0f6f155c47dc5cb7959cd84271a0ba09') in 0.0112746 seconds [static and dynamic dependencies]. Details - ImportResultOutputID=621706b78d4240221c83ea34e9cd855e DependenciesID=1dd8cd9c433747bb245466291c806804 StaticDependenciesID=195f8d8c1aed1b652cf30167c4de83cc 
Number of updated asset objects reloaded before import = 0Number of asset objects unloaded after import = 2

========================================================================
Received Import Request.
  Time since last request: 0.000026 seconds.
  path: Assets/Scenes/Scene 9/Box/01 Border 01_157.asset
  importAddress: Guid(2cb6f03ee416adf4c98562a75010a49e) Importer(2089858483,b0f066a214c2f5e87bad3c948f4d605d)
Start importing Assets/Scenes/Scene 9/Box/01 Border 01_157.asset using Guid(2cb6f03ee416adf4c98562a75010a49e) Importer(2089858483,b0f066a214c2f5e87bad3c948f4d605d) (ScriptedImporter) -> (Import Result ID: '1a51e28861791a4298ccdb478d4588af') in 0.0112271 seconds [static and dynamic dependencies]. Details - ImportResultOutputID=768ea2dd0829f4a3a50228967c0344f5 DependenciesID=e4624142fb1d6b28e7d9ea9918cc8a45 StaticDependenciesID=7c11cc21a99267d860e04647eca8aa29 
Number of updated asset objects reloaded before import = 0Number of asset objects unloaded after import = 2

========================================================================
Received Import Request.
  Time since last request: 0.000018 seconds.
  path: Assets/Scenes/Scene 9/Box/01 Border 01_184.asset
  importAddress: Guid(b15baa26e807f77478a60d51586de321) Importer(2089858483,b0f066a214c2f5e87bad3c948f4d605d)
Start importing Assets/Scenes/Scene 9/Box/01 Border 01_184.asset using Guid(b15baa26e807f77478a60d51586de321) Importer(2089858483,b0f066a214c2f5e87bad3c948f4d605d) (ScriptedImporter) -> (Import Result ID: 'b6fadef8c5205f0d679eaab5c0eeea8c') in 0.0114182 seconds [static and dynamic dependencies]. Details - ImportResultOutputID=25302652c82ff9070d70ec9441ee2758 DependenciesID=fe9b33aae6253faecf1becc32b8fe430 StaticDependenciesID=64eddb5e9f5ff61e3490b2911c73c3ba 
Number of updated asset objects reloaded before import = 0Number of asset objects unloaded after import = 2

========================================================================
Received Import Request.
  Time since last request: 0.000016 seconds.
  path: Assets/Scenes/Scene 9/Box/01 Border 01_223.asset
  importAddress: Guid(8fe781fef041d33448fee3c84ae12934) Importer(2089858483,b0f066a214c2f5e87bad3c948f4d605d)
Start importing Assets/Scenes/Scene 9/Box/01 Border 01_223.asset using Guid(8fe781fef041d33448fee3c84ae12934) Importer(2089858483,b0f066a214c2f5e87bad3c948f4d605d) (ScriptedImporter) -> (Import Result ID: 'da0c974487c55d432cab7dc6c76fd009') in 0.0119073 seconds [static and dynamic dependencies]. Details - ImportResultOutputID=74a654b6a8a0ac6ef2a81d19fb5e4d57 DependenciesID=871232be6da527000dd485d4db9e129e StaticDependenciesID=a30b83214ab2941ad8e6e0884b4e571d 
Number of updated asset objects reloaded before import = 0Number of asset objects unloaded after import = 2

========================================================================
Received Import Request.
  Time since last request: 0.000022 seconds.
  path: Assets/Scenes/Scene 9/Box/01 Border 01_54.asset
  importAddress: Guid(5a6acb755ad2bad4a9f12ba84e6daf25) Importer(2089858483,b0f066a214c2f5e87bad3c948f4d605d)
Start importing Assets/Scenes/Scene 9/Box/01 Border 01_54.asset using Guid(5a6acb755ad2bad4a9f12ba84e6daf25) Importer(2089858483,b0f066a214c2f5e87bad3c948f4d605d) (ScriptedImporter) -> (Import Result ID: '4f033a8a8b845acace83811f0101b579') in 0.0118645 seconds [static and dynamic dependencies]. Details - ImportResultOutputID=ac7369cf8727f423abeeeb43bcf58b2c DependenciesID=48d495e0646ac8f1dfbd6c545fbbf307 StaticDependenciesID=0a4a73cb4dc47b6b73253560628c7fa5 
Number of updated asset objects reloaded before import = 0Number of asset objects unloaded after import = 2

========================================================================
Received Import Request.
  Time since last request: 0.000030 seconds.
  path: Assets/Scenes/Scene 9/Box/01 Border 01_226.asset
  importAddress: Guid(712a56dfb4a42a549bd8fcd6d4f5b296) Importer(2089858483,b0f066a214c2f5e87bad3c948f4d605d)
Start importing Assets/Scenes/Scene 9/Box/01 Border 01_226.asset using Guid(712a56dfb4a42a549bd8fcd6d4f5b296) Importer(2089858483,b0f066a214c2f5e87bad3c948f4d605d) (ScriptedImporter) -> (Import Result ID: '2f6b38795b7d84dd5cde9559bac11e6c') in 0.012084 seconds [static and dynamic dependencies]. Details - ImportResultOutputID=a6f47b3404677d33b1f9186146a0b7cc DependenciesID=9a0a966a7b1b86c042c814c1074068b7 StaticDependenciesID=bd78baa620627b822bbe512e84b23b73 
Number of updated asset objects reloaded before import = 0Number of asset objects unloaded after import = 2

========================================================================
Received Import Request.
  Time since last request: 0.000015 seconds.
  path: Assets/Scenes/Scene 9/Box/01 Border 01_180.asset
  importAddress: Guid(f93dac1e463333640beac7c5f37594a4) Importer(2089858483,b0f066a214c2f5e87bad3c948f4d605d)
Start importing Assets/Scenes/Scene 9/Box/01 Border 01_180.asset using Guid(f93dac1e463333640beac7c5f37594a4) Importer(2089858483,b0f066a214c2f5e87bad3c948f4d605d) (ScriptedImporter) -> (Import Result ID: '0d71d8197804278705378b66ea83da0c') in 0.0107298 seconds [static and dynamic dependencies]. Details - ImportResultOutputID=6bf15b9e32bb4503b61aaea9e920c086 DependenciesID=a85db6a88dc3ab2d4319c1f7fc931238 StaticDependenciesID=693e56adaa22cb85d810d87b20671a31 
Number of updated asset objects reloaded before import = 0Number of asset objects unloaded after import = 2

========================================================================
Received Import Request.
  Time since last request: 0.000018 seconds.
  path: Assets/Scenes/Scene 9/Box/01 Border 01_110.asset
  importAddress: Guid(3686215a57301fc4a88e3e9d4278a3d7) Importer(2089858483,b0f066a214c2f5e87bad3c948f4d605d)
Start importing Assets/Scenes/Scene 9/Box/01 Border 01_110.asset using Guid(3686215a57301fc4a88e3e9d4278a3d7) Importer(2089858483,b0f066a214c2f5e87bad3c948f4d605d) (ScriptedImporter) -> (Import Result ID: '2c4c3ee0bff12a65815f59a1ad5ef0d7') in 0.011903 seconds [static and dynamic dependencies]. Details - ImportResultOutputID=c9d09cfd90f66d3eaafbfe7ab6734a5d DependenciesID=a5a0829cfb3c2729b63831ad3d3632f1 StaticDependenciesID=68530d888d78f98214977fddf9d352df 
Number of updated asset objects reloaded before import = 0Number of asset objects unloaded after import = 2

========================================================================
Received Import Request.
  Time since last request: 0.000017 seconds.
  path: Assets/Scenes/Scene 9/Box/01 Border 01_172.asset
  importAddress: Guid(72c3bff3cd9d9f44d93f814a47fa180d) Importer(2089858483,b0f066a214c2f5e87bad3c948f4d605d)
Start importing Assets/Scenes/Scene 9/Box/01 Border 01_172.asset using Guid(72c3bff3cd9d9f44d93f814a47fa180d) Importer(2089858483,b0f066a214c2f5e87bad3c948f4d605d) (ScriptedImporter) -> (Import Result ID: '7ade35f7e9e60ae7b1d153bb32c199b5') in 0.0110351 seconds [static and dynamic dependencies]. Details - ImportResultOutputID=3e6fd1080755afd77b2653f9a8040876 DependenciesID=e69edee24941564fecad4f83aeead97b StaticDependenciesID=96a1aac8f9cb78ae076e4556025dbe1e 
Number of updated asset objects reloaded before import = 0Number of asset objects unloaded after import = 2

========================================================================
Received Import Request.
  Time since last request: 0.000020 seconds.
  path: Assets/Scenes/Scene 9/Box/01 Border 01_51.asset
  importAddress: Guid(b9236814a2c6c9143837131da1c803f8) Importer(2089858483,b0f066a214c2f5e87bad3c948f4d605d)
Start importing Assets/Scenes/Scene 9/Box/01 Border 01_51.asset using Guid(b9236814a2c6c9143837131da1c803f8) Importer(2089858483,b0f066a214c2f5e87bad3c948f4d605d) (ScriptedImporter) -> (Import Result ID: 'ee18e118e0991ef2d2684142aaf0e08b') in 0.0122432 seconds [static and dynamic dependencies]. Details - ImportResultOutputID=6a2e417e629e98cf725ff8943e7b9f1e DependenciesID=c66314364de5c9c04d13c793c50b573d StaticDependenciesID=7d670c635185320b5b7087bbffc073f6 
Number of updated asset objects reloaded before import = 0Number of asset objects unloaded after import = 2

========================================================================
Received Import Request.
  Time since last request: 0.000030 seconds.
  path: Assets/Scenes/Scene 9/Box/01 Border 01_306.asset
  importAddress: Guid(65f66bdd9ae43eb409fecdc9789fe274) Importer(2089858483,b0f066a214c2f5e87bad3c948f4d605d)
Start importing Assets/Scenes/Scene 9/Box/01 Border 01_306.asset using Guid(65f66bdd9ae43eb409fecdc9789fe274) Importer(2089858483,b0f066a214c2f5e87bad3c948f4d605d) (ScriptedImporter) -> (Import Result ID: '0a6837dd7333ec178c182922d7e12d2c') in 0.012298 seconds [static and dynamic dependencies]. Details - ImportResultOutputID=6148d271bf6b164202418c5a63900eb7 DependenciesID=b8612b17997a427de71fee87a3875ff9 StaticDependenciesID=1d5c96139189f8559c0c97289f49f486 
Number of updated asset objects reloaded before import = 0Number of asset objects unloaded after import = 2

========================================================================
Received Import Request.
  Time since last request: 0.000017 seconds.
  path: Assets/Scenes/Scene 9/Box/01 Border 01_278.asset
  importAddress: Guid(4d414d53997b1554a8989689bcfc810d) Importer(2089858483,b0f066a214c2f5e87bad3c948f4d605d)
Start importing Assets/Scenes/Scene 9/Box/01 Border 01_278.asset using Guid(4d414d53997b1554a8989689bcfc810d) Importer(2089858483,b0f066a214c2f5e87bad3c948f4d605d) (ScriptedImporter) -> (Import Result ID: 'f11734ee2bcf0b4958a7239931cac7cb') in 0.0124885 seconds [static and dynamic dependencies]. Details - ImportResultOutputID=3fbf3a78b8c805d810c1c0a4b995c99c DependenciesID=8cdd0370eb9a0e42520f5cf57f027f37 StaticDependenciesID=7e169251a2212d0a7f6bda0840b4dd04 
Number of updated asset objects reloaded before import = 0Number of asset objects unloaded after import = 2

========================================================================
Received Import Request.
  Time since last request: 0.000018 seconds.
  path: Assets/Scenes/Scene 9/Box/01 Border 01_228.asset
  importAddress: Guid(d5101f738f6ef19439d4c60fc68cfb52) Importer(2089858483,b0f066a214c2f5e87bad3c948f4d605d)
Start importing Assets/Scenes/Scene 9/Box/01 Border 01_228.asset using Guid(d5101f738f6ef19439d4c60fc68cfb52) Importer(2089858483,b0f066a214c2f5e87bad3c948f4d605d) (ScriptedImporter) -> (Import Result ID: 'd95ce13dfb7efc8a35acda7771a7172a') in 0.0125325 seconds [static and dynamic dependencies]. Details - ImportResultOutputID=677c3cc395c6d5f53b2abdcd1fb06cb8 DependenciesID=bd860fefac36d94569e81c07c0953c77 StaticDependenciesID=abcf2859b2b57ef5640c74c8e92c763b 
Number of updated asset objects reloaded before import = 0Number of asset objects unloaded after import = 2

========================================================================
Received Import Request.
  Time since last request: 0.000018 seconds.
  path: Assets/Scenes/Scene 9/Box/01 Border 01_313.asset
  importAddress: Guid(fcdf3e39b81ef2b49b375e1e1e38b34c) Importer(2089858483,b0f066a214c2f5e87bad3c948f4d605d)
Start importing Assets/Scenes/Scene 9/Box/01 Border 01_313.asset using Guid(fcdf3e39b81ef2b49b375e1e1e38b34c) Importer(2089858483,b0f066a214c2f5e87bad3c948f4d605d) (ScriptedImporter) -> (Import Result ID: '3bcb04cb2144456e896ef1053bcecc96') in 0.0102051 seconds [static and dynamic dependencies]. Details - ImportResultOutputID=3e22852aabc0dca061140ebdcd4c9151 DependenciesID=5bf371a3c0442b9623c1350b07e153d7 StaticDependenciesID=11fd3a4fad72609899d69abb0594e19e 
Number of updated asset objects reloaded before import = 0Number of asset objects unloaded after import = 2

========================================================================
Received Import Request.
  Time since last request: 0.000019 seconds.
  path: Assets/Scenes/Scene 9/Box/01 Border 01_127.asset
  importAddress: Guid(93ce9db24140e474aa95fb8df864b0fa) Importer(2089858483,b0f066a214c2f5e87bad3c948f4d605d)
Start importing Assets/Scenes/Scene 9/Box/01 Border 01_127.asset using Guid(93ce9db24140e474aa95fb8df864b0fa) Importer(2089858483,b0f066a214c2f5e87bad3c948f4d605d) (ScriptedImporter) -> (Import Result ID: '6186439cbc3fec78236bb7767ecaebf9') in 0.011258 seconds [static and dynamic dependencies]. Details - ImportResultOutputID=2ec71ec2c8c34fd93b4b63caa82fe75d DependenciesID=354731a6cfeeed4ec60271e3a06d7897 StaticDependenciesID=3cc013a6d4d7591abc898d6847595b23 
Number of updated asset objects reloaded before import = 0Number of asset objects unloaded after import = 2

========================================================================
Received Import Request.
  Time since last request: 0.000026 seconds.
  path: Assets/Scenes/Scene 9/Box/01 Border 01_155.asset
  importAddress: Guid(65129bce078f51f4b942dd9df14c38e4) Importer(2089858483,b0f066a214c2f5e87bad3c948f4d605d)
Start importing Assets/Scenes/Scene 9/Box/01 Border 01_155.asset using Guid(65129bce078f51f4b942dd9df14c38e4) Importer(2089858483,b0f066a214c2f5e87bad3c948f4d605d) (ScriptedImporter) -> (Import Result ID: '0e0b4fb95e1a73c320eb4e6d1a44b9b6') in 0.010398 seconds [static and dynamic dependencies]. Details - ImportResultOutputID=653160a53359bad0761666a4eb6c7789 DependenciesID=963500e5c79ffa1353738586cd35e93f StaticDependenciesID=699b5138cfd3d9f9630f3b66ef425509 
Number of updated asset objects reloaded before import = 0Number of asset objects unloaded after import = 2

========================================================================
Received Import Request.
  Time since last request: 0.000014 seconds.
  path: Assets/Scenes/Scene 9/Box/01 Border 01_89.asset
  importAddress: Guid(586d5fddd5ad78b4a833965aa6bd8116) Importer(2089858483,b0f066a214c2f5e87bad3c948f4d605d)
Start importing Assets/Scenes/Scene 9/Box/01 Border 01_89.asset using Guid(586d5fddd5ad78b4a833965aa6bd8116) Importer(2089858483,b0f066a214c2f5e87bad3c948f4d605d) (ScriptedImporter) -> (Import Result ID: 'f7551d92cee173674993bc49f7be5c77') in 0.01067 seconds [static and dynamic dependencies]. Details - ImportResultOutputID=4c653fbdb17b07e79572f0752461c399 DependenciesID=c2f00facfb5bfcc4e527fb9ccf8941ed StaticDependenciesID=c274eb21b7b55ed8db1513e3d09aaf4b 
Number of updated asset objects reloaded before import = 0Number of asset objects unloaded after import = 2

========================================================================
Received Import Request.
  Time since last request: 0.000021 seconds.
  path: Assets/Scenes/Scene 9/Box/01 Border 01_209.asset
  importAddress: Guid(f300ad04454d8774288ee0ce2d9d91fc) Importer(2089858483,b0f066a214c2f5e87bad3c948f4d605d)
Start importing Assets/Scenes/Scene 9/Box/01 Border 01_209.asset using Guid(f300ad04454d8774288ee0ce2d9d91fc) Importer(2089858483,b0f066a214c2f5e87bad3c948f4d605d) (ScriptedImporter) -> (Import Result ID: '3deb331eb8c047c52c733b798633678d') in 0.0116227 seconds [static and dynamic dependencies]. Details - ImportResultOutputID=ad235ecd3dbcc0514daaa1ded1621c49 DependenciesID=500ab2ab159445426db89367cef417ec StaticDependenciesID=9ab8e10e2972c5f6123510ce006c7006 
Number of updated asset objects reloaded before import = 0Number of asset objects unloaded after import = 2

========================================================================
Received Import Request.
  Time since last request: 0.000017 seconds.
  path: Assets/Scenes/Scene 9/Box/01 Border 01_116.asset
  importAddress: Guid(83fa5874454168543bdb79aaa9b56455) Importer(2089858483,b0f066a214c2f5e87bad3c948f4d605d)
Start importing Assets/Scenes/Scene 9/Box/01 Border 01_116.asset using Guid(83fa5874454168543bdb79aaa9b56455) Importer(2089858483,b0f066a214c2f5e87bad3c948f4d605d) (ScriptedImporter) -> (Import Result ID: '8a3a8d042a8c34dba89013e88ef40f6c') in 0.0120439 seconds [static and dynamic dependencies]. Details - ImportResultOutputID=65b8698f278f942db741afd59e1fea28 DependenciesID=0fb8c4111df6575fee84628e89ca0bd7 StaticDependenciesID=ce3e8ce6aa2d0f2ce46b4817ca1d7f18 
Number of updated asset objects reloaded before import = 0Number of asset objects unloaded after import = 2

========================================================================
Received Import Request.
  Time since last request: 0.000021 seconds.
  path: Assets/Scenes/Scene 9/Box/01 Border 01_275.asset
  importAddress: Guid(e1a7e3e0d5b287f4b92919c0b1a6ad58) Importer(2089858483,b0f066a214c2f5e87bad3c948f4d605d)
Start importing Assets/Scenes/Scene 9/Box/01 Border 01_275.asset using Guid(e1a7e3e0d5b287f4b92919c0b1a6ad58) Importer(2089858483,b0f066a214c2f5e87bad3c948f4d605d) (ScriptedImporter) -> (Import Result ID: 'bed6dee7143761bfada8de9e7ae51944') in 0.0112687 seconds [static and dynamic dependencies]. Details - ImportResultOutputID=84bab691bfdf94d4b17c59c6c79dbfa6 DependenciesID=be6b6b82d9d71602f4bc870e323b805d StaticDependenciesID=bcad2cc97eb6cc0796c2925413723ca1 
Number of updated asset objects reloaded before import = 0Number of asset objects unloaded after import = 2

========================================================================
Received Import Request.
  Time since last request: 0.000027 seconds.
  path: Assets/Scenes/Scene 9/Box/01 Border 01_152.asset
  importAddress: Guid(c74e1b5800b6b8b479d0c5bba07eca88) Importer(2089858483,b0f066a214c2f5e87bad3c948f4d605d)
Start importing Assets/Scenes/Scene 9/Box/01 Border 01_152.asset using Guid(c74e1b5800b6b8b479d0c5bba07eca88) Importer(2089858483,b0f066a214c2f5e87bad3c948f4d605d) (ScriptedImporter) -> (Import Result ID: '94c5b7b7b2b03c0be16ea9a432374757') in 0.0116126 seconds [static and dynamic dependencies]. Details - ImportResultOutputID=a32e539e9856f2904f6685ee98467db0 DependenciesID=dfe06209c05e1f65fa7ed8213693784a StaticDependenciesID=91cf4406bc990963335c1be1b375da8b 
Number of updated asset objects reloaded before import = 0Number of asset objects unloaded after import = 2

========================================================================
Received Import Request.
  Time since last request: 0.000016 seconds.
  path: Assets/Scenes/Scene 9/Box/01 Border 01_237.asset
  importAddress: Guid(dd7b211a16ca1d64f888df1b54f91ab4) Importer(2089858483,b0f066a214c2f5e87bad3c948f4d605d)
Start importing Assets/Scenes/Scene 9/Box/01 Border 01_237.asset using Guid(dd7b211a16ca1d64f888df1b54f91ab4) Importer(2089858483,b0f066a214c2f5e87bad3c948f4d605d) (ScriptedImporter) -> (Import Result ID: '3e61ba22c5aeaa5c333c8065c1f724de') in 0.0126681 seconds [static and dynamic dependencies]. Details - ImportResultOutputID=2750f6c064dd250ce3f711baeac1aad3 DependenciesID=cd92708dbda0a3d086f59a7690f0d592 StaticDependenciesID=da684cad4d7b7c37d3abcfc9a0ecbd91 
Number of updated asset objects reloaded before import = 0Number of asset objects unloaded after import = 2

========================================================================
Received Import Request.
  Time since last request: 0.000015 seconds.
  path: Assets/Scenes/Scene 9/Box/01 Border 01_273.asset
  importAddress: Guid(5829b83df710a0d4896011605f6d2096) Importer(2089858483,b0f066a214c2f5e87bad3c948f4d605d)
Start importing Assets/Scenes/Scene 9/Box/01 Border 01_273.asset using Guid(5829b83df710a0d4896011605f6d2096) Importer(2089858483,b0f066a214c2f5e87bad3c948f4d605d) (ScriptedImporter) -> (Import Result ID: '55c31943af5428ded7ec933782a1c250') in 0.0107104 seconds [static and dynamic dependencies]. Details - ImportResultOutputID=3a368aa2e74af0862f5558a4e24f58b7 DependenciesID=1f8198be3a536410f7e522738b95ee00 StaticDependenciesID=1aaaf9c764c01c22a343b021a373b476 
Number of updated asset objects reloaded before import = 0Number of asset objects unloaded after import = 2

========================================================================
Received Import Request.
  Time since last request: 0.000019 seconds.
  path: Assets/Scenes/Scene 9/Box/01 Border 01_28.asset
  importAddress: Guid(069c12ab2fb1d1d4dbd487aca500242c) Importer(2089858483,b0f066a214c2f5e87bad3c948f4d605d)
Start importing Assets/Scenes/Scene 9/Box/01 Border 01_28.asset using Guid(069c12ab2fb1d1d4dbd487aca500242c) Importer(2089858483,b0f066a214c2f5e87bad3c948f4d605d) (ScriptedImporter) -> (Import Result ID: 'c6f2aa5bfb7b2e67e12aa4291e0b152d') in 0.0166752 seconds [static and dynamic dependencies]. Details - ImportResultOutputID=238652acf2fb9ff1f8ac220f6320c5ed DependenciesID=d2d7384ac6267b2d4ce260af931541a2 StaticDependenciesID=de4b72b1fc981fd3ce1f101f6f1dd581 
Number of updated asset objects reloaded before import = 0Number of asset objects unloaded after import = 2

========================================================================
Received Import Request.
  Time since last request: 0.000020 seconds.
  path: Assets/Scenes/Scene 9/Box/01 Border 01_164.asset
  importAddress: Guid(211989bb95c83694bb13a82dc02e628b) Importer(2089858483,b0f066a214c2f5e87bad3c948f4d605d)
Start importing Assets/Scenes/Scene 9/Box/01 Border 01_164.asset using Guid(211989bb95c83694bb13a82dc02e628b) Importer(2089858483,b0f066a214c2f5e87bad3c948f4d605d) (ScriptedImporter) -> (Import Result ID: '7eae9fa93cfc66ec4fdc27b07d546f27') in 0.0116049 seconds [static and dynamic dependencies]. Details - ImportResultOutputID=1eb21938838b15af16ed41d07d6329d8 DependenciesID=9a6845c7f9dac00b1d4090c18f36305a StaticDependenciesID=1467954b223ecf1ec9106aa9ceb30b35 
Number of updated asset objects reloaded before import = 0Number of asset objects unloaded after import = 2

========================================================================
Received Import Request.
  Time since last request: 0.000025 seconds.
  path: Assets/Scenes/Scene 9/Box/01 Border 01_192.asset
  importAddress: Guid(b32728bbd930ead45b87bac82d884374) Importer(2089858483,b0f066a214c2f5e87bad3c948f4d605d)
Start importing Assets/Scenes/Scene 9/Box/01 Border 01_192.asset using Guid(b32728bbd930ead45b87bac82d884374) Importer(2089858483,b0f066a214c2f5e87bad3c948f4d605d) (ScriptedImporter) -> (Import Result ID: '011b2b6a3e1e209c9da06b98be566ec8') in 0.0113998 seconds [static and dynamic dependencies]. Details - ImportResultOutputID=5f1b250f44e46f33866e3ed82edabb8a DependenciesID=644cb6891d90f074081c55de7affc8c2 StaticDependenciesID=37827c4c35749c3ecb1ab5a687e44d83 
Number of updated asset objects reloaded before import = 0Number of asset objects unloaded after import = 2

Editor requested this worker to shutdown with reason: Scaling down because of idle timeout
AssetImportWorker is now disconnected from the server
Process exiting
Exiting without the bug reporter. Application will terminate with return code 0