[Licensing::Module] Trying to connect to existing licensing client channel...
Built from '6000.4/staging' branch; Version is '6000.4.3f1 (39d1a88d4dd1) revision 3789224'; Using compiler version '194234433'; Build Type 'Release'
[Licensing::IpcConnector] Successfully connected to: "LicenseClient-lGSlwrdGkxYXN0oPzUTKQ" at "2026-05-14T08:42:38.7419654Z"
OS: 'Windows 11  (10.0.26200) Professional' Language: 'en' Physical Memory: 16310 MB
BatchMode: 1, IsHumanControllingUs: 0, StartBugReporterOnCrash: 0, Is64bit: 1
System  architecture: x64
Process architecture: x64
Date: 2026-05-14T08:42:38Z

COMMAND LINE ARGUMENTS:
C:\Program Files\Unity\Hub\Editor\6000.4.3f1\Editor\Unity.exe
-adb2
-batchMode
-noUpm
-name
AssetImportWorker12
-projectPath
C:/Users/tyron/Documents/Games/LBYHFINAL/lbyhfinal
-logFile
Logs/AssetImportWorker12.log
-srvPort
50268
-licensingIpc
LicenseClient-lGSlwrdGkxYXN0oPzUTKQ
-force-d3d12
-job-worker-count
7
-background-job-worker-count
8
-gc-helper-count
1
-name
AssetImport
Successfully changed project path to: C:/Users/tyron/Documents/Games/LBYHFINAL/lbyhfinal
C:/Users/tyron/Documents/Games/LBYHFINAL/lbyhfinal
[UnityMemory] Configuration Parameters - Can be set up in boot.config
    "memorysetup-temp-allocator-size-gi-baking-worker=262144"
    "memorysetup-temp-allocator-size-gi-baking-worker=262144"
    "memorysetup-temp-allocator-size-gi-baking-worker=262144"
    "memorysetup-temp-allocator-size-gi-baking-worker=262144"
    "memorysetup-temp-allocator-size-gi-baking-worker=262144"
    "memorysetup-temp-allocator-size-nav-mesh-worker=65536"
    "memorysetup-temp-allocator-size-audio-worker=65536"
    "memorysetup-temp-allocator-size-cloud-worker=32768"
    "memorysetup-temp-allocator-size-gfx=262144"
    "memorysetup-temp-allocator-size-preload-manager=33554432"
    "memorysetup-temp-allocator-size-job-worker=262144"
    "memorysetup-temp-allocator-size-background-worker=32768"
    "memorysetup-allocator-temp-initial-block-size-main=262144"
    "memorysetup-allocator-temp-initial-block-size-worker=262144"
    "memorysetup-bucket-allocator-granularity=16"
    "memorysetup-bucket-allocator-bucket-count=8"
    "memorysetup-bucket-allocator-block-size=33554432"
    "memorysetup-bucket-allocator-block-count=8"
    "memorysetup-main-allocator-block-size=16777216"
    "memorysetup-thread-allocator-block-size=16777216"
    "memorysetup-gfx-main-allocator-block-size=16777216"
    "memorysetup-gfx-thread-allocator-block-size=16777216"
    "memorysetup-cache-allocator-block-size=4194304"
    "memorysetup-typetree-allocator-block-size=2097152"
    "memorysetup-profiler-bucket-allocator-granularity=16"
    "memorysetup-profiler-bucket-allocator-bucket-count=8"
    "memorysetup-profiler-bucket-allocator-block-size=33554432"
    "memorysetup-profiler-bucket-allocator-block-count=8"
    "memorysetup-profiler-allocator-block-size=16777216"
    "memorysetup-profiler-editor-allocator-block-size=1048576"
    "memorysetup-temp-allocator-size-main=16777216"
    "memorysetup-job-temp-allocator-block-size=2097152"
    "memorysetup-job-temp-allocator-block-size-background=1048576"
    "memorysetup-job-temp-allocator-reduction-small-platforms=262144"
Player connection [15896]  Target information:

Player connection [15896]  * "[IP] 192.168.254.104 [Port] 0 [Flags] 2 [Guid] 2969667667 [EditorId] 2969667667 [Version] 1048832 [Id] WindowsEditor(7,DESKTOP-2216JCP) [Debug] 1 [PackageName] WindowsEditor [ProjectName] Editor" 

Player connection [15896] Host joined multi-casting on [225.0.0.222:54997]...
Player connection [15896] Host joined alternative multi-casting on [225.0.0.222:34997]...
JobSystem: Creating JobQueue using job-worker-count value 7
Input System module state changed to: Initialized.
[Physics::Module] Initialized fallback backend.
[Physics::Module] Id: 0xdecafbad
Library Redirect Path: Library/
Default GameObject BitMask: UI already registered
[Physics::Module] Selected backend.
[Physics::Module] Name: PhysX
[Physics::Module] Id: 0xf2b8ea05
[Physics::Module] SDK Version: 4.1.2
[Physics::Module] Integration Version: 1.0.0
[Physics::Module] Threading Mode: Multi-Threaded
Refreshing native plugins compatible for Editor in 4.74 ms, found 4 plugins.
Initialize engine version: 6000.4.3f1 (39d1a88d4dd1)
[Subsystems] Discovering subsystems at path C:/Program Files/Unity/Hub/Editor/6000.4.3f1/Editor/Data/Resources/UnitySubsystems
[Subsystems] Discovering subsystems at path C:/Users/tyron/Documents/Games/LBYHFINAL/lbyhfinal/Assets
Forcing GfxDevice: Direct3D 12
GfxDevice: creating device client; kGfxThreadingModeNonThreaded
d3d12: failed to query info queue interface (0x80004002).
Direct3D:
    Version:         Direct3D 12 [level 12.2]
    Renderer:        NVIDIA GeForce RTX 3060 (ID=0x2504)
    Vendor:          NVIDIA
    VRAM:            12115 MB
    App VRAM Budget: 11347 MB
    Driver:          32.0.15.8157
Initialize mono
Mono path[0] = 'C:/Program Files/Unity/Hub/Editor/6000.4.3f1/Editor/Data/Managed'
Mono path[1] = 'C:/Program Files/Unity/Hub/Editor/6000.4.3f1/Editor/Data/MonoBleedingEdge/lib/mono/unityjit-win32'
Mono config path = 'C:/Program Files/Unity/Hub/Editor/6000.4.3f1/Editor/Data/MonoBleedingEdge/etc'
Using monoOptions --debugger-agent=transport=dt_socket,embedding=1,server=y,suspend=n,address=127.0.0.1:56784
CodeReloadManager initialized
Begin MonoManager ReloadAssembly
[Licensing::Client] Error: HandshakeResponse reported an error:
	ResponseCode: 505
	ResponseStatus: Unsupported protocol version '1.18.1'.
[Licensing::Module] Error: Failed to handshake to channel: "LicenseClient-lGSlwrdGkxYXN0oPzUTKQ"
[Licensing::IpcConnector] LicenseClient-lGSlwrdGkxYXN0oPzUTKQ channel disconnected successfully.
[Licensing::IpcConnector] Successfully connected to: "LicenseClient-tyron-6000.4.3" at "2026-05-14T08:42:39.8188607Z"
Registering precompiled unity dll's ...
Register platform support module: C:/Program Files/Unity/Hub/Editor/6000.4.3f1/Editor/Data/PlaybackEngines/WindowsStandaloneSupport/UnityEditor.WindowsStandalone.Extensions.dll
Registered in 0.003053 seconds.
Native extension for WindowsStandalone target not found
Package Manager log level set to [2]
[Package Manager] Failed to launch server process. Reason: Unity was launched with the -noUpm command-line argument
[Package Manager] Unable to send message (not connected to server process).
[Package Manager] Cannot connect to Unity Package Manager local server
ScheduleIndexationOnStartup MainProcess:False IndexOnStartup:True
Mono: successfully reloaded assembly
- Finished resetting the current domain, in  0.470 seconds
Domain Reload Profiling: 961ms
	BeginReloadAssembly (140ms)
	RebuildCommonClasses (46ms)
	RebuildNativeTypeToScriptingClass (15ms)
	initialDomainReloadingComplete (77ms)
	LoadAllAssembliesAndSetupDomain (213ms)
		LoadAssemblies (136ms)
		AnalyzeDomain (203ms)
			TypeCache.Refresh (202ms)
				TypeCache.ScanAssembly (185ms)
	FinalizeReload (472ms)
		SetupLoadedEditorAssemblies (0ms)
			InitializePlatformSupportModulesInManaged (54ms)
			BeforeProcessingInitializeOnLoad (102ms)
			ProcessInitializeOnLoadAttributes (137ms)
			ProcessInitializeOnLoadMethodAttributes (97ms)
Assembly reference Packages/com.unity.cinemachine/Editor/Samples/ExposeHDRPInternals/HDRP-Editor-ref.asmref has no target assembly definition
========================================================================
Worker process is ready to serve import requests
Import Worker Mode flag is 0x00
[Licensing::Client] Handshaking with LicensingClient:
  Version:                 1.18.1+9fbee8e
  Session Id:              a6587ae28c7f432b8dc7f16b62d0de55
  Correlation Id:          832d4ae8ad3a86fa7efb02ad09b60376
  External correlation Id: 2352426143051993478
  Machine Id:              8s6LdPVFeVL+JPPIymwroRPXaRk=
[Licensing::Module] Successfully connected to LicensingClient on channel: "LicenseClient-tyron-6000.4.3" (connect: 0.00s, validation: 0.00s, handshake: 1.05s)
[Licensing::IpcConnector] Successfully connected to: "LicenseClient-tyron-6000.4.3-notifications" at "2026-05-14T08:42:40.8695704Z"
[Licensing::Module] Licensing Background thread has ended after 2.13s
Assembly reference Packages/com.unity.cinemachine/Editor/Samples/ExposeHDRPInternals/HDRP-Editor-ref.asmref has no target assembly definition
Assembly reference Packages/com.unity.cinemachine/Editor/Samples/ExposeHDRPInternals/HDRP-Editor-ref.asmref has no target assembly definition
Begin MonoManager ReloadAssembly
[Licensing::Client] Successfully resolved entitlement details
[Licensing::Module] License group:
  Id: 18968330311373-UnityPersXXXX
  Product: Unity Personal
  Type: Assigned
  Expiration: Unlimited
Assembly Assembly-CSharp-Editor-firstpass.dll at Library/ScriptAssemblies/Assembly-CSharp-Editor-firstpass.dll not valid. Loading of assembly skipped.
Assembly Assembly-CSharp-Editor.dll at Library/ScriptAssemblies/Assembly-CSharp-Editor.dll not valid. Loading of assembly skipped.
Assembly Assembly-CSharp-firstpass.dll at Library/ScriptAssemblies/Assembly-CSharp-firstpass.dll not valid. Loading of assembly skipped.
Assembly DocCodeExamples.dll at Library/ScriptAssemblies/DocCodeExamples.dll not valid. Loading of assembly skipped.
Assembly TestNewCustomAssembly.dll at Library/ScriptAssemblies/TestNewCustomAssembly.dll not valid. Loading of assembly skipped.
Assembly Unity.2D.Animation.EditorTests.dll at Library/ScriptAssemblies/Unity.2D.Animation.EditorTests.dll not valid. Loading of assembly skipped.
Assembly Unity.2D.Common.EditorTests.dll at Library/ScriptAssemblies/Unity.2D.Common.EditorTests.dll not valid. Loading of assembly skipped.
Assembly Unity.2D.PixelPerfect.Editor.Tests.dll at Library/ScriptAssemblies/Unity.2D.PixelPerfect.Editor.Tests.dll not valid. Loading of assembly skipped.
Assembly Unity.2D.Psdimporter.EditorTests.dll at Library/ScriptAssemblies/Unity.2D.Psdimporter.EditorTests.dll not valid. Loading of assembly skipped.
Assembly Unity.2D.Sprite.Package.EditorTests.dll at Library/ScriptAssemblies/Unity.2D.Sprite.Package.EditorTests.dll not valid. Loading of assembly skipped.
Assembly Unity.2D.SpriteShape.EditorTests.dll at Library/ScriptAssemblies/Unity.2D.SpriteShape.EditorTests.dll not valid. Loading of assembly skipped.
Assembly Unity.2D.Tilemap.Package.EditorTests.dll at Library/ScriptAssemblies/Unity.2D.Tilemap.Package.EditorTests.dll not valid. Loading of assembly skipped.
Assembly Unity.Collections.BurstCompatibilityGen.dll at Library/ScriptAssemblies/Unity.Collections.BurstCompatibilityGen.dll not valid. Loading of assembly skipped.
Assembly Unity.Collections.DocCodeSamples.dll at Library/ScriptAssemblies/Unity.Collections.DocCodeSamples.dll not valid. Loading of assembly skipped.
Assembly Unity.Collections.PerformanceTests.dll at Library/ScriptAssemblies/Unity.Collections.PerformanceTests.dll not valid. Loading of assembly skipped.
Assembly Unity.Collections.Tests.dll at Library/ScriptAssemblies/Unity.Collections.Tests.dll not valid. Loading of assembly skipped.
Assembly Unity.Collections.Tests.Playmode.dll at Library/ScriptAssemblies/Unity.Collections.Tests.Playmode.dll not valid. Loading of assembly skipped.
Assembly Unity.Mathematics.Tests.dll at Library/ScriptAssemblies/Unity.Mathematics.Tests.dll not valid. Loading of assembly skipped.
Assembly Unity.Multiplayer.Center.Editor.Tests.dll at Library/ScriptAssemblies/Unity.Multiplayer.Center.Editor.Tests.dll not valid. Loading of assembly skipped.
Assembly Unity.Multiplayer.Center.Tests.dll at Library/ScriptAssemblies/Unity.Multiplayer.Center.Tests.dll not valid. Loading of assembly skipped.
Assembly Unity.Nuget.Mono-Cecil.dll at Library/ScriptAssemblies/Unity.Nuget.Mono-Cecil.dll not valid. Loading of assembly skipped.
Assembly Unity.PathTracing.Editor.Tests.dll at Library/ScriptAssemblies/Unity.PathTracing.Editor.Tests.dll not valid. Loading of assembly skipped.
Assembly Unity.PathTracing.Runtime.Tests.dll at Library/ScriptAssemblies/Unity.PathTracing.Runtime.Tests.dll not valid. Loading of assembly skipped.
Assembly Unity.RenderPipelines.Core.Editor.Tests.dll at Library/ScriptAssemblies/Unity.RenderPipelines.Core.Editor.Tests.dll not valid. Loading of assembly skipped.
Assembly Unity.RenderPipelines.Core.Runtime.Tests.dll at Library/ScriptAssemblies/Unity.RenderPipelines.Core.Runtime.Tests.dll not valid. Loading of assembly skipped.
Assembly Unity.RenderPipelines.Universal.Config.Editor.Tests.dll at Library/ScriptAssemblies/Unity.RenderPipelines.Universal.Config.Editor.Tests.dll not valid. Loading of assembly skipped.
Assembly Unity.RenderPipelines.Universal.Editor.Tests.dll at Library/ScriptAssemblies/Unity.RenderPipelines.Universal.Editor.Tests.dll not valid. Loading of assembly skipped.
Assembly Unity.RenderPipelines.Universal.Runtime.Tests.dll at Library/ScriptAssemblies/Unity.RenderPipelines.Universal.Runtime.Tests.dll not valid. Loading of assembly skipped.
Assembly Unity.Searcher.EditorTests.dll at Library/ScriptAssemblies/Unity.Searcher.EditorTests.dll not valid. Loading of assembly skipped.
Assembly Unity.Settings.Tests.dll at Library/ScriptAssemblies/Unity.Settings.Tests.dll not valid. Loading of assembly skipped.
Assembly Unity.ShaderGraph.Editor.Tests.dll at Library/ScriptAssemblies/Unity.ShaderGraph.Editor.Tests.dll not valid. Loading of assembly skipped.
Assembly Unity.TextMeshPro.Editor.Tests.dll at Library/ScriptAssemblies/Unity.TextMeshPro.Editor.Tests.dll not valid. Loading of assembly skipped.
Assembly Unity.TextMeshPro.Tests.dll at Library/ScriptAssemblies/Unity.TextMeshPro.Tests.dll not valid. Loading of assembly skipped.
Assembly Unity.UnifiedRayTracing.Editor.Tests.dll at Library/ScriptAssemblies/Unity.UnifiedRayTracing.Editor.Tests.dll not valid. Loading of assembly skipped.
Assembly UnityEditor.UI.Common.Tests.dll at Library/ScriptAssemblies/UnityEditor.UI.Common.Tests.dll not valid. Loading of assembly skipped.
Assembly UnityEditor.UI.EditorTests.dll at Library/ScriptAssemblies/UnityEditor.UI.EditorTests.dll not valid. Loading of assembly skipped.
Assembly UnityEngine.UI.Tests.dll at Library/ScriptAssemblies/UnityEngine.UI.Tests.dll not valid. Loading of assembly skipped.
Assembly reference Packages/com.unity.cinemachine/Editor/Samples/ExposeHDRPInternals/HDRP-Editor-ref.asmref has no target assembly definition
'Packages/com.unity.cinemachine/Editor/Obsolete/CinemachineVirtualCameraBaseEditor.cs' contains partial class of Unity.Object, exactly 1 of the partial classes needs to be in a file with the same filename. This is to know the one that can be referenced from ie. GameObjects
'Packages/com.unity.cinemachine/Editor/Editors/CinemachineVirtualCameraBaseEditor.cs' contains partial class of Unity.Object, exactly 1 of the partial classes needs to be in a file with the same filename. This is to know the one that can be referenced from ie. GameObjects
Refreshing native plugins compatible for Editor in 2.16 ms, found 4 plugins.
Native extension for WindowsStandalone target not found
Assembly reference Packages/com.unity.cinemachine/Editor/Samples/ExposeHDRPInternals/HDRP-Editor-ref.asmref has no target assembly definition
[Package Manager] Failed to launch server process. Reason: Unity was launched with the -noUpm command-line argument
[Package Manager] Unable to send message (not connected to server process).
[Package Manager] Cannot connect to Unity Package Manager local server
[Package Manager] Failed to launch server process. Reason: Unity was launched with the -noUpm command-line argument
[Package Manager] Unable to send message (not connected to server process).
[Package Manager] Cannot connect to Unity Package Manager local server
[Package Manager] Failed to launch server process. Reason: Unity was launched with the -noUpm command-line argument
[Package Manager] Unable to send message (not connected to server process).
[Package Manager] Cannot connect to Unity Package Manager local server
Refreshing native plugins compatible for Editor in 3.03 ms, found 4 plugins.
ScheduleIndexationOnStartup MainProcess:False IndexOnStartup:True
Mono: successfully reloaded assembly
- Finished resetting the current domain, in  1.072 seconds
Domain Reload Profiling: 2001ms
	BeginReloadAssembly (202ms)
		DisableScriptedObjects (7ms)
		CreateAndSetChildDomain (34ms)
	RebuildCommonClasses (43ms)
	RebuildNativeTypeToScriptingClass (16ms)
	initialDomainReloadingComplete (86ms)
	LoadAllAssembliesAndSetupDomain (581ms)
		LoadAssemblies (418ms)
		AnalyzeDomain (267ms)
			TypeCache.Refresh (183ms)
				TypeCache.ScanAssembly (166ms)
			BuildScriptInfoCaches (71ms)
			ResolveRequiredComponents (12ms)
	FinalizeReload (1073ms)
		SetupLoadedEditorAssemblies (0ms)
			BeforeProcessingInitializeOnLoad (176ms)
			ProcessInitializeOnLoadAttributes (533ms)
			ProcessInitializeOnLoadMethodAttributes (168ms)
			AfterProcessingInitializeOnLoad (9ms)
		AwakeInstancesAfterBackupRestoration (7ms)
Default GameObject BitMask: UI already registered
Launched and connected shader compiler UnityShaderCompiler.exe after 0.01 seconds
Refreshing native plugins compatible for Editor in 2.82 ms, found 4 plugins.
Unloading 25 Unused Serialized files (Serialized files now loaded: 0)
Unloading 5665 unused Assets / (5.7 MB). Loaded Objects now: 6536.
Memory consumption went from 177.8 MB to 172.1 MB.
Total: 8.927200 ms (FindLiveObjects: 0.733400 ms CreateObjectMapping: 0.332300 ms MarkObjects: 5.734200 ms  DeleteObjects: 2.124900 ms)

========================================================================
Received Import Request.
  Time since last request: 3997.785031 seconds.
  path: Assets/Scenes/Scene 9/Box/01 Border 01_217.asset
  importAddress: Guid(2ad00f465770ff84e9a88378f4b2175a) Importer(2089858483,b0f066a214c2f5e87bad3c948f4d605d)
Start importing Assets/Scenes/Scene 9/Box/01 Border 01_217.asset using Guid(2ad00f465770ff84e9a88378f4b2175a) Importer(2089858483,b0f066a214c2f5e87bad3c948f4d605d) (ScriptedImporter) -> (Import Result ID: '20135919880f0c646c8787b66b94c51d') in 0.1096642 seconds [static and dynamic dependencies]. Details - ImportResultOutputID=e667a270b27ec185b37d58742dc738d7 DependenciesID=0ab3e39dce2640c80d9c2d0e8ef42089 StaticDependenciesID=d1e0e3e0b7a6a643362fc1616b8e24f0 
Number of updated asset objects reloaded before import = 0Number of asset objects unloaded after import = 2

========================================================================
Received Import Request.
  Time since last request: 0.000020 seconds.
  path: Assets/Scenes/Scene 9/Box/01 Border 01_170.asset
  importAddress: Guid(b22f536a2a79fff4f8dfaf1b451dd98c) Importer(2089858483,b0f066a214c2f5e87bad3c948f4d605d)
Start importing Assets/Scenes/Scene 9/Box/01 Border 01_170.asset using Guid(b22f536a2a79fff4f8dfaf1b451dd98c) Importer(2089858483,b0f066a214c2f5e87bad3c948f4d605d) (ScriptedImporter) -> (Import Result ID: '429afdd5a9c9d812bd308121cfc863ff') in 0.0132819 seconds [static and dynamic dependencies]. Details - ImportResultOutputID=9bd9983b7f7d5d91f0a0ac04bb49fbe0 DependenciesID=3d689fefd1a6d69af347098c3a35f90f StaticDependenciesID=baae442da3a936f738149f2cb7152731 
Number of updated asset objects reloaded before import = 0Number of asset objects unloaded after import = 2

========================================================================
Received Import Request.
  Time since last request: 0.000023 seconds.
  path: Assets/Scenes/Scene 9/Box/01 Border 01_31.asset
  importAddress: Guid(f96a66abf333d4d4eac9a8d88d65c631) Importer(2089858483,b0f066a214c2f5e87bad3c948f4d605d)
Start importing Assets/Scenes/Scene 9/Box/01 Border 01_31.asset using Guid(f96a66abf333d4d4eac9a8d88d65c631) Importer(2089858483,b0f066a214c2f5e87bad3c948f4d605d) (ScriptedImporter) -> (Import Result ID: '1083eafc3a073b96270b8bf8ae93d6b8') in 0.0125022 seconds [static and dynamic dependencies]. Details - ImportResultOutputID=029a4a7bbc211c91bcd0115f7465771f DependenciesID=be1ab6d65da32653fb8cb0b4aaf89448 StaticDependenciesID=89148dbd7b90d1de6d2e0cef55843fec 
Number of updated asset objects reloaded before import = 0Number of asset objects unloaded after import = 2

========================================================================
Received Import Request.
  Time since last request: 0.000039 seconds.
  path: Assets/Scenes/Scene 9/Box/01 Border 01_251.asset
  importAddress: Guid(86f15841456c94b498c4f18a46ce2168) Importer(2089858483,b0f066a214c2f5e87bad3c948f4d605d)
Start importing Assets/Scenes/Scene 9/Box/01 Border 01_251.asset using Guid(86f15841456c94b498c4f18a46ce2168) Importer(2089858483,b0f066a214c2f5e87bad3c948f4d605d) (ScriptedImporter) -> (Import Result ID: '757d7ce8fcbfc897ccd5a7011d5c2f39') in 0.0111858 seconds [static and dynamic dependencies]. Details - ImportResultOutputID=32a6e7e14db38547d38a9d465c93a205 DependenciesID=d977baf26352cb8e94dd77555847df9e StaticDependenciesID=abd4794945ffa022b6a16dd90c9b470f 
Number of updated asset objects reloaded before import = 0Number of asset objects unloaded after import = 2

========================================================================
Received Import Request.
  Time since last request: 0.000016 seconds.
  path: Assets/Scenes/Scene 9/Box/01 Border 01_307.asset
  importAddress: Guid(6e4a92ba11a5d7a4a9dec777572158ba) Importer(2089858483,b0f066a214c2f5e87bad3c948f4d605d)
Start importing Assets/Scenes/Scene 9/Box/01 Border 01_307.asset using Guid(6e4a92ba11a5d7a4a9dec777572158ba) Importer(2089858483,b0f066a214c2f5e87bad3c948f4d605d) (ScriptedImporter) -> (Import Result ID: 'd5d71914856c0b676a7212bd427e0353') in 0.0131823 seconds [static and dynamic dependencies]. Details - ImportResultOutputID=93f8d22431a35de4462b3dea2a9b7ca4 DependenciesID=6ed3a41756e0e2c53e0fe78de59e4e75 StaticDependenciesID=27e25cac0072b256d45131233f73e36b 
Number of updated asset objects reloaded before import = 0Number of asset objects unloaded after import = 2

========================================================================
Received Import Request.
  Time since last request: 0.000062 seconds.
  path: Assets/Scenes/Scene 9/Box/01 Border 01_21.asset
  importAddress: Guid(673e7c963859e1c42a76fd7e89486cd8) Importer(2089858483,b0f066a214c2f5e87bad3c948f4d605d)
Start importing Assets/Scenes/Scene 9/Box/01 Border 01_21.asset using Guid(673e7c963859e1c42a76fd7e89486cd8) Importer(2089858483,b0f066a214c2f5e87bad3c948f4d605d) (ScriptedImporter) -> (Import Result ID: '025b232f1da533ba51cd8cc3f2fb501e') in 0.0122225 seconds [static and dynamic dependencies]. Details - ImportResultOutputID=c3e6937be5445575eeec4da1853d19b0 DependenciesID=c2b5be1aed7c4e0e576f7a10ad315516 StaticDependenciesID=6ea9407e532ef96d24ac55fe17f25eeb 
Number of updated asset objects reloaded before import = 0Number of asset objects unloaded after import = 2

========================================================================
Received Import Request.
  Time since last request: 0.000018 seconds.
  path: Assets/Scenes/Scene 9/Box/01 Border 01_205.asset
  importAddress: Guid(c11a83bdfea9b774da3afa150afa691a) Importer(2089858483,b0f066a214c2f5e87bad3c948f4d605d)
Start importing Assets/Scenes/Scene 9/Box/01 Border 01_205.asset using Guid(c11a83bdfea9b774da3afa150afa691a) Importer(2089858483,b0f066a214c2f5e87bad3c948f4d605d) (ScriptedImporter) -> (Import Result ID: 'aae59d3cb8f29a3d82bdd8eeb62f8d24') in 0.0153084 seconds [static and dynamic dependencies]. Details - ImportResultOutputID=4fb588c4af970cedc905628d85cfb362 DependenciesID=57b0075bccb9ae04067343d2989971ed StaticDependenciesID=539336b1fb75c3b03d7138ce017aad90 
Number of updated asset objects reloaded before import = 0Number of asset objects unloaded after import = 2

========================================================================
Received Import Request.
  Time since last request: 0.000036 seconds.
  path: Assets/Scenes/Scene 9/Box/01 Border 01_173.asset
  importAddress: Guid(aa5617788b79742448c879fd3bce97e0) Importer(2089858483,b0f066a214c2f5e87bad3c948f4d605d)
Start importing Assets/Scenes/Scene 9/Box/01 Border 01_173.asset using Guid(aa5617788b79742448c879fd3bce97e0) Importer(2089858483,b0f066a214c2f5e87bad3c948f4d605d) (ScriptedImporter) -> (Import Result ID: '8421f897526f871f43ad3510edfba5cb') in 0.0124036 seconds [static and dynamic dependencies]. Details - ImportResultOutputID=9dfb5c3c9a282e00e5f2875c8f8257b6 DependenciesID=216ca1514a81f8f53a1472b137282743 StaticDependenciesID=22ebf7b4e86403a5bbf883926f7015aa 
Number of updated asset objects reloaded before import = 0Number of asset objects unloaded after import = 2

========================================================================
Received Import Request.
  Time since last request: 0.000030 seconds.
  path: Assets/Scenes/Scene 9/Box/01 Border 01_124.asset
  importAddress: Guid(503ab5e065ff499458fd80f969afe71a) Importer(2089858483,b0f066a214c2f5e87bad3c948f4d605d)
Start importing Assets/Scenes/Scene 9/Box/01 Border 01_124.asset using Guid(503ab5e065ff499458fd80f969afe71a) Importer(2089858483,b0f066a214c2f5e87bad3c948f4d605d) (ScriptedImporter) -> (Import Result ID: '7f4adee9da97546a8c5d773c5f533db3') in 0.0134005 seconds [static and dynamic dependencies]. Details - ImportResultOutputID=0e2464f83f5c37ab9b8dc2f47cec32d8 DependenciesID=b49cc514370e534025ec3dbcabe348fe StaticDependenciesID=99d623fdc39257b5ec3c2da057d88a19 
Number of updated asset objects reloaded before import = 0Number of asset objects unloaded after import = 2

========================================================================
Received Import Request.
  Time since last request: 0.000019 seconds.
  path: Assets/Scenes/Scene 9/Box/01 Border 01_128.asset
  importAddress: Guid(01f62094f59adcd4498acaf447ab9795) Importer(2089858483,b0f066a214c2f5e87bad3c948f4d605d)
Start importing Assets/Scenes/Scene 9/Box/01 Border 01_128.asset using Guid(01f62094f59adcd4498acaf447ab9795) Importer(2089858483,b0f066a214c2f5e87bad3c948f4d605d) (ScriptedImporter) -> (Import Result ID: '0c669e62004f11f9f25080d0b7d19025') in 0.0124433 seconds [static and dynamic dependencies]. Details - ImportResultOutputID=f0e4df0fff513658f65e56e5a14d8248 DependenciesID=5452a4cc02126535ae9ab3d1b40f61df StaticDependenciesID=1dd5b2cfd41c2a900ed6160b8d378a2a 
Number of updated asset objects reloaded before import = 0Number of asset objects unloaded after import = 2

========================================================================
Received Import Request.
  Time since last request: 0.000016 seconds.
  path: Assets/Scenes/Scene 9/Box/01 Border 01_276.asset
  importAddress: Guid(c40520b8ec7075a45a9ceffa3991f476) Importer(2089858483,b0f066a214c2f5e87bad3c948f4d605d)
Start importing Assets/Scenes/Scene 9/Box/01 Border 01_276.asset using Guid(c40520b8ec7075a45a9ceffa3991f476) Importer(2089858483,b0f066a214c2f5e87bad3c948f4d605d) (ScriptedImporter) -> (Import Result ID: '76e15168fd5b7b265f5a33235fb311f5') in 0.0120031 seconds [static and dynamic dependencies]. Details - ImportResultOutputID=c461dd478333fb990415546bd318e5c8 DependenciesID=81f206e80fd6749e04c4b26a49415de5 StaticDependenciesID=a3d68ae137f5818c2f4aad774354a649 
Number of updated asset objects reloaded before import = 0Number of asset objects unloaded after import = 2

========================================================================
Received Import Request.
  Time since last request: 0.000019 seconds.
  path: Assets/Scenes/Scene 9/Box/01 Border 01_297.asset
  importAddress: Guid(6618806c16c85f94d8ebed9e1a88d0ce) Importer(2089858483,b0f066a214c2f5e87bad3c948f4d605d)
Start importing Assets/Scenes/Scene 9/Box/01 Border 01_297.asset using Guid(6618806c16c85f94d8ebed9e1a88d0ce) Importer(2089858483,b0f066a214c2f5e87bad3c948f4d605d) (ScriptedImporter) -> (Import Result ID: 'fb1348b1c63747bc4ff50764963719c4') in 0.0142773 seconds [static and dynamic dependencies]. Details - ImportResultOutputID=05f3ca4552843ece56009b0f3743da90 DependenciesID=a4946e3d6915cba27acaaeeac69aab75 StaticDependenciesID=68e681b77c1634eafd1ad5d9dfbaf4ba 
Number of updated asset objects reloaded before import = 0Number of asset objects unloaded after import = 2

========================================================================
Received Import Request.
  Time since last request: 0.000035 seconds.
  path: Assets/Scenes/Scene 9/Box/01 Border 01_204.asset
  importAddress: Guid(11de717916ab0ba4f9fca0b43b1d5736) Importer(2089858483,b0f066a214c2f5e87bad3c948f4d605d)
Start importing Assets/Scenes/Scene 9/Box/01 Border 01_204.asset using Guid(11de717916ab0ba4f9fca0b43b1d5736) Importer(2089858483,b0f066a214c2f5e87bad3c948f4d605d) (ScriptedImporter) -> (Import Result ID: '74c826acbe17d4ad89a24b397e4819d3') in 0.0116953 seconds [static and dynamic dependencies]. Details - ImportResultOutputID=cf19d3533fbae0799b83a2c63f74c35e DependenciesID=aea548d5abce67299d58e845527d07e8 StaticDependenciesID=50e03e01bfcc6ad8bd279586b6ac4e20 
Number of updated asset objects reloaded before import = 0Number of asset objects unloaded after import = 2

========================================================================
Received Import Request.
  Time since last request: 0.000021 seconds.
  path: Assets/Scenes/Scene 9/Box/01 Border 01_250.asset
  importAddress: Guid(8588e2764a46fdf4a9084fffe4f6b193) Importer(2089858483,b0f066a214c2f5e87bad3c948f4d605d)
Start importing Assets/Scenes/Scene 9/Box/01 Border 01_250.asset using Guid(8588e2764a46fdf4a9084fffe4f6b193) Importer(2089858483,b0f066a214c2f5e87bad3c948f4d605d) (ScriptedImporter) -> (Import Result ID: 'e61a72236e7c07352b964dd044a0c7be') in 0.0104011 seconds [static and dynamic dependencies]. Details - ImportResultOutputID=6fece877dfb466766d57cc5bc2234610 DependenciesID=f9cca88ffb4b49f75736c06abf9c1425 StaticDependenciesID=cd0a8c8055ebb8be1b706e94efcca08f 
Number of updated asset objects reloaded before import = 0Number of asset objects unloaded after import = 2

========================================================================
Received Import Request.
  Time since last request: 0.000016 seconds.
  path: Assets/Scenes/Scene 9/Box/01 Border 01_63.asset
  importAddress: Guid(a48c6e1af8a7f0b40a6171797238efa7) Importer(2089858483,b0f066a214c2f5e87bad3c948f4d605d)
Start importing Assets/Scenes/Scene 9/Box/01 Border 01_63.asset using Guid(a48c6e1af8a7f0b40a6171797238efa7) Importer(2089858483,b0f066a214c2f5e87bad3c948f4d605d) (ScriptedImporter) -> (Import Result ID: '7a15b91d15112b221386be30f8ab0cdf') in 0.0115248 seconds [static and dynamic dependencies]. Details - ImportResultOutputID=a69133d06d65e19d5e5bebd10004811d DependenciesID=6750c8429d8f4fa89df2ee0810e5111f StaticDependenciesID=a94baca178caa1e46696eff9d7365201 
Number of updated asset objects reloaded before import = 0Number of asset objects unloaded after import = 2

========================================================================
Received Import Request.
  Time since last request: 0.000016 seconds.
  path: Assets/Scenes/Scene 9/Box/01 Border 01_240.asset
  importAddress: Guid(2c939eb47367dfa47b2cecf91d2f5dad) Importer(2089858483,b0f066a214c2f5e87bad3c948f4d605d)
Start importing Assets/Scenes/Scene 9/Box/01 Border 01_240.asset using Guid(2c939eb47367dfa47b2cecf91d2f5dad) Importer(2089858483,b0f066a214c2f5e87bad3c948f4d605d) (ScriptedImporter) -> (Import Result ID: '248691892aa62c07eb3493d3fbfcce89') in 0.0107751 seconds [static and dynamic dependencies]. Details - ImportResultOutputID=b2b96f918abd47ee5682f437ee89fd54 DependenciesID=c6a36e06c290704aa0268f51e9af94d4 StaticDependenciesID=45735ebac13dd2f27634f835fa432d6a 
Number of updated asset objects reloaded before import = 0Number of asset objects unloaded after import = 2

========================================================================
Received Import Request.
  Time since last request: 0.000026 seconds.
  path: Assets/Scenes/Scene 9/Box/01 Border 01_263.asset
  importAddress: Guid(8409e9825f70f6f4ab927269a4c6265e) Importer(2089858483,b0f066a214c2f5e87bad3c948f4d605d)
Start importing Assets/Scenes/Scene 9/Box/01 Border 01_263.asset using Guid(8409e9825f70f6f4ab927269a4c6265e) Importer(2089858483,b0f066a214c2f5e87bad3c948f4d605d) (ScriptedImporter) -> (Import Result ID: '5224e9b3eb1df7f5fb5d85f1f2f99a50') in 0.0104496 seconds [static and dynamic dependencies]. Details - ImportResultOutputID=593524e76ed23ac93993a8a67476a543 DependenciesID=da77122f687f592ee94695a5a58b7038 StaticDependenciesID=72e9661584bbeb118d17cce94ef66706 
Number of updated asset objects reloaded before import = 0Number of asset objects unloaded after import = 2

========================================================================
Received Import Request.
  Time since last request: 0.000022 seconds.
  path: Assets/Scenes/Scene 9/Box/01 Border 01_84.asset
  importAddress: Guid(6b6d6ba9c3ddd6048a57c11f75a1128e) Importer(2089858483,b0f066a214c2f5e87bad3c948f4d605d)
Start importing Assets/Scenes/Scene 9/Box/01 Border 01_84.asset using Guid(6b6d6ba9c3ddd6048a57c11f75a1128e) Importer(2089858483,b0f066a214c2f5e87bad3c948f4d605d) (ScriptedImporter) -> (Import Result ID: '67aecc9a9ec12da86e032dcad87e73c9') in 0.0111542 seconds [static and dynamic dependencies]. Details - ImportResultOutputID=4b7d8a79f002481de31ba87d443b5de0 DependenciesID=79828695ac6fae6278dc5e8bfe1d5ff5 StaticDependenciesID=65ce96a018c3f482cabb7ceff8a320f4 
Number of updated asset objects reloaded before import = 0Number of asset objects unloaded after import = 2

========================================================================
Received Import Request.
  Time since last request: 0.000013 seconds.
  path: Assets/Scenes/Scene 9/Box/01 Border 01_80.asset
  importAddress: Guid(6edf4d5fd99c4f44a970faac13157f1a) Importer(2089858483,b0f066a214c2f5e87bad3c948f4d605d)
Start importing Assets/Scenes/Scene 9/Box/01 Border 01_80.asset using Guid(6edf4d5fd99c4f44a970faac13157f1a) Importer(2089858483,b0f066a214c2f5e87bad3c948f4d605d) (ScriptedImporter) -> (Import Result ID: '14002d04f1b8a09b43572d8f48c3ee24') in 0.0108497 seconds [static and dynamic dependencies]. Details - ImportResultOutputID=f55290da71e618300f50f883d8783839 DependenciesID=93b97f766605646456f84005159b10a8 StaticDependenciesID=3770e7e28263c9927b267748d0aa3359 
Number of updated asset objects reloaded before import = 0Number of asset objects unloaded after import = 2

========================================================================
Received Import Request.
  Time since last request: 0.000015 seconds.
  path: Assets/Scenes/Scene 9/Box/01 Border 01_242.asset
  importAddress: Guid(6e89a082d33d15143bfe9c4eebaf091e) Importer(2089858483,b0f066a214c2f5e87bad3c948f4d605d)
Start importing Assets/Scenes/Scene 9/Box/01 Border 01_242.asset using Guid(6e89a082d33d15143bfe9c4eebaf091e) Importer(2089858483,b0f066a214c2f5e87bad3c948f4d605d) (ScriptedImporter) -> (Import Result ID: 'd247bfab82d75a0ccb763420afab82d8') in 0.0109961 seconds [static and dynamic dependencies]. Details - ImportResultOutputID=d929fa339e2520899cb479bbaff37f43 DependenciesID=9527b1a711cc8f4f597b62d03ce3715e StaticDependenciesID=c27cf8aebd01df23a322d7130d9d4a01 
Number of updated asset objects reloaded before import = 0Number of asset objects unloaded after import = 2

========================================================================
Received Import Request.
  Time since last request: 0.000019 seconds.
  path: Assets/Scenes/Scene 9/Box/01 Border 01_156.asset
  importAddress: Guid(0c0afa7c47ccdf144b6a613def07a849) Importer(2089858483,b0f066a214c2f5e87bad3c948f4d605d)
Start importing Assets/Scenes/Scene 9/Box/01 Border 01_156.asset using Guid(0c0afa7c47ccdf144b6a613def07a849) Importer(2089858483,b0f066a214c2f5e87bad3c948f4d605d) (ScriptedImporter) -> (Import Result ID: 'd2c62f15f67ce4d0a614f4f62c5253af') in 0.011217 seconds [static and dynamic dependencies]. Details - ImportResultOutputID=cb41b73b46bfef898062e0bb5955d611 DependenciesID=cc937868e5f64795f21e1dd34f477b17 StaticDependenciesID=eec61ca96c35e610c61430f2082a62fc 
Number of updated asset objects reloaded before import = 0Number of asset objects unloaded after import = 2

========================================================================
Received Import Request.
  Time since last request: 0.000018 seconds.
  path: Assets/Scenes/Scene 9/Box/01 Border 01_123.asset
  importAddress: Guid(0684b8361eceac543979db944cb6b029) Importer(2089858483,b0f066a214c2f5e87bad3c948f4d605d)
Start importing Assets/Scenes/Scene 9/Box/01 Border 01_123.asset using Guid(0684b8361eceac543979db944cb6b029) Importer(2089858483,b0f066a214c2f5e87bad3c948f4d605d) (ScriptedImporter) -> (Import Result ID: 'e2b8eb03336ae1b635789a2366d93dd5') in 0.0137679 seconds [static and dynamic dependencies]. Details - ImportResultOutputID=eddb6930b1b1c8fb98e79acc427240ad DependenciesID=fe3fbcdba4de619820d0b08604b85771 StaticDependenciesID=27149f69b54d65b2c03ecbfca81a34db 
Number of updated asset objects reloaded before import = 0Number of asset objects unloaded after import = 2

========================================================================
Received Import Request.
  Time since last request: 0.000032 seconds.
  path: Assets/Scenes/Scene 9/Box/01 Border 01_129.asset
  importAddress: Guid(b6dda3a956fef2b45a5884d729558851) Importer(2089858483,b0f066a214c2f5e87bad3c948f4d605d)
Start importing Assets/Scenes/Scene 9/Box/01 Border 01_129.asset using Guid(b6dda3a956fef2b45a5884d729558851) Importer(2089858483,b0f066a214c2f5e87bad3c948f4d605d) (ScriptedImporter) -> (Import Result ID: 'e339bb578790363434e8c2d935715bc4') in 0.0116966 seconds [static and dynamic dependencies]. Details - ImportResultOutputID=eb583589ba85272761594e11efee6a5c DependenciesID=48a0f40dc3af183b0f77796c60177690 StaticDependenciesID=afe0ed0eddce8358c6ffaac100ce2b75 
Number of updated asset objects reloaded before import = 0Number of asset objects unloaded after import = 2

========================================================================
Received Import Request.
  Time since last request: 0.000018 seconds.
  path: Assets/Scenes/Scene 9/Box/01 Border 01_139.asset
  importAddress: Guid(e4198c5e58bc7004bb9379557e10d2fb) Importer(2089858483,b0f066a214c2f5e87bad3c948f4d605d)
Start importing Assets/Scenes/Scene 9/Box/01 Border 01_139.asset using Guid(e4198c5e58bc7004bb9379557e10d2fb) Importer(2089858483,b0f066a214c2f5e87bad3c948f4d605d) (ScriptedImporter) -> (Import Result ID: '06e9a46a7467dc3f94250c6f9421e2da') in 0.012209 seconds [static and dynamic dependencies]. Details - ImportResultOutputID=fc1758e9f484f529254304a95083d829 DependenciesID=a460d14cc0fbdf2fea4a85f16f6ebf2f StaticDependenciesID=c855eb5076f516cc3a412aeb242c6c90 
Number of updated asset objects reloaded before import = 0Number of asset objects unloaded after import = 2

========================================================================
Received Import Request.
  Time since last request: 0.000017 seconds.
  path: Assets/Scenes/Scene 9/Box/01 Border 01_279.asset
  importAddress: Guid(47eefb52c36042049a783eb9e884fd15) Importer(2089858483,b0f066a214c2f5e87bad3c948f4d605d)
Start importing Assets/Scenes/Scene 9/Box/01 Border 01_279.asset using Guid(47eefb52c36042049a783eb9e884fd15) Importer(2089858483,b0f066a214c2f5e87bad3c948f4d605d) (ScriptedImporter) -> (Import Result ID: '059406d5e9339d0a0c7383ee215b7757') in 0.0119007 seconds [static and dynamic dependencies]. Details - ImportResultOutputID=c47f81551535b11db7bef64742e1ce51 DependenciesID=1a61ec72e780cb109058daba2d16445f StaticDependenciesID=82e759f3f7987e5fdd856134ce0082c8 
Number of updated asset objects reloaded before import = 0Number of asset objects unloaded after import = 2

========================================================================
Received Import Request.
  Time since last request: 0.000022 seconds.
  path: Assets/Scenes/Scene 9/Box/01 Border 01_151.asset
  importAddress: Guid(5420b1fe40e5df940b57a33c9010ac1d) Importer(2089858483,b0f066a214c2f5e87bad3c948f4d605d)
Start importing Assets/Scenes/Scene 9/Box/01 Border 01_151.asset using Guid(5420b1fe40e5df940b57a33c9010ac1d) Importer(2089858483,b0f066a214c2f5e87bad3c948f4d605d) (ScriptedImporter) -> (Import Result ID: '3abbe879b0a883586456e07f6309d9fb') in 0.0128842 seconds [static and dynamic dependencies]. Details - ImportResultOutputID=aa71ba3baa0799d5de6e0520beeaf1af DependenciesID=912930d29ad74c8b717ac8e6b1b92c9d StaticDependenciesID=6941f5594d783ff0abe645e1f5e3b831 
Number of updated asset objects reloaded before import = 0Number of asset objects unloaded after import = 2

========================================================================
Received Import Request.
  Time since last request: 0.000024 seconds.
  path: Assets/Scenes/Scene 9/Box/01 Border 01_154.asset
  importAddress: Guid(dbc906201755ef44d8dcc8dc66b2e5e1) Importer(2089858483,b0f066a214c2f5e87bad3c948f4d605d)
Start importing Assets/Scenes/Scene 9/Box/01 Border 01_154.asset using Guid(dbc906201755ef44d8dcc8dc66b2e5e1) Importer(2089858483,b0f066a214c2f5e87bad3c948f4d605d) (ScriptedImporter) -> (Import Result ID: 'bb3777f867e8faa57700381a4bfae77c') in 0.0112765 seconds [static and dynamic dependencies]. Details - ImportResultOutputID=aa93a1ab74c709f3a80f53d897158930 DependenciesID=44fca3000f7143cd55a7f3058ac52fca StaticDependenciesID=09b3c193375c3b7919b539c4eb890e8a 
Number of updated asset objects reloaded before import = 0Number of asset objects unloaded after import = 2

========================================================================
Received Import Request.
  Time since last request: 0.000027 seconds.
  path: Assets/Scenes/Scene 9/Box/01 Border 01_70.asset
  importAddress: Guid(960f7ae52303a4549ba0fb1a9ab453c7) Importer(2089858483,b0f066a214c2f5e87bad3c948f4d605d)
Start importing Assets/Scenes/Scene 9/Box/01 Border 01_70.asset using Guid(960f7ae52303a4549ba0fb1a9ab453c7) Importer(2089858483,b0f066a214c2f5e87bad3c948f4d605d) (ScriptedImporter) -> (Import Result ID: 'ebc5d00398e3645724d76618d10ba209') in 0.0129608 seconds [static and dynamic dependencies]. Details - ImportResultOutputID=208e39566636df393bd3897965662c9f DependenciesID=9075ff1f3dc3cdf737ae8e1b228edecd StaticDependenciesID=93832a1ce157b829c17714dc6bd46438 
Number of updated asset objects reloaded before import = 0Number of asset objects unloaded after import = 2

========================================================================
Received Import Request.
  Time since last request: 0.000015 seconds.
  path: Assets/Scenes/Scene 9/Box/01 Border 01_241.asset
  importAddress: Guid(9deef471ee9aecb49b8f76bf1f7a19d9) Importer(2089858483,b0f066a214c2f5e87bad3c948f4d605d)
Start importing Assets/Scenes/Scene 9/Box/01 Border 01_241.asset using Guid(9deef471ee9aecb49b8f76bf1f7a19d9) Importer(2089858483,b0f066a214c2f5e87bad3c948f4d605d) (ScriptedImporter) -> (Import Result ID: '1bd9231edd5473b668122dd2c472d39c') in 0.0114345 seconds [static and dynamic dependencies]. Details - ImportResultOutputID=12545f3926ea4befd208f84d65dc3533 DependenciesID=76ea15d698bc9e5511443942474af0f3 StaticDependenciesID=ac0f85fdc87ff62143ec7e464a33404a 
Number of updated asset objects reloaded before import = 0Number of asset objects unloaded after import = 2

========================================================================
Received Import Request.
  Time since last request: 0.000019 seconds.
  path: Assets/Scenes/Scene 9/Box/01 Border 01_272.asset
  importAddress: Guid(fea543c5c0089044ea384779537db70b) Importer(2089858483,b0f066a214c2f5e87bad3c948f4d605d)
Start importing Assets/Scenes/Scene 9/Box/01 Border 01_272.asset using Guid(fea543c5c0089044ea384779537db70b) Importer(2089858483,b0f066a214c2f5e87bad3c948f4d605d) (ScriptedImporter) -> (Import Result ID: 'a7af74ab03d91e6d654ac93b61cbd63e') in 0.0112412 seconds [static and dynamic dependencies]. Details - ImportResultOutputID=8387882a5a240a3401ea39619fc702c5 DependenciesID=3249c4c25db844c456e1a801ddd6e98d StaticDependenciesID=189fd334978b2a8b0245f6576ddf74aa 
Number of updated asset objects reloaded before import = 0Number of asset objects unloaded after import = 2

========================================================================
Received Import Request.
  Time since last request: 0.000019 seconds.
  path: Assets/Scenes/Scene 9/Box/01 Border 01_62.asset
  importAddress: Guid(0f33c0cabf605534ea3415a08a70a6d4) Importer(2089858483,b0f066a214c2f5e87bad3c948f4d605d)
Start importing Assets/Scenes/Scene 9/Box/01 Border 01_62.asset using Guid(0f33c0cabf605534ea3415a08a70a6d4) Importer(2089858483,b0f066a214c2f5e87bad3c948f4d605d) (ScriptedImporter) -> (Import Result ID: '70f1c6cbedac417bc0ee5171f5a9ab4f') in 0.0126703 seconds [static and dynamic dependencies]. Details - ImportResultOutputID=c0cb27ba6dfde55b18cb97368add3d94 DependenciesID=e595ed10bacb8a6ae06d396dac012e0c StaticDependenciesID=779a0dc542747c2e5434ec280811ecff 
Number of updated asset objects reloaded before import = 0Number of asset objects unloaded after import = 2

========================================================================
Received Import Request.
  Time since last request: 0.000027 seconds.
  path: Assets/Scenes/Scene 9/Box/01 Border 01_243.asset
  importAddress: Guid(d99fe5b8bb989aa4baced8e320b9fc21) Importer(2089858483,b0f066a214c2f5e87bad3c948f4d605d)
Start importing Assets/Scenes/Scene 9/Box/01 Border 01_243.asset using Guid(d99fe5b8bb989aa4baced8e320b9fc21) Importer(2089858483,b0f066a214c2f5e87bad3c948f4d605d) (ScriptedImporter) -> (Import Result ID: 'b1722159646d025f746cc33055c03a46') in 0.0116725 seconds [static and dynamic dependencies]. Details - ImportResultOutputID=7b8726430a59abe1e63b488a676fccc4 DependenciesID=0fe12afe5468e690b916fea4720dd8fa StaticDependenciesID=628b3d6af407418fa12d00bf7a0ee0e0 
Number of updated asset objects reloaded before import = 0Number of asset objects unloaded after import = 2

========================================================================
Received Import Request.
  Time since last request: 0.000016 seconds.
  path: Assets/Scenes/Scene 9/Box/01 Border 01_268.asset
  importAddress: Guid(8ca9dfce588dc1f4cbbe3a42eff055c2) Importer(2089858483,b0f066a214c2f5e87bad3c948f4d605d)
Start importing Assets/Scenes/Scene 9/Box/01 Border 01_268.asset using Guid(8ca9dfce588dc1f4cbbe3a42eff055c2) Importer(2089858483,b0f066a214c2f5e87bad3c948f4d605d) (ScriptedImporter) -> (Import Result ID: 'cdff9e2f66d2afd686d109a20f97dccd') in 0.0104178 seconds [static and dynamic dependencies]. Details - ImportResultOutputID=ab9367dbb85e958862d68f8d6b109d55 DependenciesID=9f7bb0e9ebaa0d790bb1abfaf39f807d StaticDependenciesID=39ce981a5fbcec6a655e242509eeacc2 
Number of updated asset objects reloaded before import = 0Number of asset objects unloaded after import = 2

========================================================================
Received Import Request.
  Time since last request: 0.000014 seconds.
  path: Assets/Scenes/Scene 9/Box/01 Border 01_133.asset
  importAddress: Guid(25097a745a7971a4d9735f263b4d1b6a) Importer(2089858483,b0f066a214c2f5e87bad3c948f4d605d)
Start importing Assets/Scenes/Scene 9/Box/01 Border 01_133.asset using Guid(25097a745a7971a4d9735f263b4d1b6a) Importer(2089858483,b0f066a214c2f5e87bad3c948f4d605d) (ScriptedImporter) -> (Import Result ID: '14eff2d1affbcd83ef8aed406670fd96') in 0.0099478 seconds [static and dynamic dependencies]. Details - ImportResultOutputID=dd9e8384015c263c9ccc2c579a3389a2 DependenciesID=72f59bcf378f1b25d0f95bfb6b3c5cb5 StaticDependenciesID=da06a1fce7e92926ad1f3ab5b1e7471e 
Number of updated asset objects reloaded before import = 0Number of asset objects unloaded after import = 2

========================================================================
Received Import Request.
  Time since last request: 0.000018 seconds.
  path: Assets/Scenes/Scene 9/Box/01 Border 01_308.asset
  importAddress: Guid(110c05fa0bb873f4ca838780b5001fdb) Importer(2089858483,b0f066a214c2f5e87bad3c948f4d605d)
Start importing Assets/Scenes/Scene 9/Box/01 Border 01_308.asset using Guid(110c05fa0bb873f4ca838780b5001fdb) Importer(2089858483,b0f066a214c2f5e87bad3c948f4d605d) (ScriptedImporter) -> (Import Result ID: '8db65760d30dd0a8a19833d6e8cf78d2') in 0.0130872 seconds [static and dynamic dependencies]. Details - ImportResultOutputID=133735c7f980bf158858c64e77dd2539 DependenciesID=732dd2786a175ff750122b7153136850 StaticDependenciesID=4bbfb474cc6c43bc0c95c3aed0fc454d 
Number of updated asset objects reloaded before import = 0Number of asset objects unloaded after import = 2

========================================================================
Received Import Request.
  Time since last request: 0.000019 seconds.
  path: Assets/Scenes/Scene 9/Box/01 Border 01_299.asset
  importAddress: Guid(c4c4c117676e2aa4a88ff3066626f986) Importer(2089858483,b0f066a214c2f5e87bad3c948f4d605d)
Start importing Assets/Scenes/Scene 9/Box/01 Border 01_299.asset using Guid(c4c4c117676e2aa4a88ff3066626f986) Importer(2089858483,b0f066a214c2f5e87bad3c948f4d605d) (ScriptedImporter) -> (Import Result ID: 'c07a476b89d01681bc7de425365b8030') in 0.0108839 seconds [static and dynamic dependencies]. Details - ImportResultOutputID=863cc19d6a0b1353544e32c2f592a090 DependenciesID=824af6ba875bd9215c650a7b58d0ad0d StaticDependenciesID=25eacd12db5e61eeb1476c144aecee3d 
Number of updated asset objects reloaded before import = 0Number of asset objects unloaded after import = 2

========================================================================
Received Import Request.
  Time since last request: 0.000027 seconds.
  path: Assets/Scenes/Scene 9/Box/01 Border 01_185.asset
  importAddress: Guid(8f423833d9a7b374eaf064741257deb7) Importer(2089858483,b0f066a214c2f5e87bad3c948f4d605d)
Start importing Assets/Scenes/Scene 9/Box/01 Border 01_185.asset using Guid(8f423833d9a7b374eaf064741257deb7) Importer(2089858483,b0f066a214c2f5e87bad3c948f4d605d) (ScriptedImporter) -> (Import Result ID: '3d665b324f94cb8e42267c90cdd42df9') in 0.012421 seconds [static and dynamic dependencies]. Details - ImportResultOutputID=24d1cf65c133e9dbccd19bde040299fa DependenciesID=1d3519612d18caadb58de70a077fac85 StaticDependenciesID=d5944d721781df3a78feabc778019e07 
Number of updated asset objects reloaded before import = 0Number of asset objects unloaded after import = 2

========================================================================
Received Prepare
Default GameObject BitMask: UI already registered
Assembly reference Packages/com.unity.cinemachine/Editor/Samples/ExposeHDRPInternals/HDRP-Editor-ref.asmref has no target assembly definition
Assembly reference Packages/com.unity.cinemachine/Editor/Samples/ExposeHDRPInternals/HDRP-Editor-ref.asmref has no target assembly definition
Begin MonoManager ReloadAssembly
[Licensing::Client] Successfully resolved entitlement details
Assembly Assembly-CSharp-Editor-firstpass.dll at Library/ScriptAssemblies/Assembly-CSharp-Editor-firstpass.dll not valid. Loading of assembly skipped.
Assembly Assembly-CSharp-Editor.dll at Library/ScriptAssemblies/Assembly-CSharp-Editor.dll not valid. Loading of assembly skipped.
Assembly Assembly-CSharp-firstpass.dll at Library/ScriptAssemblies/Assembly-CSharp-firstpass.dll not valid. Loading of assembly skipped.
Assembly DocCodeExamples.dll at Library/ScriptAssemblies/DocCodeExamples.dll not valid. Loading of assembly skipped.
Assembly TestNewCustomAssembly.dll at Library/ScriptAssemblies/TestNewCustomAssembly.dll not valid. Loading of assembly skipped.
Assembly Unity.2D.Animation.EditorTests.dll at Library/ScriptAssemblies/Unity.2D.Animation.EditorTests.dll not valid. Loading of assembly skipped.
Assembly Unity.2D.Common.EditorTests.dll at Library/ScriptAssemblies/Unity.2D.Common.EditorTests.dll not valid. Loading of assembly skipped.
Assembly Unity.2D.PixelPerfect.Editor.Tests.dll at Library/ScriptAssemblies/Unity.2D.PixelPerfect.Editor.Tests.dll not valid. Loading of assembly skipped.
Assembly Unity.2D.Psdimporter.EditorTests.dll at Library/ScriptAssemblies/Unity.2D.Psdimporter.EditorTests.dll not valid. Loading of assembly skipped.
Assembly Unity.2D.Sprite.Package.EditorTests.dll at Library/ScriptAssemblies/Unity.2D.Sprite.Package.EditorTests.dll not valid. Loading of assembly skipped.
Assembly Unity.2D.SpriteShape.EditorTests.dll at Library/ScriptAssemblies/Unity.2D.SpriteShape.EditorTests.dll not valid. Loading of assembly skipped.
Assembly Unity.2D.Tilemap.Package.EditorTests.dll at Library/ScriptAssemblies/Unity.2D.Tilemap.Package.EditorTests.dll not valid. Loading of assembly skipped.
Assembly Unity.Collections.BurstCompatibilityGen.dll at Library/ScriptAssemblies/Unity.Collections.BurstCompatibilityGen.dll not valid. Loading of assembly skipped.
Assembly Unity.Collections.DocCodeSamples.dll at Library/ScriptAssemblies/Unity.Collections.DocCodeSamples.dll not valid. Loading of assembly skipped.
Assembly Unity.Collections.PerformanceTests.dll at Library/ScriptAssemblies/Unity.Collections.PerformanceTests.dll not valid. Loading of assembly skipped.
Assembly Unity.Collections.Tests.dll at Library/ScriptAssemblies/Unity.Collections.Tests.dll not valid. Loading of assembly skipped.
Assembly Unity.Collections.Tests.Playmode.dll at Library/ScriptAssemblies/Unity.Collections.Tests.Playmode.dll not valid. Loading of assembly skipped.
Assembly Unity.Mathematics.Tests.dll at Library/ScriptAssemblies/Unity.Mathematics.Tests.dll not valid. Loading of assembly skipped.
Assembly Unity.Multiplayer.Center.Editor.Tests.dll at Library/ScriptAssemblies/Unity.Multiplayer.Center.Editor.Tests.dll not valid. Loading of assembly skipped.
Assembly Unity.Multiplayer.Center.Tests.dll at Library/ScriptAssemblies/Unity.Multiplayer.Center.Tests.dll not valid. Loading of assembly skipped.
Assembly Unity.Nuget.Mono-Cecil.dll at Library/ScriptAssemblies/Unity.Nuget.Mono-Cecil.dll not valid. Loading of assembly skipped.
Assembly Unity.PathTracing.Editor.Tests.dll at Library/ScriptAssemblies/Unity.PathTracing.Editor.Tests.dll not valid. Loading of assembly skipped.
Assembly Unity.PathTracing.Runtime.Tests.dll at Library/ScriptAssemblies/Unity.PathTracing.Runtime.Tests.dll not valid. Loading of assembly skipped.
Assembly Unity.RenderPipelines.Core.Editor.Tests.dll at Library/ScriptAssemblies/Unity.RenderPipelines.Core.Editor.Tests.dll not valid. Loading of assembly skipped.
Assembly Unity.RenderPipelines.Core.Runtime.Tests.dll at Library/ScriptAssemblies/Unity.RenderPipelines.Core.Runtime.Tests.dll not valid. Loading of assembly skipped.
Assembly Unity.RenderPipelines.Universal.Config.Editor.Tests.dll at Library/ScriptAssemblies/Unity.RenderPipelines.Universal.Config.Editor.Tests.dll not valid. Loading of assembly skipped.
Assembly Unity.RenderPipelines.Universal.Editor.Tests.dll at Library/ScriptAssemblies/Unity.RenderPipelines.Universal.Editor.Tests.dll not valid. Loading of assembly skipped.
Assembly Unity.RenderPipelines.Universal.Runtime.Tests.dll at Library/ScriptAssemblies/Unity.RenderPipelines.Universal.Runtime.Tests.dll not valid. Loading of assembly skipped.
Assembly Unity.Searcher.EditorTests.dll at Library/ScriptAssemblies/Unity.Searcher.EditorTests.dll not valid. Loading of assembly skipped.
Assembly Unity.Settings.Tests.dll at Library/ScriptAssemblies/Unity.Settings.Tests.dll not valid. Loading of assembly skipped.
Assembly Unity.ShaderGraph.Editor.Tests.dll at Library/ScriptAssemblies/Unity.ShaderGraph.Editor.Tests.dll not valid. Loading of assembly skipped.
Assembly Unity.TextMeshPro.Editor.Tests.dll at Library/ScriptAssemblies/Unity.TextMeshPro.Editor.Tests.dll not valid. Loading of assembly skipped.
Assembly Unity.TextMeshPro.Tests.dll at Library/ScriptAssemblies/Unity.TextMeshPro.Tests.dll not valid. Loading of assembly skipped.
Assembly Unity.UnifiedRayTracing.Editor.Tests.dll at Library/ScriptAssemblies/Unity.UnifiedRayTracing.Editor.Tests.dll not valid. Loading of assembly skipped.
Assembly UnityEditor.UI.Common.Tests.dll at Library/ScriptAssemblies/UnityEditor.UI.Common.Tests.dll not valid. Loading of assembly skipped.
Assembly UnityEditor.UI.EditorTests.dll at Library/ScriptAssemblies/UnityEditor.UI.EditorTests.dll not valid. Loading of assembly skipped.
Assembly UnityEngine.UI.Tests.dll at Library/ScriptAssemblies/UnityEngine.UI.Tests.dll not valid. Loading of assembly skipped.
Assembly reference Packages/com.unity.cinemachine/Editor/Samples/ExposeHDRPInternals/HDRP-Editor-ref.asmref has no target assembly definition
'Packages/com.unity.cinemachine/Editor/Obsolete/CinemachineVirtualCameraBaseEditor.cs' contains partial class of Unity.Object, exactly 1 of the partial classes needs to be in a file with the same filename. This is to know the one that can be referenced from ie. GameObjects
'Packages/com.unity.cinemachine/Editor/Editors/CinemachineVirtualCameraBaseEditor.cs' contains partial class of Unity.Object, exactly 1 of the partial classes needs to be in a file with the same filename. This is to know the one that can be referenced from ie. GameObjects
Refreshing native plugins compatible for Editor in 2.01 ms, found 4 plugins.
Native extension for WindowsStandalone target not found
Assembly reference Packages/com.unity.cinemachine/Editor/Samples/ExposeHDRPInternals/HDRP-Editor-ref.asmref has no target assembly definition
[Package Manager] Failed to launch server process. Reason: Unity was launched with the -noUpm command-line argument
[Package Manager] Unable to send message (not connected to server process).
[Package Manager] Cannot connect to Unity Package Manager local server
[Package Manager] Failed to launch server process. Reason: Unity was launched with the -noUpm command-line argument
[Package Manager] Unable to send message (not connected to server process).
[Package Manager] Cannot connect to Unity Package Manager local server
[Package Manager] Failed to launch server process. Reason: Unity was launched with the -noUpm command-line argument
[Package Manager] Unable to send message (not connected to server process).
[Package Manager] Cannot connect to Unity Package Manager local server
ScheduleIndexationOnStartup MainProcess:False IndexOnStartup:True
Mono: successfully reloaded assembly
- Finished resetting the current domain, in  0.815 seconds
Domain Reload Profiling: 1582ms
	BeginReloadAssembly (215ms)
		DisableScriptedObjects (12ms)
		CreateAndSetChildDomain (53ms)
	RebuildCommonClasses (33ms)
	RebuildNativeTypeToScriptingClass (13ms)
	initialDomainReloadingComplete (66ms)
	LoadAllAssembliesAndSetupDomain (439ms)
		LoadAssemblies (360ms)
		AnalyzeDomain (165ms)
			TypeCache.Refresh (7ms)
			BuildScriptInfoCaches (144ms)
			ResolveRequiredComponents (12ms)
	FinalizeReload (815ms)
		SetupLoadedEditorAssemblies (0ms)
			BeforeProcessingInitializeOnLoad (141ms)
			ProcessInitializeOnLoadAttributes (407ms)
			ProcessInitializeOnLoadMethodAttributes (87ms)
			AfterProcessingInitializeOnLoad (10ms)
		AwakeInstancesAfterBackupRestoration (16ms)
Refreshing native plugins compatible for Editor in 2.22 ms, found 4 plugins.
Unloading 25 Unused Serialized files (Serialized files now loaded: 0)
Unloading 5663 unused Assets / (5.9 MB). Loaded Objects now: 6542.
Memory consumption went from 178.3 MB to 172.4 MB.
Total: 10.467700 ms (FindLiveObjects: 0.715200 ms CreateObjectMapping: 0.774100 ms MarkObjects: 6.383700 ms  DeleteObjects: 2.593800 ms)

Prepare: number of updated asset objects reloaded= 0
