[Licensing::Module] Trying to connect to existing licensing client channel...
Built from '6000.4/staging' branch; Version is '6000.4.3f1 (39d1a88d4dd1) revision 3789224'; Using compiler version '194234433'; Build Type 'Release'
OS: 'Windows 11  (10.0.26200) Professional' Language: 'en' Physical Memory: 32629 MB
[Licensing::IpcConnector] Successfully connected to: "LicenseClient-dieha" at "2026-05-18T18:24:43.5188447Z"
BatchMode: 1, IsHumanControllingUs: 0, StartBugReporterOnCrash: 0, Is64bit: 1
System  architecture: x64
Process architecture: x64
Date: 2026-05-18T18:24:43Z

COMMAND LINE ARGUMENTS:
C:\Program Files\Unity\Hub\Editor\6000.4.3f1\Editor\Unity.exe
-adb2
-batchMode
-noUpm
-name
AssetImportWorker7
-projectPath
C:/Users/dieha/Desktop/EXPOLBYH/LBYH-v.2
-logFile
Logs/AssetImportWorker7.log
-srvPort
49696
-licensingIpc
LicenseClient-dieha
-force-d3d12
-job-worker-count
5
-background-job-worker-count
8
-gc-helper-count
1
-name
AssetImport
Successfully changed project path to: C:/Users/dieha/Desktop/EXPOLBYH/LBYH-v.2
C:/Users/dieha/Desktop/EXPOLBYH/LBYH-v.2
[UnityMemory] Configuration Parameters - Can be set up in boot.config
    "memorysetup-temp-allocator-size-gi-baking-worker=262144"
    "memorysetup-temp-allocator-size-gi-baking-worker=262144"
    "memorysetup-temp-allocator-size-gi-baking-worker=262144"
    "memorysetup-temp-allocator-size-gi-baking-worker=262144"
    "memorysetup-temp-allocator-size-gi-baking-worker=262144"
    "memorysetup-temp-allocator-size-nav-mesh-worker=65536"
    "memorysetup-temp-allocator-size-audio-worker=65536"
    "memorysetup-temp-allocator-size-cloud-worker=32768"
    "memorysetup-temp-allocator-size-gfx=262144"
    "memorysetup-temp-allocator-size-preload-manager=33554432"
    "memorysetup-temp-allocator-size-job-worker=262144"
    "memorysetup-temp-allocator-size-background-worker=32768"
    "memorysetup-allocator-temp-initial-block-size-main=262144"
    "memorysetup-allocator-temp-initial-block-size-worker=262144"
    "memorysetup-bucket-allocator-granularity=16"
    "memorysetup-bucket-allocator-bucket-count=8"
    "memorysetup-bucket-allocator-block-size=33554432"
    "memorysetup-bucket-allocator-block-count=8"
    "memorysetup-main-allocator-block-size=16777216"
    "memorysetup-thread-allocator-block-size=16777216"
    "memorysetup-gfx-main-allocator-block-size=16777216"
    "memorysetup-gfx-thread-allocator-block-size=16777216"
    "memorysetup-cache-allocator-block-size=4194304"
    "memorysetup-typetree-allocator-block-size=2097152"
    "memorysetup-profiler-bucket-allocator-granularity=16"
    "memorysetup-profiler-bucket-allocator-bucket-count=8"
    "memorysetup-profiler-bucket-allocator-block-size=33554432"
    "memorysetup-profiler-bucket-allocator-block-count=8"
    "memorysetup-profiler-allocator-block-size=16777216"
    "memorysetup-profiler-editor-allocator-block-size=1048576"
    "memorysetup-temp-allocator-size-main=16777216"
    "memorysetup-job-temp-allocator-block-size=2097152"
    "memorysetup-job-temp-allocator-block-size-background=1048576"
    "memorysetup-job-temp-allocator-reduction-small-platforms=262144"
Player connection [20488]  Target information:

Player connection [20488]  * "[IP] 192.168.1.23 [Port] 0 [Flags] 2 [Guid] 2899574439 [EditorId] 2899574439 [Version] 1048832 [Id] WindowsEditor(7,Eznovir) [Debug] 1 [PackageName] WindowsEditor [ProjectName] Editor" 

Player connection [20488] Host joined multi-casting on [225.0.0.222:54997]...
Player connection [20488] Host joined alternative multi-casting on [225.0.0.222:34997]...
JobSystem: Creating JobQueue using job-worker-count value 5
Input System module state changed to: Initialized.
[Physics::Module] Initialized fallback backend.
[Physics::Module] Id: 0xdecafbad
Library Redirect Path: Library/
Default GameObject BitMask: UI already registered
[Physics::Module] Selected backend.
[Physics::Module] Name: PhysX
[Physics::Module] Id: 0xf2b8ea05
[Physics::Module] SDK Version: 4.1.2
[Physics::Module] Integration Version: 1.0.0
[Physics::Module] Threading Mode: Multi-Threaded
Refreshing native plugins compatible for Editor in 5.82 ms, found 4 plugins.
Initialize engine version: 6000.4.3f1 (39d1a88d4dd1)
[Subsystems] Discovering subsystems at path C:/Program Files/Unity/Hub/Editor/6000.4.3f1/Editor/Data/Resources/UnitySubsystems
[Subsystems] Discovering subsystems at path C:/Users/dieha/Desktop/EXPOLBYH/LBYH-v.2/Assets
Forcing GfxDevice: Direct3D 12
GfxDevice: creating device client; kGfxThreadingModeNonThreaded
d3d12: failed to query info queue interface (0x80004002).
Direct3D:
    Version:         Direct3D 12 [level 12.2]
    Renderer:        NVIDIA GeForce RTX 2070 with Max-Q Design (ID=0x1f14)
    Vendor:          NVIDIA
    VRAM:            8006 MB
    App VRAM Budget: 7238 MB
    Driver:          32.0.15.9621
Initialize mono
Mono path[0] = 'C:/Program Files/Unity/Hub/Editor/6000.4.3f1/Editor/Data/Managed'
Mono path[1] = 'C:/Program Files/Unity/Hub/Editor/6000.4.3f1/Editor/Data/MonoBleedingEdge/lib/mono/unityjit-win32'
Mono config path = 'C:/Program Files/Unity/Hub/Editor/6000.4.3f1/Editor/Data/MonoBleedingEdge/etc'
Using monoOptions --debugger-agent=transport=dt_socket,embedding=1,server=y,suspend=n,address=127.0.0.1:56660
CodeReloadManager initialized
Begin MonoManager ReloadAssembly
Registering precompiled unity dll's ...
Register platform support module: C:/Program Files/Unity/Hub/Editor/6000.4.3f1/Editor/Data/PlaybackEngines/WebGLSupport/UnityEditor.WebGL.Extensions.dll
Register platform support module: C:/Program Files/Unity/Hub/Editor/6000.4.3f1/Editor/Data/PlaybackEngines/WindowsStandaloneSupport/UnityEditor.WindowsStandalone.Extensions.dll
Registered in 0.003069 seconds.
[Licensing::Client] Error: HandshakeResponse reported an error:
	ResponseCode: 505
	ResponseStatus: Unsupported protocol version '1.18.1'.
[Licensing::Module] Error: Failed to handshake to channel: "LicenseClient-dieha"
[Licensing::IpcConnector] LicenseClient-dieha channel disconnected successfully.
[Licensing::IpcConnector] Successfully connected to: "LicenseClient-dieha-6000.4.3" at "2026-05-18T18:24:45.0725143Z"
Native extension for WindowsStandalone target not found
Native extension for WebGL target not found
Package Manager log level set to [2]
[Package Manager] Failed to launch server process. Reason: Unity was launched with the -noUpm command-line argument
[Package Manager] Unable to send message (not connected to server process).
[Package Manager] Cannot connect to Unity Package Manager local server
ScheduleIndexationOnStartup MainProcess:False IndexOnStartup:True
Mono: successfully reloaded assembly
- Finished resetting the current domain, in  0.517 seconds
Domain Reload Profiling: 1206ms
	BeginReloadAssembly (152ms)
	RebuildCommonClasses (72ms)
	RebuildNativeTypeToScriptingClass (25ms)
	initialDomainReloadingComplete (84ms)
	LoadAllAssembliesAndSetupDomain (354ms)
		LoadAssemblies (146ms)
		AnalyzeDomain (343ms)
			TypeCache.Refresh (341ms)
				TypeCache.ScanAssembly (319ms)
	FinalizeReload (518ms)
		SetupLoadedEditorAssemblies (0ms)
			InitializePlatformSupportModulesInManaged (60ms)
			BeforeProcessingInitializeOnLoad (123ms)
			ProcessInitializeOnLoadAttributes (132ms)
			ProcessInitializeOnLoadMethodAttributes (97ms)
Assembly reference Packages/com.unity.cinemachine/Editor/Samples/ExposeHDRPInternals/HDRP-Editor-ref.asmref has no target assembly definition
========================================================================
Worker process is ready to serve import requests
Import Worker Mode flag is 0x00
Assembly reference Packages/com.unity.cinemachine/Editor/Samples/ExposeHDRPInternals/HDRP-Editor-ref.asmref has no target assembly definition
Assembly reference Packages/com.unity.cinemachine/Editor/Samples/ExposeHDRPInternals/HDRP-Editor-ref.asmref has no target assembly definition
Begin MonoManager ReloadAssembly
[Licensing::Module] Licensing is not yet initialized.
[Licensing::Client] Handshaking with LicensingClient:
  Version:                 1.18.1+9fbee8e
  Session Id:              25148b51316a4a76948b96aaacb7f461
  Correlation Id:          9e76ce96fa26c6fc0bf3f98fd7e8c813
  External correlation Id: 786738678667606992
  Machine Id:              O19g9Wk7vKxKpoGXjBvlHQeKaQE=
[Licensing::Module] Successfully connected to LicensingClient on channel: "LicenseClient-dieha-6000.4.3" (connect: 0.00s, validation: 0.00s, handshake: 1.26s)
[Licensing::IpcConnector] Successfully connected to: "LicenseClient-dieha-6000.4.3-notifications" at "2026-05-18T18:24:46.3295653Z"
[Licensing::Module] Licensing Background thread has ended after 2.81s
[Licensing::Module] Licensing is initialized (took 0.30s).
[Licensing::Client] Successfully resolved entitlement details
[Licensing::Module] License group:
  Id: 18968330311373-UnityPersXXXX
  Product: Unity Personal
  Type: Assigned
  Expiration: Unlimited
Assembly Assembly-CSharp-Editor-firstpass.dll at Library/ScriptAssemblies/Assembly-CSharp-Editor-firstpass.dll not valid. Loading of assembly skipped.
Assembly Assembly-CSharp-Editor.dll at Library/ScriptAssemblies/Assembly-CSharp-Editor.dll not valid. Loading of assembly skipped.
Assembly Assembly-CSharp-firstpass.dll at Library/ScriptAssemblies/Assembly-CSharp-firstpass.dll not valid. Loading of assembly skipped.
Assembly DocCodeExamples.dll at Library/ScriptAssemblies/DocCodeExamples.dll not valid. Loading of assembly skipped.
Assembly TestNewCustomAssembly.dll at Library/ScriptAssemblies/TestNewCustomAssembly.dll not valid. Loading of assembly skipped.
Assembly Unity.2D.Animation.EditorTests.dll at Library/ScriptAssemblies/Unity.2D.Animation.EditorTests.dll not valid. Loading of assembly skipped.
Assembly Unity.2D.Common.EditorTests.dll at Library/ScriptAssemblies/Unity.2D.Common.EditorTests.dll not valid. Loading of assembly skipped.
Assembly Unity.2D.PixelPerfect.Editor.Tests.dll at Library/ScriptAssemblies/Unity.2D.PixelPerfect.Editor.Tests.dll not valid. Loading of assembly skipped.
Assembly Unity.2D.Psdimporter.EditorTests.dll at Library/ScriptAssemblies/Unity.2D.Psdimporter.EditorTests.dll not valid. Loading of assembly skipped.
Assembly Unity.2D.Sprite.Package.EditorTests.dll at Library/ScriptAssemblies/Unity.2D.Sprite.Package.EditorTests.dll not valid. Loading of assembly skipped.
Assembly Unity.2D.SpriteShape.EditorTests.dll at Library/ScriptAssemblies/Unity.2D.SpriteShape.EditorTests.dll not valid. Loading of assembly skipped.
Assembly Unity.2D.Tilemap.Package.EditorTests.dll at Library/ScriptAssemblies/Unity.2D.Tilemap.Package.EditorTests.dll not valid. Loading of assembly skipped.
Assembly Unity.Collections.BurstCompatibilityGen.dll at Library/ScriptAssemblies/Unity.Collections.BurstCompatibilityGen.dll not valid. Loading of assembly skipped.
Assembly Unity.Collections.DocCodeSamples.dll at Library/ScriptAssemblies/Unity.Collections.DocCodeSamples.dll not valid. Loading of assembly skipped.
Assembly Unity.Collections.PerformanceTests.dll at Library/ScriptAssemblies/Unity.Collections.PerformanceTests.dll not valid. Loading of assembly skipped.
Assembly Unity.Collections.Tests.dll at Library/ScriptAssemblies/Unity.Collections.Tests.dll not valid. Loading of assembly skipped.
Assembly Unity.Collections.Tests.Playmode.dll at Library/ScriptAssemblies/Unity.Collections.Tests.Playmode.dll not valid. Loading of assembly skipped.
Assembly Unity.InputSystem.IntegrationTests.dll at Library/ScriptAssemblies/Unity.InputSystem.IntegrationTests.dll not valid. Loading of assembly skipped.
Assembly Unity.Mathematics.Tests.dll at Library/ScriptAssemblies/Unity.Mathematics.Tests.dll not valid. Loading of assembly skipped.
Assembly Unity.Multiplayer.Center.Editor.Tests.dll at Library/ScriptAssemblies/Unity.Multiplayer.Center.Editor.Tests.dll not valid. Loading of assembly skipped.
Assembly Unity.Multiplayer.Center.Tests.dll at Library/ScriptAssemblies/Unity.Multiplayer.Center.Tests.dll not valid. Loading of assembly skipped.
Assembly Unity.Nuget.Mono-Cecil.dll at Library/ScriptAssemblies/Unity.Nuget.Mono-Cecil.dll not valid. Loading of assembly skipped.
Assembly Unity.PathTracing.Editor.Tests.dll at Library/ScriptAssemblies/Unity.PathTracing.Editor.Tests.dll not valid. Loading of assembly skipped.
Assembly Unity.PathTracing.Runtime.Tests.dll at Library/ScriptAssemblies/Unity.PathTracing.Runtime.Tests.dll not valid. Loading of assembly skipped.
Assembly Unity.RenderPipelines.Core.Editor.Tests.dll at Library/ScriptAssemblies/Unity.RenderPipelines.Core.Editor.Tests.dll not valid. Loading of assembly skipped.
Assembly Unity.RenderPipelines.Core.Runtime.Tests.dll at Library/ScriptAssemblies/Unity.RenderPipelines.Core.Runtime.Tests.dll not valid. Loading of assembly skipped.
Assembly Unity.RenderPipelines.Universal.Config.Editor.Tests.dll at Library/ScriptAssemblies/Unity.RenderPipelines.Universal.Config.Editor.Tests.dll not valid. Loading of assembly skipped.
Assembly Unity.RenderPipelines.Universal.Editor.Tests.dll at Library/ScriptAssemblies/Unity.RenderPipelines.Universal.Editor.Tests.dll not valid. Loading of assembly skipped.
Assembly Unity.RenderPipelines.Universal.Runtime.Tests.dll at Library/ScriptAssemblies/Unity.RenderPipelines.Universal.Runtime.Tests.dll not valid. Loading of assembly skipped.
Assembly Unity.Searcher.EditorTests.dll at Library/ScriptAssemblies/Unity.Searcher.EditorTests.dll not valid. Loading of assembly skipped.
Assembly Unity.Settings.Tests.dll at Library/ScriptAssemblies/Unity.Settings.Tests.dll not valid. Loading of assembly skipped.
Assembly Unity.ShaderGraph.Editor.Tests.dll at Library/ScriptAssemblies/Unity.ShaderGraph.Editor.Tests.dll not valid. Loading of assembly skipped.
Assembly Unity.TextMeshPro.Editor.Tests.dll at Library/ScriptAssemblies/Unity.TextMeshPro.Editor.Tests.dll not valid. Loading of assembly skipped.
Assembly Unity.TextMeshPro.Tests.dll at Library/ScriptAssemblies/Unity.TextMeshPro.Tests.dll not valid. Loading of assembly skipped.
Assembly Unity.UnifiedRayTracing.Editor.Tests.dll at Library/ScriptAssemblies/Unity.UnifiedRayTracing.Editor.Tests.dll not valid. Loading of assembly skipped.
Assembly UnityEditor.UI.Common.Tests.dll at Library/ScriptAssemblies/UnityEditor.UI.Common.Tests.dll not valid. Loading of assembly skipped.
Assembly UnityEditor.UI.EditorTests.dll at Library/ScriptAssemblies/UnityEditor.UI.EditorTests.dll not valid. Loading of assembly skipped.
Assembly UnityEngine.UI.Tests.dll at Library/ScriptAssemblies/UnityEngine.UI.Tests.dll not valid. Loading of assembly skipped.
Assembly reference Packages/com.unity.cinemachine/Editor/Samples/ExposeHDRPInternals/HDRP-Editor-ref.asmref has no target assembly definition
'Packages/com.unity.cinemachine/Editor/Obsolete/CinemachineVirtualCameraBaseEditor.cs' contains partial class of Unity.Object, exactly 1 of the partial classes needs to be in a file with the same filename. This is to know the one that can be referenced from ie. GameObjects
'Packages/com.unity.cinemachine/Editor/Editors/CinemachineVirtualCameraBaseEditor.cs' contains partial class of Unity.Object, exactly 1 of the partial classes needs to be in a file with the same filename. This is to know the one that can be referenced from ie. GameObjects
Refreshing native plugins compatible for Editor in 2.46 ms, found 4 plugins.
Native extension for WindowsStandalone target not found
Native extension for WebGL target not found
Assembly reference Packages/com.unity.cinemachine/Editor/Samples/ExposeHDRPInternals/HDRP-Editor-ref.asmref has no target assembly definition
[Package Manager] Failed to launch server process. Reason: Unity was launched with the -noUpm command-line argument
[Package Manager] Unable to send message (not connected to server process).
[Package Manager] Cannot connect to Unity Package Manager local server
[Package Manager] Failed to launch server process. Reason: Unity was launched with the -noUpm command-line argument
[Package Manager] Unable to send message (not connected to server process).
[Package Manager] Cannot connect to Unity Package Manager local server
[Package Manager] Failed to launch server process. Reason: Unity was launched with the -noUpm command-line argument
[Package Manager] Unable to send message (not connected to server process).
[Package Manager] Cannot connect to Unity Package Manager local server
Refreshing native plugins compatible for Editor in 3.24 ms, found 4 plugins.
ScheduleIndexationOnStartup MainProcess:False IndexOnStartup:True
Mono: successfully reloaded assembly
- Finished resetting the current domain, in  1.026 seconds
Domain Reload Profiling: 2303ms
	BeginReloadAssembly (513ms)
		DisableScriptedObjects (8ms)
		CreateAndSetChildDomain (32ms)
	RebuildCommonClasses (44ms)
	RebuildNativeTypeToScriptingClass (16ms)
	initialDomainReloadingComplete (82ms)
	LoadAllAssembliesAndSetupDomain (622ms)
		LoadAssemblies (436ms)
		AnalyzeDomain (289ms)
			TypeCache.Refresh (202ms)
				TypeCache.ScanAssembly (183ms)
			BuildScriptInfoCaches (72ms)
			ResolveRequiredComponents (14ms)
	FinalizeReload (1026ms)
		SetupLoadedEditorAssemblies (0ms)
			BeforeProcessingInitializeOnLoad (184ms)
			ProcessInitializeOnLoadAttributes (449ms)
			ProcessInitializeOnLoadMethodAttributes (190ms)
			AfterProcessingInitializeOnLoad (8ms)
		AwakeInstancesAfterBackupRestoration (8ms)
Default GameObject BitMask: UI already registered
Launched and connected shader compiler UnityShaderCompiler.exe after 0.01 seconds
Refreshing native plugins compatible for Editor in 2.83 ms, found 4 plugins.
Unloading 25 Unused Serialized files (Serialized files now loaded: 0)
Unloading 6111 unused Assets / (6.0 MB). Loaded Objects now: 6966.
Memory consumption went from 163.9 MB to 157.9 MB.
Total: 10.384700 ms (FindLiveObjects: 0.707300 ms CreateObjectMapping: 1.312200 ms MarkObjects: 5.691800 ms  DeleteObjects: 2.671200 ms)

========================================================================
Received Import Request.
  Time since last request: 15875.177020 seconds.
  path: Assets/Audio/Voice Overs LBYH/All Scenes CC ( Eron)/Scene 3/3 CC.mp3
  importAddress: Guid(3582b7fbe2ca49d4fbb99ee00c85880d) Importer(815301076,1909f56bfc062723c751e8b465ee728b)
Start importing Assets/Audio/Voice Overs LBYH/All Scenes CC ( Eron)/Scene 3/3 CC.mp3 using Guid(3582b7fbe2ca49d4fbb99ee00c85880d) Importer(815301076,1909f56bfc062723c751e8b465ee728b) (PreviewImporter) -> (Import Result ID: 'de13a2adeda40d169ba66c43f7c1f3eb') in 0.1462926 seconds [static and dynamic dependencies]. Details - ImportResultOutputID=21170c61240b3c5a31a92a979e92a9c6 DependenciesID=b3c0189cdce010c43a59b1ddea4fd48a StaticDependenciesID=2bf96acc59db5b1ab5a16befa9d7152e 
Number of updated asset objects reloaded before import = 0Number of asset objects unloaded after import = 2

========================================================================
Received Import Request.
  Time since last request: 0.000030 seconds.
  path: Assets/Audio/Voice Overs LBYH/All Scenes CC ( Eron)/Scene 3/4 CC.mp3
  importAddress: Guid(fd98d5fcd05ae9f499c31290392447d5) Importer(815301076,1909f56bfc062723c751e8b465ee728b)
Start importing Assets/Audio/Voice Overs LBYH/All Scenes CC ( Eron)/Scene 3/4 CC.mp3 using Guid(fd98d5fcd05ae9f499c31290392447d5) Importer(815301076,1909f56bfc062723c751e8b465ee728b) (PreviewImporter) -> (Import Result ID: 'c4001cd04ea520d8d5f43c1a5da134b8') in 0.0178465 seconds [static and dynamic dependencies]. Details - ImportResultOutputID=178b9e4caf7d6f88cd6b3d63c1ed60e1 DependenciesID=8bbfc8b4ece41758b9b6e2c1f351ef65 StaticDependenciesID=38555ca5a291f04a9b6831beb4c63158 
Number of updated asset objects reloaded before import = 0Number of asset objects unloaded after import = 2

========================================================================
Received Import Request.
  Time since last request: 67.914958 seconds.
  path: Assets/Audio/Voice Overs LBYH/All Scenes Daniela (Cook Reya)/Scene 3/2 Reya.mp3
  importAddress: Guid(bb1db7adc34674744905334f8fe93c82) Importer(815301076,1909f56bfc062723c751e8b465ee728b)
Start importing Assets/Audio/Voice Overs LBYH/All Scenes Daniela (Cook Reya)/Scene 3/2 Reya.mp3 using Guid(bb1db7adc34674744905334f8fe93c82) Importer(815301076,1909f56bfc062723c751e8b465ee728b) (PreviewImporter) -> (Import Result ID: 'b7ae0d7762be943f4e290ce35950b1cf') in 0.0225435 seconds [static and dynamic dependencies]. Details - ImportResultOutputID=5aa3cbe6240f5087c6801b94c1e8476b DependenciesID=761f5366d85a25140beba4791a341049 StaticDependenciesID=0c1beeb2b7cd203c6e6ad7ee4fc26bd6 
Number of updated asset objects reloaded before import = 0Number of asset objects unloaded after import = 2

========================================================================
Received Import Request.
  Time since last request: 0.000019 seconds.
  path: Assets/Audio/Voice Overs LBYH/All Scenes Daniela (Cook Reya)/Scene 3/6 Reya.mp3
  importAddress: Guid(d1a623c9e1be28e4b9d7f6e3d783ea1e) Importer(815301076,1909f56bfc062723c751e8b465ee728b)
Start importing Assets/Audio/Voice Overs LBYH/All Scenes Daniela (Cook Reya)/Scene 3/6 Reya.mp3 using Guid(d1a623c9e1be28e4b9d7f6e3d783ea1e) Importer(815301076,1909f56bfc062723c751e8b465ee728b) (PreviewImporter) -> (Import Result ID: 'ca2c478a80895d73fb696e02c7d43102') in 0.0192041 seconds [static and dynamic dependencies]. Details - ImportResultOutputID=8b943c38dca955e9896b1b597d0a6901 DependenciesID=7495f9dcb2a95f76e4962fc942dce8c0 StaticDependenciesID=e2da64a28be948905fce2aa8abf1c204 
Number of updated asset objects reloaded before import = 0Number of asset objects unloaded after import = 2

========================================================================
Received Import Request.
  Time since last request: 0.000035 seconds.
  path: Assets/Audio/Voice Overs LBYH/All Scenes Daniela (Cook Reya)/Scene 3/7 Reya.mp3
  importAddress: Guid(f4c46570a23196a4284cac4268a40307) Importer(815301076,1909f56bfc062723c751e8b465ee728b)
Start importing Assets/Audio/Voice Overs LBYH/All Scenes Daniela (Cook Reya)/Scene 3/7 Reya.mp3 using Guid(f4c46570a23196a4284cac4268a40307) Importer(815301076,1909f56bfc062723c751e8b465ee728b) (PreviewImporter) -> (Import Result ID: 'd4cabf65681613125bc2f2fbea577a35') in 0.0214711 seconds [static and dynamic dependencies]. Details - ImportResultOutputID=2b1f883d308e7f8efaf4a465ab005e52 DependenciesID=4ebdcc6983f7a0c7c52e40e410bf56a6 StaticDependenciesID=c7a78a6770df10d81a520969d74da112 
Number of updated asset objects reloaded before import = 0Number of asset objects unloaded after import = 2

========================================================================
Received Import Request.
  Time since last request: 0.000017 seconds.
  path: Assets/Audio/Voice Overs LBYH/All Scenes Daniela (Cook Reya)/Scene 3/8 Reya.mp3
  importAddress: Guid(af0020d9132347d4d9eb931ca37a77d5) Importer(815301076,1909f56bfc062723c751e8b465ee728b)
Start importing Assets/Audio/Voice Overs LBYH/All Scenes Daniela (Cook Reya)/Scene 3/8 Reya.mp3 using Guid(af0020d9132347d4d9eb931ca37a77d5) Importer(815301076,1909f56bfc062723c751e8b465ee728b) (PreviewImporter) -> (Import Result ID: '46ee069196e3a29af092d1b2bc96b493') in 0.019597 seconds [static and dynamic dependencies]. Details - ImportResultOutputID=4167b3159bf4860183ba87c5dd062291 DependenciesID=1a8bad6d0e225c0935c7037b5d9d6bad StaticDependenciesID=95f2e7fc29a37cb6df7b889a3eef11f5 
Number of updated asset objects reloaded before import = 0Number of asset objects unloaded after import = 2

========================================================================
Received Import Request.
  Time since last request: 0.000024 seconds.
  path: Assets/Audio/Voice Overs LBYH/All Scenes Daniela (Cook Reya)/Scene 3/5 Reya.mp3
  importAddress: Guid(5a2fa79268db7954392bc27d31e2c606) Importer(815301076,1909f56bfc062723c751e8b465ee728b)
Start importing Assets/Audio/Voice Overs LBYH/All Scenes Daniela (Cook Reya)/Scene 3/5 Reya.mp3 using Guid(5a2fa79268db7954392bc27d31e2c606) Importer(815301076,1909f56bfc062723c751e8b465ee728b) (PreviewImporter) -> (Import Result ID: '51595d9f4eeba5c9cf7d0fbfd4a870bf') in 0.0413609 seconds [static and dynamic dependencies]. Details - ImportResultOutputID=0aaca6d6793117254962762a75a3a9a5 DependenciesID=a571d4c7d19860e4c4b14639c9bb558a StaticDependenciesID=e2799e9d7a77e13c22d6d841a6af85bb 
Number of updated asset objects reloaded before import = 0Number of asset objects unloaded after import = 2

========================================================================
Received Import Request.
  Time since last request: 0.000021 seconds.
  path: Assets/Audio/Voice Overs LBYH/All Scenes Daniela (Cook Reya)/Scene 3/9 Reya.mp3
  importAddress: Guid(f17deef6046adad41b44615d15515bd5) Importer(815301076,1909f56bfc062723c751e8b465ee728b)
Start importing Assets/Audio/Voice Overs LBYH/All Scenes Daniela (Cook Reya)/Scene 3/9 Reya.mp3 using Guid(f17deef6046adad41b44615d15515bd5) Importer(815301076,1909f56bfc062723c751e8b465ee728b) (PreviewImporter) -> (Import Result ID: '079ed5ab30335dcda883676c47368af9') in 0.0186302 seconds [static and dynamic dependencies]. Details - ImportResultOutputID=07d2f77412cae450227074c406290f8b DependenciesID=f646c6e7fca9865799346d6e36149242 StaticDependenciesID=403a657acb3967f04e912f286f22b955 
Number of updated asset objects reloaded before import = 0Number of asset objects unloaded after import = 2

========================================================================
Received Import Request.
  Time since last request: 185.377531 seconds.
  path: Assets/Audio/Voice Overs LBYH/All Scenes Jace (Rome)/Scene 4/2 Rome.mp3
  importAddress: Guid(96fbb50e0bc4a7346b45500daf1e48a8) Importer(815301076,1909f56bfc062723c751e8b465ee728b)
Start importing Assets/Audio/Voice Overs LBYH/All Scenes Jace (Rome)/Scene 4/2 Rome.mp3 using Guid(96fbb50e0bc4a7346b45500daf1e48a8) Importer(815301076,1909f56bfc062723c751e8b465ee728b) (PreviewImporter) -> (Import Result ID: 'af7fb386adc5b8c80f621d518334842a') in 0.0253417 seconds [static and dynamic dependencies]. Details - ImportResultOutputID=d822d4aa159a214101cfd593270cae4f DependenciesID=6cd3c5326395b663a38fa2ba18d9e7d5 StaticDependenciesID=11a9a3134cf2b6d312fce13d1195862f 
Number of updated asset objects reloaded before import = 0Number of asset objects unloaded after import = 2

========================================================================
Received Import Request.
  Time since last request: 0.000029 seconds.
  path: Assets/Audio/Voice Overs LBYH/All Scenes Jace (Rome)/Scene 4/8 Rome.mp3
  importAddress: Guid(d546d7633920d1649b948a1329e4c16d) Importer(815301076,1909f56bfc062723c751e8b465ee728b)
Start importing Assets/Audio/Voice Overs LBYH/All Scenes Jace (Rome)/Scene 4/8 Rome.mp3 using Guid(d546d7633920d1649b948a1329e4c16d) Importer(815301076,1909f56bfc062723c751e8b465ee728b) (PreviewImporter) -> (Import Result ID: 'ac42e648b2030456764e44143a8a414f') in 0.0266922 seconds [static and dynamic dependencies]. Details - ImportResultOutputID=3f1159475387ac3811a9e1fb6df4f9ee DependenciesID=e56bf4db17f4e2020bcf9f7576449e02 StaticDependenciesID=537ba64e01edccb74773c652bba8c534 
Number of updated asset objects reloaded before import = 0Number of asset objects unloaded after import = 2

========================================================================
Received Import Request.
  Time since last request: 0.000025 seconds.
  path: Assets/Audio/Voice Overs LBYH/All Scenes Jace (Rome)/Scene 4/10 Rome.mp3
  importAddress: Guid(117f02cce7974684b9e34d2f6d83a47b) Importer(815301076,1909f56bfc062723c751e8b465ee728b)
Start importing Assets/Audio/Voice Overs LBYH/All Scenes Jace (Rome)/Scene 4/10 Rome.mp3 using Guid(117f02cce7974684b9e34d2f6d83a47b) Importer(815301076,1909f56bfc062723c751e8b465ee728b) (PreviewImporter) -> (Import Result ID: '18868f325d22128094c8325dc21cb2a5') in 0.0193104 seconds [static and dynamic dependencies]. Details - ImportResultOutputID=8fe688453bf9cfda08e18e23af63fc16 DependenciesID=0c4328f4acefccd61cb5b140cbe446b6 StaticDependenciesID=d199150ac95881a5572c1d2c33aee93a 
Number of updated asset objects reloaded before import = 0Number of asset objects unloaded after import = 2

========================================================================
Received Import Request.
  Time since last request: 0.000031 seconds.
  path: Assets/Audio/Voice Overs LBYH/All Scenes Jace (Rome)/Scene 4/11 Rome.mp3
  importAddress: Guid(297fd600550bc9a46a10ca61a345a300) Importer(815301076,1909f56bfc062723c751e8b465ee728b)
Start importing Assets/Audio/Voice Overs LBYH/All Scenes Jace (Rome)/Scene 4/11 Rome.mp3 using Guid(297fd600550bc9a46a10ca61a345a300) Importer(815301076,1909f56bfc062723c751e8b465ee728b) (PreviewImporter) -> (Import Result ID: '691e89a14878b4a124fb305c75d004cf') in 0.02542 seconds [static and dynamic dependencies]. Details - ImportResultOutputID=25c6823365c2a239f3224cfdf72510c5 DependenciesID=118b4734b68f96f0fc305f9e6d569506 StaticDependenciesID=383377435d03fb253b1ab4079775f1e6 
Number of updated asset objects reloaded before import = 0Number of asset objects unloaded after import = 2

========================================================================
Received Import Request.
  Time since last request: 0.000019 seconds.
  path: Assets/Audio/Voice Overs LBYH/All Scenes Jace (Rome)/Scene 4/14 Rome.mp3
  importAddress: Guid(f30f4c0b6773407488c330d6df06767d) Importer(815301076,1909f56bfc062723c751e8b465ee728b)
Start importing Assets/Audio/Voice Overs LBYH/All Scenes Jace (Rome)/Scene 4/14 Rome.mp3 using Guid(f30f4c0b6773407488c330d6df06767d) Importer(815301076,1909f56bfc062723c751e8b465ee728b) (PreviewImporter) -> (Import Result ID: 'a16094adc6ff1d9d32dc4fd4d5f0c2fe') in 0.0265276 seconds [static and dynamic dependencies]. Details - ImportResultOutputID=e75db03f8f9e3288fcc3ab137c130474 DependenciesID=baeeb38e7a5a9f71a8a7aab1303abbfd StaticDependenciesID=f04fd1eced5e5c29c846aa6c916277ea 
Number of updated asset objects reloaded before import = 0Number of asset objects unloaded after import = 2

========================================================================
Received Import Request.
  Time since last request: 0.000023 seconds.
  path: Assets/Audio/Voice Overs LBYH/All Scenes Jace (Rome)/Scene 4/13 Rome.mp3
  importAddress: Guid(28175727c7fd92e4f8a0292ac5dde9aa) Importer(815301076,1909f56bfc062723c751e8b465ee728b)
Start importing Assets/Audio/Voice Overs LBYH/All Scenes Jace (Rome)/Scene 4/13 Rome.mp3 using Guid(28175727c7fd92e4f8a0292ac5dde9aa) Importer(815301076,1909f56bfc062723c751e8b465ee728b) (PreviewImporter) -> (Import Result ID: '78894814db5ec34993630ac400b06576') in 0.0211938 seconds [static and dynamic dependencies]. Details - ImportResultOutputID=4895fd584f1d0289274adfc72a1bb3a9 DependenciesID=e5446d544883e626cce056a09ad4bec3 StaticDependenciesID=e6b58481d5e296d234f48f683f2441d1 
Number of updated asset objects reloaded before import = 0Number of asset objects unloaded after import = 2

========================================================================
Received Import Request.
  Time since last request: 0.000036 seconds.
  path: Assets/Audio/Voice Overs LBYH/All Scenes Jace (Rome)/Scene 4/16 Rome.mp3
  importAddress: Guid(a9e4cf08cfc1e3340b765a1d78fb16ef) Importer(815301076,1909f56bfc062723c751e8b465ee728b)
Start importing Assets/Audio/Voice Overs LBYH/All Scenes Jace (Rome)/Scene 4/16 Rome.mp3 using Guid(a9e4cf08cfc1e3340b765a1d78fb16ef) Importer(815301076,1909f56bfc062723c751e8b465ee728b) (PreviewImporter) -> (Import Result ID: '22c5cd2c8651b3148f5bfaac5ab1ba19') in 0.023655 seconds [static and dynamic dependencies]. Details - ImportResultOutputID=50941988aa0f835f659d37e56063917b DependenciesID=3a9e120c3bc7b492cca24e81b36ed4de StaticDependenciesID=d24a37cf2d6270d78862956d47d5fd2d 
Number of updated asset objects reloaded before import = 0Number of asset objects unloaded after import = 2

========================================================================
Received Import Request.
  Time since last request: 0.000020 seconds.
  path: Assets/Audio/Voice Overs LBYH/All Scenes Jace (Rome)/Scene 4/4 Rome.mp3
  importAddress: Guid(8fe76365dbdfc774c80b72ba15f07eb8) Importer(815301076,1909f56bfc062723c751e8b465ee728b)
Start importing Assets/Audio/Voice Overs LBYH/All Scenes Jace (Rome)/Scene 4/4 Rome.mp3 using Guid(8fe76365dbdfc774c80b72ba15f07eb8) Importer(815301076,1909f56bfc062723c751e8b465ee728b) (PreviewImporter) -> (Import Result ID: '9305958710035f8fb8e21837869be6a6') in 0.0209715 seconds [static and dynamic dependencies]. Details - ImportResultOutputID=1ff9df52947b928cf3183fe99c03928c DependenciesID=673d9cfcdca9d5aa69690cd9c11c8058 StaticDependenciesID=8a9c9891ed01a67484e1bbeafe71f3d0 
Number of updated asset objects reloaded before import = 0Number of asset objects unloaded after import = 2

========================================================================
Received Import Request.
  Time since last request: 0.000027 seconds.
  path: Assets/Audio/Voice Overs LBYH/All Scenes Jace (Rome)/Scene 4/7 Rome.mp3
  importAddress: Guid(be965eee4d7ffbe4db11724ca689c840) Importer(815301076,1909f56bfc062723c751e8b465ee728b)
Start importing Assets/Audio/Voice Overs LBYH/All Scenes Jace (Rome)/Scene 4/7 Rome.mp3 using Guid(be965eee4d7ffbe4db11724ca689c840) Importer(815301076,1909f56bfc062723c751e8b465ee728b) (PreviewImporter) -> (Import Result ID: '61091223e17ad2d2027a1435690f3c37') in 0.0163254 seconds [static and dynamic dependencies]. Details - ImportResultOutputID=5d76fc5f2800c44b89ad4a68e5771b89 DependenciesID=7ebda1cb8c870cfd38c4b80fa3c51984 StaticDependenciesID=1474967be634fa9f8f03c102113487fe 
Number of updated asset objects reloaded before import = 0Number of asset objects unloaded after import = 2

Editor requested this worker to shutdown with reason: Scaling down because of idle timeout
AssetImportWorker is now disconnected from the server
Process exiting
Exiting without the bug reporter. Application will terminate with return code 0