[Licensing::Module] Trying to connect to existing licensing client channel...
Built from '6000.4/staging' branch; Version is '6000.4.3f1 (39d1a88d4dd1) revision 3789224'; Using compiler version '194234433'; Build Type 'Release'
OS: 'Windows 11  (10.0.26200) Professional' Language: 'en' Physical Memory: 16310 MB
[Licensing::IpcConnector] Successfully connected to: "LicenseClient-go3_mwym8nMUOLI6PrGyN" at "2026-05-10T18:30:56.6892698Z"
BatchMode: 1, IsHumanControllingUs: 0, StartBugReporterOnCrash: 0, Is64bit: 1
System  architecture: x64
Process architecture: x64
Date: 2026-05-10T18:30:56Z

COMMAND LINE ARGUMENTS:
C:\Program Files\Unity\Hub\Editor\6000.4.3f1\Editor\Unity.exe
-adb2
-batchMode
-noUpm
-name
AssetImportWorker0
-projectPath
C:/Users/tyron/Documents/Games/LBYHFINAL/lbyhfinal
-logFile
Logs/AssetImportWorker0.log
-srvPort
60929
-licensingIpc
LicenseClient-go3_mwym8nMUOLI6PrGyN
-force-d3d12
-job-worker-count
7
-background-job-worker-count
8
-gc-helper-count
1
-name
AssetImport
Successfully changed project path to: C:/Users/tyron/Documents/Games/LBYHFINAL/lbyhfinal
C:/Users/tyron/Documents/Games/LBYHFINAL/lbyhfinal
[UnityMemory] Configuration Parameters - Can be set up in boot.config
    "memorysetup-temp-allocator-size-gi-baking-worker=262144"
    "memorysetup-temp-allocator-size-gi-baking-worker=262144"
    "memorysetup-temp-allocator-size-gi-baking-worker=262144"
    "memorysetup-temp-allocator-size-gi-baking-worker=262144"
    "memorysetup-temp-allocator-size-gi-baking-worker=262144"
    "memorysetup-temp-allocator-size-nav-mesh-worker=65536"
    "memorysetup-temp-allocator-size-audio-worker=65536"
    "memorysetup-temp-allocator-size-cloud-worker=32768"
    "memorysetup-temp-allocator-size-gfx=262144"
    "memorysetup-temp-allocator-size-preload-manager=33554432"
    "memorysetup-temp-allocator-size-job-worker=262144"
    "memorysetup-temp-allocator-size-background-worker=32768"
    "memorysetup-allocator-temp-initial-block-size-main=262144"
    "memorysetup-allocator-temp-initial-block-size-worker=262144"
    "memorysetup-bucket-allocator-granularity=16"
    "memorysetup-bucket-allocator-bucket-count=8"
    "memorysetup-bucket-allocator-block-size=33554432"
    "memorysetup-bucket-allocator-block-count=8"
    "memorysetup-main-allocator-block-size=16777216"
    "memorysetup-thread-allocator-block-size=16777216"
    "memorysetup-gfx-main-allocator-block-size=16777216"
    "memorysetup-gfx-thread-allocator-block-size=16777216"
    "memorysetup-cache-allocator-block-size=4194304"
    "memorysetup-typetree-allocator-block-size=2097152"
    "memorysetup-profiler-bucket-allocator-granularity=16"
    "memorysetup-profiler-bucket-allocator-bucket-count=8"
    "memorysetup-profiler-bucket-allocator-block-size=33554432"
    "memorysetup-profiler-bucket-allocator-block-count=8"
    "memorysetup-profiler-allocator-block-size=16777216"
    "memorysetup-profiler-editor-allocator-block-size=1048576"
    "memorysetup-temp-allocator-size-main=16777216"
    "memorysetup-job-temp-allocator-block-size=2097152"
    "memorysetup-job-temp-allocator-block-size-background=1048576"
    "memorysetup-job-temp-allocator-reduction-small-platforms=262144"
Player connection [11716]  Target information:

Player connection [11716]  * "[IP] 192.168.254.117 [Port] 0 [Flags] 2 [Guid] 2990022695 [EditorId] 2990022695 [Version] 1048832 [Id] WindowsEditor(7,DESKTOP-2216JCP) [Debug] 1 [PackageName] WindowsEditor [ProjectName] Editor" 

Player connection [11716] Host joined multi-casting on [225.0.0.222:54997]...
Player connection [11716] Host joined alternative multi-casting on [225.0.0.222:34997]...
JobSystem: Creating JobQueue using job-worker-count value 7
Input System module state changed to: Initialized.
[Physics::Module] Initialized fallback backend.
[Physics::Module] Id: 0xdecafbad
Library Redirect Path: Library/
Default GameObject BitMask: UI already registered
[Physics::Module] Selected backend.
[Physics::Module] Name: PhysX
[Physics::Module] Id: 0xf2b8ea05
[Physics::Module] SDK Version: 4.1.2
[Physics::Module] Integration Version: 1.0.0
[Physics::Module] Threading Mode: Multi-Threaded
Refreshing native plugins compatible for Editor in 3.88 ms, found 4 plugins.
Initialize engine version: 6000.4.3f1 (39d1a88d4dd1)
[Subsystems] Discovering subsystems at path C:/Program Files/Unity/Hub/Editor/6000.4.3f1/Editor/Data/Resources/UnitySubsystems
[Subsystems] Discovering subsystems at path C:/Users/tyron/Documents/Games/LBYHFINAL/lbyhfinal/Assets
Forcing GfxDevice: Direct3D 12
GfxDevice: creating device client; kGfxThreadingModeNonThreaded
d3d12: failed to query info queue interface (0x80004002).
Direct3D:
    Version:         Direct3D 12 [level 12.2]
    Renderer:        NVIDIA GeForce RTX 3060 (ID=0x2504)
    Vendor:          NVIDIA
    VRAM:            12115 MB
    App VRAM Budget: 11347 MB
    Driver:          32.0.15.8157
Initialize mono
Mono path[0] = 'C:/Program Files/Unity/Hub/Editor/6000.4.3f1/Editor/Data/Managed'
Mono path[1] = 'C:/Program Files/Unity/Hub/Editor/6000.4.3f1/Editor/Data/MonoBleedingEdge/lib/mono/unityjit-win32'
Mono config path = 'C:/Program Files/Unity/Hub/Editor/6000.4.3f1/Editor/Data/MonoBleedingEdge/etc'
Using monoOptions --debugger-agent=transport=dt_socket,embedding=1,server=y,suspend=n,address=127.0.0.1:56444
[Licensing::Client] Error: HandshakeResponse reported an error:
	ResponseCode: 505
	ResponseStatus: Unsupported protocol version '1.18.1'.
[Licensing::Module] Error: Failed to handshake to channel: "LicenseClient-go3_mwym8nMUOLI6PrGyN"
[Licensing::IpcConnector] LicenseClient-go3_mwym8nMUOLI6PrGyN channel disconnected successfully.
[Licensing::IpcConnector] Successfully connected to: "LicenseClient-tyron-6000.4.3" at "2026-05-10T18:30:57.7128411Z"
CodeReloadManager initialized
Begin MonoManager ReloadAssembly
Registering precompiled unity dll's ...
Register platform support module: C:/Program Files/Unity/Hub/Editor/6000.4.3f1/Editor/Data/PlaybackEngines/WindowsStandaloneSupport/UnityEditor.WindowsStandalone.Extensions.dll
Registered in 0.002061 seconds.
Native extension for WindowsStandalone target not found
Package Manager log level set to [2]
[Package Manager] Failed to launch server process. Reason: Unity was launched with the -noUpm command-line argument
[Package Manager] Unable to send message (not connected to server process).
[Package Manager] Cannot connect to Unity Package Manager local server
ScheduleIndexationOnStartup MainProcess:False IndexOnStartup:True
Mono: successfully reloaded assembly
- Finished resetting the current domain, in  0.376 seconds
Domain Reload Profiling: 807ms
	BeginReloadAssembly (124ms)
	RebuildCommonClasses (36ms)
	RebuildNativeTypeToScriptingClass (10ms)
	initialDomainReloadingComplete (63ms)
	LoadAllAssembliesAndSetupDomain (197ms)
		LoadAssemblies (120ms)
		AnalyzeDomain (189ms)
			TypeCache.Refresh (188ms)
				TypeCache.ScanAssembly (173ms)
	FinalizeReload (377ms)
		SetupLoadedEditorAssemblies (0ms)
			InitializePlatformSupportModulesInManaged (42ms)
			BeforeProcessingInitializeOnLoad (79ms)
			ProcessInitializeOnLoadAttributes (103ms)
			ProcessInitializeOnLoadMethodAttributes (81ms)
[Licensing::Client] Handshaking with LicensingClient:
  Version:                 1.18.1+9fbee8e
  Session Id:              72e4dcfadd754f83a9ad17fe3a246008
  Correlation Id:          3613cc089650d0c67ed74e0c5fa6061d
  External correlation Id: 9002141497937066258
  Machine Id:              8s6LdPVFeVL+JPPIymwroRPXaRk=
[Licensing::Module] Successfully connected to LicensingClient on channel: "LicenseClient-tyron-6000.4.3" (connect: 0.00s, validation: 0.00s, handshake: 0.87s)
[Licensing::IpcConnector] Successfully connected to: "LicenseClient-tyron-6000.4.3-notifications" at "2026-05-10T18:30:58.5822197Z"
[Licensing::Module] Licensing Background thread has ended after 1.89s
Assembly reference Packages/com.unity.cinemachine/Editor/Samples/ExposeHDRPInternals/HDRP-Editor-ref.asmref has no target assembly definition
========================================================================
Worker process is ready to serve import requests
Import Worker Mode flag is 0x00
Assembly reference Packages/com.unity.cinemachine/Editor/Samples/ExposeHDRPInternals/HDRP-Editor-ref.asmref has no target assembly definition
Assembly reference Packages/com.unity.cinemachine/Editor/Samples/ExposeHDRPInternals/HDRP-Editor-ref.asmref has no target assembly definition
Begin MonoManager ReloadAssembly
[Licensing::Client] Successfully resolved entitlement details
[Licensing::Module] License group:
  Id: 18968330311373-UnityPersXXXX
  Product: Unity Personal
  Type: Assigned
  Expiration: Unlimited
Assembly Assembly-CSharp-Editor-firstpass.dll at Library/ScriptAssemblies/Assembly-CSharp-Editor-firstpass.dll not valid. Loading of assembly skipped.
Assembly Assembly-CSharp-Editor.dll at Library/ScriptAssemblies/Assembly-CSharp-Editor.dll not valid. Loading of assembly skipped.
Assembly Assembly-CSharp-firstpass.dll at Library/ScriptAssemblies/Assembly-CSharp-firstpass.dll not valid. Loading of assembly skipped.
Assembly DocCodeExamples.dll at Library/ScriptAssemblies/DocCodeExamples.dll not valid. Loading of assembly skipped.
Assembly TestNewCustomAssembly.dll at Library/ScriptAssemblies/TestNewCustomAssembly.dll not valid. Loading of assembly skipped.
Assembly Unity.2D.Animation.EditorTests.dll at Library/ScriptAssemblies/Unity.2D.Animation.EditorTests.dll not valid. Loading of assembly skipped.
Assembly Unity.2D.Common.EditorTests.dll at Library/ScriptAssemblies/Unity.2D.Common.EditorTests.dll not valid. Loading of assembly skipped.
Assembly Unity.2D.PixelPerfect.Editor.Tests.dll at Library/ScriptAssemblies/Unity.2D.PixelPerfect.Editor.Tests.dll not valid. Loading of assembly skipped.
Assembly Unity.2D.Psdimporter.EditorTests.dll at Library/ScriptAssemblies/Unity.2D.Psdimporter.EditorTests.dll not valid. Loading of assembly skipped.
Assembly Unity.2D.Sprite.Package.EditorTests.dll at Library/ScriptAssemblies/Unity.2D.Sprite.Package.EditorTests.dll not valid. Loading of assembly skipped.
Assembly Unity.2D.SpriteShape.EditorTests.dll at Library/ScriptAssemblies/Unity.2D.SpriteShape.EditorTests.dll not valid. Loading of assembly skipped.
Assembly Unity.2D.Tilemap.Package.EditorTests.dll at Library/ScriptAssemblies/Unity.2D.Tilemap.Package.EditorTests.dll not valid. Loading of assembly skipped.
Assembly Unity.Collections.BurstCompatibilityGen.dll at Library/ScriptAssemblies/Unity.Collections.BurstCompatibilityGen.dll not valid. Loading of assembly skipped.
Assembly Unity.Collections.DocCodeSamples.dll at Library/ScriptAssemblies/Unity.Collections.DocCodeSamples.dll not valid. Loading of assembly skipped.
Assembly Unity.Collections.PerformanceTests.dll at Library/ScriptAssemblies/Unity.Collections.PerformanceTests.dll not valid. Loading of assembly skipped.
Assembly Unity.Collections.Tests.dll at Library/ScriptAssemblies/Unity.Collections.Tests.dll not valid. Loading of assembly skipped.
Assembly Unity.Collections.Tests.Playmode.dll at Library/ScriptAssemblies/Unity.Collections.Tests.Playmode.dll not valid. Loading of assembly skipped.
Assembly Unity.Mathematics.Tests.dll at Library/ScriptAssemblies/Unity.Mathematics.Tests.dll not valid. Loading of assembly skipped.
Assembly Unity.Multiplayer.Center.Editor.Tests.dll at Library/ScriptAssemblies/Unity.Multiplayer.Center.Editor.Tests.dll not valid. Loading of assembly skipped.
Assembly Unity.Multiplayer.Center.Tests.dll at Library/ScriptAssemblies/Unity.Multiplayer.Center.Tests.dll not valid. Loading of assembly skipped.
Assembly Unity.Nuget.Mono-Cecil.dll at Library/ScriptAssemblies/Unity.Nuget.Mono-Cecil.dll not valid. Loading of assembly skipped.
Assembly Unity.PathTracing.Editor.Tests.dll at Library/ScriptAssemblies/Unity.PathTracing.Editor.Tests.dll not valid. Loading of assembly skipped.
Assembly Unity.PathTracing.Runtime.Tests.dll at Library/ScriptAssemblies/Unity.PathTracing.Runtime.Tests.dll not valid. Loading of assembly skipped.
Assembly Unity.RenderPipelines.Core.Editor.Tests.dll at Library/ScriptAssemblies/Unity.RenderPipelines.Core.Editor.Tests.dll not valid. Loading of assembly skipped.
Assembly Unity.RenderPipelines.Core.Runtime.Tests.dll at Library/ScriptAssemblies/Unity.RenderPipelines.Core.Runtime.Tests.dll not valid. Loading of assembly skipped.
Assembly Unity.RenderPipelines.Universal.Config.Editor.Tests.dll at Library/ScriptAssemblies/Unity.RenderPipelines.Universal.Config.Editor.Tests.dll not valid. Loading of assembly skipped.
Assembly Unity.RenderPipelines.Universal.Editor.Tests.dll at Library/ScriptAssemblies/Unity.RenderPipelines.Universal.Editor.Tests.dll not valid. Loading of assembly skipped.
Assembly Unity.RenderPipelines.Universal.Runtime.Tests.dll at Library/ScriptAssemblies/Unity.RenderPipelines.Universal.Runtime.Tests.dll not valid. Loading of assembly skipped.
Assembly Unity.Searcher.EditorTests.dll at Library/ScriptAssemblies/Unity.Searcher.EditorTests.dll not valid. Loading of assembly skipped.
Assembly Unity.Settings.Tests.dll at Library/ScriptAssemblies/Unity.Settings.Tests.dll not valid. Loading of assembly skipped.
Assembly Unity.ShaderGraph.Editor.Tests.dll at Library/ScriptAssemblies/Unity.ShaderGraph.Editor.Tests.dll not valid. Loading of assembly skipped.
Assembly Unity.TextMeshPro.Editor.Tests.dll at Library/ScriptAssemblies/Unity.TextMeshPro.Editor.Tests.dll not valid. Loading of assembly skipped.
Assembly Unity.TextMeshPro.Tests.dll at Library/ScriptAssemblies/Unity.TextMeshPro.Tests.dll not valid. Loading of assembly skipped.
Assembly Unity.UnifiedRayTracing.Editor.Tests.dll at Library/ScriptAssemblies/Unity.UnifiedRayTracing.Editor.Tests.dll not valid. Loading of assembly skipped.
Assembly UnityEditor.UI.Common.Tests.dll at Library/ScriptAssemblies/UnityEditor.UI.Common.Tests.dll not valid. Loading of assembly skipped.
Assembly UnityEditor.UI.EditorTests.dll at Library/ScriptAssemblies/UnityEditor.UI.EditorTests.dll not valid. Loading of assembly skipped.
Assembly UnityEngine.UI.Tests.dll at Library/ScriptAssemblies/UnityEngine.UI.Tests.dll not valid. Loading of assembly skipped.
Assembly reference Packages/com.unity.cinemachine/Editor/Samples/ExposeHDRPInternals/HDRP-Editor-ref.asmref has no target assembly definition
'Packages/com.unity.cinemachine/Editor/Obsolete/CinemachineVirtualCameraBaseEditor.cs' contains partial class of Unity.Object, exactly 1 of the partial classes needs to be in a file with the same filename. This is to know the one that can be referenced from ie. GameObjects
'Packages/com.unity.cinemachine/Editor/Editors/CinemachineVirtualCameraBaseEditor.cs' contains partial class of Unity.Object, exactly 1 of the partial classes needs to be in a file with the same filename. This is to know the one that can be referenced from ie. GameObjects
Refreshing native plugins compatible for Editor in 2.03 ms, found 4 plugins.
Native extension for WindowsStandalone target not found
Assembly reference Packages/com.unity.cinemachine/Editor/Samples/ExposeHDRPInternals/HDRP-Editor-ref.asmref has no target assembly definition
[Package Manager] Failed to launch server process. Reason: Unity was launched with the -noUpm command-line argument
[Package Manager] Unable to send message (not connected to server process).
[Package Manager] Cannot connect to Unity Package Manager local server
[Package Manager] Failed to launch server process. Reason: Unity was launched with the -noUpm command-line argument
[Package Manager] Unable to send message (not connected to server process).
[Package Manager] Cannot connect to Unity Package Manager local server
[Package Manager] Failed to launch server process. Reason: Unity was launched with the -noUpm command-line argument
[Package Manager] Unable to send message (not connected to server process).
[Package Manager] Cannot connect to Unity Package Manager local server
Refreshing native plugins compatible for Editor in 2.10 ms, found 4 plugins.
ScheduleIndexationOnStartup MainProcess:False IndexOnStartup:True
Mono: successfully reloaded assembly
- Finished resetting the current domain, in  0.833 seconds
Domain Reload Profiling: 1630ms
	BeginReloadAssembly (186ms)
		DisableScriptedObjects (5ms)
		CreateAndSetChildDomain (30ms)
	RebuildCommonClasses (40ms)
	RebuildNativeTypeToScriptingClass (11ms)
	initialDomainReloadingComplete (74ms)
	LoadAllAssembliesAndSetupDomain (485ms)
		LoadAssemblies (359ms)
		AnalyzeDomain (221ms)
			TypeCache.Refresh (156ms)
				TypeCache.ScanAssembly (141ms)
			BuildScriptInfoCaches (53ms)
			ResolveRequiredComponents (10ms)
	FinalizeReload (834ms)
		SetupLoadedEditorAssemblies (0ms)
			BeforeProcessingInitializeOnLoad (142ms)
			ProcessInitializeOnLoadAttributes (395ms)
			ProcessInitializeOnLoadMethodAttributes (127ms)
			AfterProcessingInitializeOnLoad (6ms)
		AwakeInstancesAfterBackupRestoration (6ms)
Default GameObject BitMask: UI already registered
Launched and connected shader compiler UnityShaderCompiler.exe after 0.01 seconds
Refreshing native plugins compatible for Editor in 2.08 ms, found 4 plugins.
Unloading 25 Unused Serialized files (Serialized files now loaded: 0)
Unloading 5622 unused Assets / (5.7 MB). Loaded Objects now: 6480.
Memory consumption went from 169.0 MB to 163.2 MB.
Total: 9.007900 ms (FindLiveObjects: 0.601000 ms CreateObjectMapping: 0.294700 ms MarkObjects: 5.698300 ms  DeleteObjects: 2.411900 ms)

========================================================================
Received Import Request.
  Time since last request: 8317.358861 seconds.
  path: Assets/Scenes/Scene 1/Prologue Damon 3.unity
  importAddress: Guid(1ae4586d8e93c834497b402d4678aeea) Importer(815301076,1909f56bfc062723c751e8b465ee728b)
Start importing Assets/Scenes/Scene 1/Prologue Damon 3.unity using Guid(1ae4586d8e93c834497b402d4678aeea) Importer(815301076,1909f56bfc062723c751e8b465ee728b) (PreviewImporter) -> (Import Result ID: 'e471ac102859ab981b6eb625aa053055') in 0.0129849 seconds [static and dynamic dependencies]. Details - ImportResultOutputID=e431c50ad32e475de011499a4fd9a87a DependenciesID=b0151115aa3c3e4baf35bf2cd505afdb StaticDependenciesID=3486353a48bb829ea2ed1b9e36c60005 
Number of updated asset objects reloaded before import = 0Number of asset objects unloaded after import = 0

========================================================================
Received Import Request.
  Time since last request: 7.839935 seconds.
  path: Assets/Scenes/Scene 1/Prologue Damon 3.unity
  importAddress: Guid(1ae4586d8e93c834497b402d4678aeea) Importer(2089858483,b0f066a214c2f5e87bad3c948f4d605d)
Start importing Assets/Scenes/Scene 1/Prologue Damon 3.unity using Guid(1ae4586d8e93c834497b402d4678aeea) Importer(2089858483,b0f066a214c2f5e87bad3c948f4d605d) (ScriptedImporter) -> (Import Result ID: 'd10fb7c65df85edc9d266c2fe7beb60b') in 0.0608898 seconds [static and dynamic dependencies]. Details - ImportResultOutputID=a1a05be066b9b7a69c73b7f0e744379f DependenciesID=f9e5fef95bc2e508d5ded76374a886e8 StaticDependenciesID=7fbb75d794b7814c7de20347158ac497 
Number of updated asset objects reloaded before import = 0Number of asset objects unloaded after import = 1

========================================================================
Received Import Request.
  Time since last request: 0.459199 seconds.
  path: Assets/Scenes/Scene 1/Prologue Damon 2.unity
  importAddress: Guid(e805d6a09401cfa48969160d4925b3a5) Importer(2089858483,b0f066a214c2f5e87bad3c948f4d605d)
Start importing Assets/Scenes/Scene 1/Prologue Damon 2.unity using Guid(e805d6a09401cfa48969160d4925b3a5) Importer(2089858483,b0f066a214c2f5e87bad3c948f4d605d) (ScriptedImporter) -> (Import Result ID: '42d4fb569204e33d2d3cfa48b787f01c') in 0.0127548 seconds [static and dynamic dependencies]. Details - ImportResultOutputID=d15b4e289098e8862eca7f3d68979291 DependenciesID=eb9e4b898b4c9eaafaf996c21d22ee0e StaticDependenciesID=f9d7ae20050306ca278d941dbb8eb040 
Number of updated asset objects reloaded before import = 0Number of asset objects unloaded after import = 1

========================================================================
Received Import Request.
  Time since last request: 40.284391 seconds.
  path: Assets/Scenes/Scene 1/leftsidegazebo.jpg
  importAddress: Guid(aa7bb75255c6b914bb0c6facf5bc3c96) Importer(815301076,1909f56bfc062723c751e8b465ee728b)
Start importing Assets/Scenes/Scene 1/leftsidegazebo.jpg using Guid(aa7bb75255c6b914bb0c6facf5bc3c96) Importer(815301076,1909f56bfc062723c751e8b465ee728b) (PreviewImporter) -> (Import Result ID: 'dc8c9cb8f391ddb7aef045be52e95512') in 0.1071152 seconds [static and dynamic dependencies]. Details - ImportResultOutputID=b749ec928936864453dd0ce31833f27c DependenciesID=3ddddc48fcaed0d2b134f38fb8f71766 StaticDependenciesID=98091a49c87984a3f777fb04424cbf52 
Number of updated asset objects reloaded before import = 0Number of asset objects unloaded after import = 3

========================================================================
Received Import Request.
  Time since last request: 0.000023 seconds.
  path: Assets/Scenes/Scene 1/rightgazebo.jpg
  importAddress: Guid(716072b308c5f44479d2e8de38840bd2) Importer(815301076,1909f56bfc062723c751e8b465ee728b)
Start importing Assets/Scenes/Scene 1/rightgazebo.jpg using Guid(716072b308c5f44479d2e8de38840bd2) Importer(815301076,1909f56bfc062723c751e8b465ee728b) (PreviewImporter) -> (Import Result ID: '1cae10c8ba503200a02b23dc60b605ec') in 0.0159111 seconds [static and dynamic dependencies]. Details - ImportResultOutputID=2642c5cd927e52cc09c6f87971dbc5bb DependenciesID=48eda1a6c9e48faa889034e9ccfa126c StaticDependenciesID=72dd28b903c317223a1105d1193bd32c 
Number of updated asset objects reloaded before import = 0Number of asset objects unloaded after import = 3

========================================================================
Received Import Request.
  Time since last request: 0.755795 seconds.
  path: Assets/Scenes/Scene 1/midgazebo.jpg
  importAddress: Guid(5503218f7572be541ad910c91f71aabc) Importer(2089858483,b0f066a214c2f5e87bad3c948f4d605d)
Start importing Assets/Scenes/Scene 1/midgazebo.jpg using Guid(5503218f7572be541ad910c91f71aabc) Importer(2089858483,b0f066a214c2f5e87bad3c948f4d605d) (ScriptedImporter) -> (Import Result ID: 'efa9fe9ddffef80564cfcd4fd7bc78d7') in 0.0585261 seconds [static and dynamic dependencies]. Details - ImportResultOutputID=6b6d7f2a87840d81a3a76202629069f3 DependenciesID=fe082db68e092a07b8ed9bb0e8e281b8 StaticDependenciesID=d1db0a21a5c83bb26457d30ada2151de 
Number of updated asset objects reloaded before import = 0Number of asset objects unloaded after import = 3

========================================================================
Received Import Request.
  Time since last request: 0.000018 seconds.
  path: Assets/Scenes/Scene 1/rightgazebo.jpg
  importAddress: Guid(716072b308c5f44479d2e8de38840bd2) Importer(2089858483,b0f066a214c2f5e87bad3c948f4d605d)
Start importing Assets/Scenes/Scene 1/rightgazebo.jpg using Guid(716072b308c5f44479d2e8de38840bd2) Importer(2089858483,b0f066a214c2f5e87bad3c948f4d605d) (ScriptedImporter) -> (Import Result ID: '33c875a777bb0d960f10a6bd50b95460') in 0.0138062 seconds [static and dynamic dependencies]. Details - ImportResultOutputID=b9fdb16a1bd1c41e478fa25227216ea3 DependenciesID=f819fea1d6ad2e7b70681701b718740d StaticDependenciesID=24f620f32dbfc9f6121355cb74ee1701 
Number of updated asset objects reloaded before import = 0Number of asset objects unloaded after import = 3

========================================================================
Received Import Request.
  Time since last request: 32.682727 seconds.
  path: Assets/Scenes/Scene 1/midgazebo 1.jpg
  importAddress: Guid(1809b83add6d8f941ae933cb712f8356) Importer(815301076,1909f56bfc062723c751e8b465ee728b)
Start importing Assets/Scenes/Scene 1/midgazebo 1.jpg using Guid(1809b83add6d8f941ae933cb712f8356) Importer(815301076,1909f56bfc062723c751e8b465ee728b) (PreviewImporter) -> (Import Result ID: 'a1a5dc6489c70051e4b3c40cd3251a2f') in 0.0161452 seconds [static and dynamic dependencies]. Details - ImportResultOutputID=dbcbec59031466cbeb34f2c0cac90180 DependenciesID=f53360ffc9316984fcd859ef88753f55 StaticDependenciesID=455db9933b571c08cad188aafca85439 
Number of updated asset objects reloaded before import = 0Number of asset objects unloaded after import = 3

========================================================================
Received Import Request.
  Time since last request: 0.911945 seconds.
  path: Assets/Scenes/Scene 1/rightgazebo 1.jpg
  importAddress: Guid(be108bc5b361abf4999e26f18bd90ece) Importer(2089858483,b0f066a214c2f5e87bad3c948f4d605d)
Start importing Assets/Scenes/Scene 1/rightgazebo 1.jpg using Guid(be108bc5b361abf4999e26f18bd90ece) Importer(2089858483,b0f066a214c2f5e87bad3c948f4d605d) (ScriptedImporter) -> (Import Result ID: 'd5772f399c353c0074668197612062b6') in 0.013294 seconds [static and dynamic dependencies]. Details - ImportResultOutputID=d24184bf62aa3eef5f42a3f4ebac501a DependenciesID=2ed588979a2b96a676d763cbbd0e7166 StaticDependenciesID=1a00ba9ef7cc994bf8ac2e8335d068e3 
Number of updated asset objects reloaded before import = 0Number of asset objects unloaded after import = 3

========================================================================
Received Import Request.
  Time since last request: 20.646534 seconds.
  path: Assets/Scenes/Scene 1/gazebo.anim
  importAddress: Guid(5222c020a9909d64dba6b88b28b57ed0) Importer(2089858483,b0f066a214c2f5e87bad3c948f4d605d)
Start importing Assets/Scenes/Scene 1/gazebo.anim using Guid(5222c020a9909d64dba6b88b28b57ed0) Importer(2089858483,b0f066a214c2f5e87bad3c948f4d605d) (ScriptedImporter) -> (Import Result ID: '494fcb09b78ef2c4fcf27f99608c445e') in 0.0214115 seconds [static and dynamic dependencies]. Details - ImportResultOutputID=78203077a47ef61e8896213281fa3abe DependenciesID=bccb225f71b31d5ebac2f7d56cacea5b StaticDependenciesID=6d5c550326b1bfdaaa3954ad04b988c6 
Number of updated asset objects reloaded before import = 0Number of asset objects unloaded after import = 1

========================================================================
Received Import Request.
  Time since last request: 5.966506 seconds.
  path: Assets/Scenes/Scene 1/GameObject.controller
  importAddress: Guid(6179a32356dfd5e4dadd7a7a44315bfa) Importer(815301076,1909f56bfc062723c751e8b465ee728b)
Start importing Assets/Scenes/Scene 1/GameObject.controller using Guid(6179a32356dfd5e4dadd7a7a44315bfa) Importer(815301076,1909f56bfc062723c751e8b465ee728b) (PreviewImporter) -> (Import Result ID: '90031be19ea01157097df3b7c9592982') in 0.0020691 seconds [static and dynamic dependencies]. Details - ImportResultOutputID=543fb866d241651adaff5a972a2f79f6 DependenciesID=1b55de3f85757db08ec39ecf35e83331 StaticDependenciesID=7352d120477a68bf83d9c61d94dad48e 
Number of updated asset objects reloaded before import = 0Number of asset objects unloaded after import = 1

========================================================================
Received Import Request.
  Time since last request: 0.638906 seconds.
  path: Assets/Scenes/Scene 1/gazebo.anim
  importAddress: Guid(5222c020a9909d64dba6b88b28b57ed0) Importer(815301076,1909f56bfc062723c751e8b465ee728b)
Start importing Assets/Scenes/Scene 1/gazebo.anim using Guid(5222c020a9909d64dba6b88b28b57ed0) Importer(815301076,1909f56bfc062723c751e8b465ee728b) (PreviewImporter) -> (Import Result ID: '4d01d5101287b4bbd6272d50b98e0d47') in 0.0010953 seconds [static and dynamic dependencies]. Details - ImportResultOutputID=6ee0ac040801d504112fbd40bf8b79cb DependenciesID=6812825dce92329407e8b929e14786a0 StaticDependenciesID=8d73a96df7a2c72237e19cf3541e0a07 
Number of updated asset objects reloaded before import = 0Number of asset objects unloaded after import = 1

========================================================================
Received Import Request.
  Time since last request: 22.296224 seconds.
  path: Assets/Scenes/Scene 1/midgazebo.jpg
  importAddress: Guid(5503218f7572be541ad910c91f71aabc) Importer(815301076,1909f56bfc062723c751e8b465ee728b)
Start importing Assets/Scenes/Scene 1/midgazebo.jpg using Guid(5503218f7572be541ad910c91f71aabc) Importer(815301076,1909f56bfc062723c751e8b465ee728b) (PreviewImporter) -> (Import Result ID: '1629f7c810130739585b06daab4a0f9b') in 0.0138904 seconds [static and dynamic dependencies]. Details - ImportResultOutputID=af739d393b38ea6792794e57cd11aaed DependenciesID=0caa40d9ce449185694df7e7e6c89cbf StaticDependenciesID=488ee6dedfeaac3917546953406bac32 
Number of updated asset objects reloaded before import = 0Number of asset objects unloaded after import = 3

========================================================================
Received Import Request.
  Time since last request: 0.000016 seconds.
  path: Assets/Scenes/Scene 1/leftsidegazebo.jpg
  importAddress: Guid(aa7bb75255c6b914bb0c6facf5bc3c96) Importer(815301076,1909f56bfc062723c751e8b465ee728b)
Start importing Assets/Scenes/Scene 1/leftsidegazebo.jpg using Guid(aa7bb75255c6b914bb0c6facf5bc3c96) Importer(815301076,1909f56bfc062723c751e8b465ee728b) (PreviewImporter) -> (Import Result ID: 'c899f71b767e08ac1fcb90b1d5f7b4bc') in 0.0144343 seconds [static and dynamic dependencies]. Details - ImportResultOutputID=48c3976f9683a59dc5d3762b4a37ab2d DependenciesID=24a7db6cec3360fef0214d282c8fa2ed StaticDependenciesID=7c73006238a4872955cb098039e9b04c 
Number of updated asset objects reloaded before import = 0Number of asset objects unloaded after import = 3

========================================================================
Received Import Request.
  Time since last request: 0.847966 seconds.
  path: Assets/Scenes/Scene 1/midgazebo.jpg
  importAddress: Guid(5503218f7572be541ad910c91f71aabc) Importer(2089858483,b0f066a214c2f5e87bad3c948f4d605d)
Start importing Assets/Scenes/Scene 1/midgazebo.jpg using Guid(5503218f7572be541ad910c91f71aabc) Importer(2089858483,b0f066a214c2f5e87bad3c948f4d605d) (ScriptedImporter) -> (Import Result ID: '3e12d263b5d7cfa3fd55f2da818bd5f3') in 0.0132186 seconds [static and dynamic dependencies]. Details - ImportResultOutputID=eb41ace14d9a56879c7454dc581a5e53 DependenciesID=13ed71bf199c54d542b75543550ce1cf StaticDependenciesID=e1beda47edfe88c8c4b28995156294b4 
Number of updated asset objects reloaded before import = 0Number of asset objects unloaded after import = 3

========================================================================
Received Import Request.
  Time since last request: 0.000016 seconds.
  path: Assets/Scenes/Scene 1/rightgazebo.jpg
  importAddress: Guid(716072b308c5f44479d2e8de38840bd2) Importer(2089858483,b0f066a214c2f5e87bad3c948f4d605d)
Start importing Assets/Scenes/Scene 1/rightgazebo.jpg using Guid(716072b308c5f44479d2e8de38840bd2) Importer(2089858483,b0f066a214c2f5e87bad3c948f4d605d) (ScriptedImporter) -> (Import Result ID: 'bda91911ed2be9df225e0a979ffefbe5') in 0.0127785 seconds [static and dynamic dependencies]. Details - ImportResultOutputID=d1829d97a1a3eea05a137320cd7e6dd5 DependenciesID=79a9a04c27b3403cff4762fa6be58d07 StaticDependenciesID=d352561da11384793a26048821bba18c 
Number of updated asset objects reloaded before import = 0Number of asset objects unloaded after import = 3

========================================================================
Received Import Request.
  Time since last request: 0.422067 seconds.
  path: Assets/Scenes/Scene 1/midgazebo.jpg
  importAddress: Guid(5503218f7572be541ad910c91f71aabc) Importer(815301076,1909f56bfc062723c751e8b465ee728b)
Start importing Assets/Scenes/Scene 1/midgazebo.jpg using Guid(5503218f7572be541ad910c91f71aabc) Importer(815301076,1909f56bfc062723c751e8b465ee728b) (PreviewImporter) -> (Import Result ID: '633d81e7ecde79a7c331a5337e16428e') in 0.0157034 seconds [static and dynamic dependencies]. Details - ImportResultOutputID=30b8717c9d6dcc415c5dcbbc4325bbd4 DependenciesID=01f1d397df1d737a0df4b264e032ebef StaticDependenciesID=ba25e5811b3ba0b13ca79809b110e3bf 
Number of updated asset objects reloaded before import = 0Number of asset objects unloaded after import = 3

========================================================================
Received Import Request.
  Time since last request: 0.000018 seconds.
  path: Assets/Scenes/Scene 1/leftsidegazebo.jpg
  importAddress: Guid(aa7bb75255c6b914bb0c6facf5bc3c96) Importer(815301076,1909f56bfc062723c751e8b465ee728b)
Start importing Assets/Scenes/Scene 1/leftsidegazebo.jpg using Guid(aa7bb75255c6b914bb0c6facf5bc3c96) Importer(815301076,1909f56bfc062723c751e8b465ee728b) (PreviewImporter) -> (Import Result ID: '18a7345731b4d2580e61f9f99688e874') in 0.0176006 seconds [static and dynamic dependencies]. Details - ImportResultOutputID=7da00ef93a713bd83d81dccb16b221d7 DependenciesID=53c892951673ec683dfe08204899a56a StaticDependenciesID=1a4ad3928d410ac5663b55e3a150c765 
Number of updated asset objects reloaded before import = 0Number of asset objects unloaded after import = 3

========================================================================
Received Import Request.
  Time since last request: 9.430916 seconds.
  path: Assets/Scenes/Scene 1/midgazebo.jpg
  importAddress: Guid(5503218f7572be541ad910c91f71aabc) Importer(2089858483,b0f066a214c2f5e87bad3c948f4d605d)
Start importing Assets/Scenes/Scene 1/midgazebo.jpg using Guid(5503218f7572be541ad910c91f71aabc) Importer(2089858483,b0f066a214c2f5e87bad3c948f4d605d) (ScriptedImporter) -> (Import Result ID: 'ed0a030d6c4d082dc793bf564fe99c3e') in 0.0132929 seconds [static and dynamic dependencies]. Details - ImportResultOutputID=13a86e89f8c52e3f15998494cf43364e DependenciesID=ed6fbf9ea9aa81cab7e62f036f7062a4 StaticDependenciesID=d44072c4801f1b8b80aec94da87d78c7 
Number of updated asset objects reloaded before import = 0Number of asset objects unloaded after import = 3

========================================================================
Received Import Request.
  Time since last request: 0.000014 seconds.
  path: Assets/Scenes/Scene 1/rightgazebo.jpg
  importAddress: Guid(716072b308c5f44479d2e8de38840bd2) Importer(2089858483,b0f066a214c2f5e87bad3c948f4d605d)
Start importing Assets/Scenes/Scene 1/rightgazebo.jpg using Guid(716072b308c5f44479d2e8de38840bd2) Importer(2089858483,b0f066a214c2f5e87bad3c948f4d605d) (ScriptedImporter) -> (Import Result ID: 'eea0f4c7b7019b231fc3325d3f0980de') in 0.0126833 seconds [static and dynamic dependencies]. Details - ImportResultOutputID=e68c92349f7305089e5ed2a1befeedeb DependenciesID=1567095447f2bf40567c87792bb267fb StaticDependenciesID=b98b02227b4fc34d2e42b3454fe775f6 
Number of updated asset objects reloaded before import = 0Number of asset objects unloaded after import = 3

========================================================================
Received Import Request.
  Time since last request: 331.913015 seconds.
  path: Assets/Scenes/Scene 1/Prologue Damon 2.unity
  importAddress: Guid(e805d6a09401cfa48969160d4925b3a5) Importer(815301076,1909f56bfc062723c751e8b465ee728b)
Start importing Assets/Scenes/Scene 1/Prologue Damon 2.unity using Guid(e805d6a09401cfa48969160d4925b3a5) Importer(815301076,1909f56bfc062723c751e8b465ee728b) (PreviewImporter) -> (Import Result ID: '0e1adcf338f6f17d6fd67603adad0402') in 0.0006123 seconds [static and dynamic dependencies]. Details - ImportResultOutputID=a6382b279a0c30ff2c943649e76e8db4 DependenciesID=628d4dfe222ea3654e2cb8e21f9aa9fe StaticDependenciesID=5c598b94ddaaf3c483095c9ea60b2f55 
Number of updated asset objects reloaded before import = 0Number of asset objects unloaded after import = 0

========================================================================
Received Import Request.
  Time since last request: 2.517184 seconds.
  path: Assets/Scenes/Scene 1/GameObject.controller
  importAddress: Guid(6179a32356dfd5e4dadd7a7a44315bfa) Importer(2089858483,b0f066a214c2f5e87bad3c948f4d605d)
Start importing Assets/Scenes/Scene 1/GameObject.controller using Guid(6179a32356dfd5e4dadd7a7a44315bfa) Importer(2089858483,b0f066a214c2f5e87bad3c948f4d605d) (ScriptedImporter) -> (Import Result ID: '439e38a1a16cde9d5a64c5cd8c6aab33') in 0.0106738 seconds [static and dynamic dependencies]. Details - ImportResultOutputID=39ef619999df38da1789d94b17d78c31 DependenciesID=56f508f35f350005edb9dab45134224c StaticDependenciesID=c3820d546eb7a4b759755651dc9af764 
Number of updated asset objects reloaded before import = 0Number of asset objects unloaded after import = 3

========================================================================
Received Import Request.
  Time since last request: 3.721137 seconds.
  path: Assets/Scenes/Scene 1/Prologue Damon 3.unity
  importAddress: Guid(1ae4586d8e93c834497b402d4678aeea) Importer(815301076,1909f56bfc062723c751e8b465ee728b)
Start importing Assets/Scenes/Scene 1/Prologue Damon 3.unity using Guid(1ae4586d8e93c834497b402d4678aeea) Importer(815301076,1909f56bfc062723c751e8b465ee728b) (PreviewImporter) -> (Import Result ID: '1cbf969eea1f8cea937da779b094d604') in 0.0006479 seconds [static and dynamic dependencies]. Details - ImportResultOutputID=e431c50ad32e475de011499a4fd9a87a DependenciesID=3416a1806b5ea8e44c0cb3c9f0d63d09 StaticDependenciesID=a532a84134012fc72a0b2b175c636041 
Number of updated asset objects reloaded before import = 0Number of asset objects unloaded after import = 0

========================================================================
Received Import Request.
  Time since last request: 30.845722 seconds.
  path: Assets/Scenes/Scene 5/Scene 5.unity
  importAddress: Guid(163f8fd7cc617e14b97feb4721d71a57) Importer(815301076,1909f56bfc062723c751e8b465ee728b)
Start importing Assets/Scenes/Scene 5/Scene 5.unity using Guid(163f8fd7cc617e14b97feb4721d71a57) Importer(815301076,1909f56bfc062723c751e8b465ee728b) (PreviewImporter) -> (Import Result ID: '1d30c1eb5ce625dba190feaa9ac7bf54') in 0.0006493 seconds [static and dynamic dependencies]. Details - ImportResultOutputID=4ffb89ed088bd272b81632b685d8068b DependenciesID=e4b1683662d7fa823abb96d0092ca358 StaticDependenciesID=53978197472a5e0d098d8032a62fede5 
Number of updated asset objects reloaded before import = 0Number of asset objects unloaded after import = 0

========================================================================
Received Import Request.
  Time since last request: 1.874510 seconds.
  path: Assets/Scenes/Scene 1/Prologue Damon 2.unity
  importAddress: Guid(e805d6a09401cfa48969160d4925b3a5) Importer(2089858483,b0f066a214c2f5e87bad3c948f4d605d)
Start importing Assets/Scenes/Scene 1/Prologue Damon 2.unity using Guid(e805d6a09401cfa48969160d4925b3a5) Importer(2089858483,b0f066a214c2f5e87bad3c948f4d605d) (ScriptedImporter) -> (Import Result ID: '0454f37b5d9554841c54ba2b2674ceba') in 0.0138852 seconds [static and dynamic dependencies]. Details - ImportResultOutputID=0565bde0c59f7c84ad99eb3e4fa7fc51 DependenciesID=608cec369f5683e485283c8bb0804127 StaticDependenciesID=c308447aad6e980493fbb2d0e52cef1c 
Number of updated asset objects reloaded before import = 0Number of asset objects unloaded after import = 1

========================================================================
Received Import Request.
  Time since last request: 5.056635 seconds.
  path: Assets/Prefab/Undead Executioner/Undead Executioner.prefab
  importAddress: Guid(bcd30001e11bd6c4ea3823b47566b873) Importer(815301076,1909f56bfc062723c751e8b465ee728b)
Start importing Assets/Prefab/Undead Executioner/Undead Executioner.prefab using Guid(bcd30001e11bd6c4ea3823b47566b873) Importer(815301076,1909f56bfc062723c751e8b465ee728b) (PreviewImporter) -> (Import Result ID: '88e450b6a2b1d71afc055f5e469da583') in 0.3846783 seconds [static and dynamic dependencies]. Details - ImportResultOutputID=c1bac78854d5c59c5229e2a198c640f9 DependenciesID=c0f6ed13ba8a16b07ffd56c8c5678594 StaticDependenciesID=8308b81a1862bbc86511eedc638584a6 
Number of updated asset objects reloaded before import = 0Number of asset objects unloaded after import = 102

========================================================================
Received Prepare
Default GameObject BitMask: UI already registered
'Packages/com.unity.cinemachine/Editor/Obsolete/CinemachineVirtualCameraBaseEditor.cs' contains partial class of Unity.Object, exactly 1 of the partial classes needs to be in a file with the same filename. This is to know the one that can be referenced from ie. GameObjects
'Packages/com.unity.cinemachine/Editor/Editors/CinemachineVirtualCameraBaseEditor.cs' contains partial class of Unity.Object, exactly 1 of the partial classes needs to be in a file with the same filename. This is to know the one that can be referenced from ie. GameObjects
Refreshing native plugins compatible for Editor in 2.58 ms, found 4 plugins.
Unloading 25 Unused Serialized files (Serialized files now loaded: 0)
Unloading 5614 unused Assets / (5.0 MB). Loaded Objects now: 6587.
Memory consumption went from 169.9 MB to 164.9 MB.
Total: 10.831700 ms (FindLiveObjects: 0.646700 ms CreateObjectMapping: 0.804400 ms MarkObjects: 6.797800 ms  DeleteObjects: 2.581800 ms)

Prepare: number of updated asset objects reloaded= 0
========================================================================
Received Import Request.
  Time since last request: 8.725869 seconds.
  path: Assets/Prefab/SchoolBully 1/School Bully.prefab
  importAddress: Guid(320144f30d3b4904a91f7d4c799f364e) Importer(815301076,1909f56bfc062723c751e8b465ee728b)
Start importing Assets/Prefab/SchoolBully 1/School Bully.prefab using Guid(320144f30d3b4904a91f7d4c799f364e) Importer(815301076,1909f56bfc062723c751e8b465ee728b) (PreviewImporter) -> (Import Result ID: '6c5bfbb065a3cf9333e58470651bc77f') in 0.0284626 seconds [static and dynamic dependencies]. Details - ImportResultOutputID=a8778a533283829c9719cc01729ff654 DependenciesID=4bb2ec8d605b068f9274e4f9cd527e57 StaticDependenciesID=16381c0a4cf6bfb7be7e02211eef7d7c 
Number of updated asset objects reloaded before import = 0Number of asset objects unloaded after import = 71

========================================================================
Received Import Request.
  Time since last request: 0.525823 seconds.
  path: Assets/Prefab/SchoolBully 1
  importAddress: Guid(7213966cd0f0da049b18570548f491f9) Importer(2089858483,b0f066a214c2f5e87bad3c948f4d605d)
Start importing Assets/Prefab/SchoolBully 1 using Guid(7213966cd0f0da049b18570548f491f9) Importer(2089858483,b0f066a214c2f5e87bad3c948f4d605d) (ScriptedImporter) -> (Import Result ID: '49854e8e31fb20efc7f6740dab5fd50a') in 0.0100985 seconds [static and dynamic dependencies]. Details - ImportResultOutputID=7440656037c6e7c0647067e9986495c2 DependenciesID=304cb7c445624b3eb76d5e8198a5f7c5 StaticDependenciesID=ff7127135cde3a1d22b7af7e4aea607d 
Number of updated asset objects reloaded before import = 0Number of asset objects unloaded after import = 1

========================================================================
Received Import Request.
  Time since last request: 0.000036 seconds.
  path: Assets/Prefab/SchoolBully 1/BullyIdle.anim
  importAddress: Guid(e266837ef12556a488921adde68fc937) Importer(2089858483,b0f066a214c2f5e87bad3c948f4d605d)
Start importing Assets/Prefab/SchoolBully 1/BullyIdle.anim using Guid(e266837ef12556a488921adde68fc937) Importer(2089858483,b0f066a214c2f5e87bad3c948f4d605d) (ScriptedImporter) -> (Import Result ID: '7ec239dce580a94dc2558c45778cd862') in 0.0118689 seconds [static and dynamic dependencies]. Details - ImportResultOutputID=b630da3b0924b185c17cfec71da9b849 DependenciesID=a9e2b62ff102fd54546b050ba2777861 StaticDependenciesID=58dae3f248e9dc1bec9ce4ac9ed729e6 
Number of updated asset objects reloaded before import = 0Number of asset objects unloaded after import = 1

========================================================================
Received Import Request.
  Time since last request: 0.000039 seconds.
  path: Assets/Prefab/SchoolBully 1/SchoolBully_0.controller
  importAddress: Guid(4d23996a2d803f64bbc4b39d81a7e0dc) Importer(2089858483,b0f066a214c2f5e87bad3c948f4d605d)
Start importing Assets/Prefab/SchoolBully 1/SchoolBully_0.controller using Guid(4d23996a2d803f64bbc4b39d81a7e0dc) Importer(2089858483,b0f066a214c2f5e87bad3c948f4d605d) (ScriptedImporter) -> (Import Result ID: '10252720c0d96bc951dc8851a968725a') in 0.0116652 seconds [static and dynamic dependencies]. Details - ImportResultOutputID=af3c85880ce5a4858af8a53403638286 DependenciesID=d97ce8e6c814d833864e7bc0c6e19043 StaticDependenciesID=02fb24224f54057634f303f281fb8c77 
Number of updated asset objects reloaded before import = 0Number of asset objects unloaded after import = 4

========================================================================
Received Import Request.
  Time since last request: 0.000026 seconds.
  path: Assets/Prefab/SchoolBully 1/BullyIdle_0.controller
  importAddress: Guid(c8a74577967dac74492eecba19e4100c) Importer(2089858483,b0f066a214c2f5e87bad3c948f4d605d)
Start importing Assets/Prefab/SchoolBully 1/BullyIdle_0.controller using Guid(c8a74577967dac74492eecba19e4100c) Importer(2089858483,b0f066a214c2f5e87bad3c948f4d605d) (ScriptedImporter) -> (Import Result ID: '3871a262e034365509fd10f73523d181') in 0.0113265 seconds [static and dynamic dependencies]. Details - ImportResultOutputID=d739ca13634e78545ac3fcc217a3e84d DependenciesID=deb5db8b4b18804dcd4c198f406d0ff0 StaticDependenciesID=c104301172c23adfd2bfcd73b850ef90 
Number of updated asset objects reloaded before import = 0Number of asset objects unloaded after import = 4

========================================================================
Received Import Request.
  Time since last request: 0.000025 seconds.
  path: Assets/Prefab/SchoolBully 1/BullyEnemy.cs
  importAddress: Guid(33cc286958af65b4aa6bf14d62546427) Importer(2089858483,b0f066a214c2f5e87bad3c948f4d605d)
Start importing Assets/Prefab/SchoolBully 1/BullyEnemy.cs using Guid(33cc286958af65b4aa6bf14d62546427) Importer(2089858483,b0f066a214c2f5e87bad3c948f4d605d) (ScriptedImporter) -> (Import Result ID: '0e9e29f1286a5f95207db66653c3dd1e') in 0.0118705 seconds [static and dynamic dependencies]. Details - ImportResultOutputID=eabaf59177ce32882d8721d2f050bf61 DependenciesID=849065bde8829016496ba9809441b85f StaticDependenciesID=0bd9c047fce51d8f4ecb6915228b92ab 
Number of updated asset objects reloaded before import = 0Number of asset objects unloaded after import = 0

========================================================================
Received Import Request.
  Time since last request: 0.000025 seconds.
  path: Assets/Prefab/SchoolBully 1/BullyRun.anim
  importAddress: Guid(9d910905bc1f0c44e8f876442a69dea2) Importer(2089858483,b0f066a214c2f5e87bad3c948f4d605d)
Start importing Assets/Prefab/SchoolBully 1/BullyRun.anim using Guid(9d910905bc1f0c44e8f876442a69dea2) Importer(2089858483,b0f066a214c2f5e87bad3c948f4d605d) (ScriptedImporter) -> (Import Result ID: 'e6f40a27799494c4c334ae1d8df8da8e') in 0.0115501 seconds [static and dynamic dependencies]. Details - ImportResultOutputID=d54ab85602c9af55ce16caed8daf739a DependenciesID=6d077911e2c63ba602b7abd0306cf66f StaticDependenciesID=0c7c213497217d12649c151de6406eaf 
Number of updated asset objects reloaded before import = 0Number of asset objects unloaded after import = 1

========================================================================
Received Prepare
Default GameObject BitMask: UI already registered
'Packages/com.unity.cinemachine/Editor/Obsolete/CinemachineVirtualCameraBaseEditor.cs' contains partial class of Unity.Object, exactly 1 of the partial classes needs to be in a file with the same filename. This is to know the one that can be referenced from ie. GameObjects
'Packages/com.unity.cinemachine/Editor/Editors/CinemachineVirtualCameraBaseEditor.cs' contains partial class of Unity.Object, exactly 1 of the partial classes needs to be in a file with the same filename. This is to know the one that can be referenced from ie. GameObjects
Refreshing native plugins compatible for Editor in 2.92 ms, found 4 plugins.
Unloading 25 Unused Serialized files (Serialized files now loaded: 0)
Unloading 5608 unused Assets / (6.2 MB). Loaded Objects now: 6586.
Memory consumption went from 169.9 MB to 163.7 MB.
Total: 19.003800 ms (FindLiveObjects: 0.816100 ms CreateObjectMapping: 1.245800 ms MarkObjects: 11.612200 ms  DeleteObjects: 5.328400 ms)

Prepare: number of updated asset objects reloaded= 0
========================================================================
Received Prepare
Default GameObject BitMask: UI already registered
Assembly reference Packages/com.unity.cinemachine/Editor/Samples/ExposeHDRPInternals/HDRP-Editor-ref.asmref has no target assembly definition
Assembly reference Packages/com.unity.cinemachine/Editor/Samples/ExposeHDRPInternals/HDRP-Editor-ref.asmref has no target assembly definition
Begin MonoManager ReloadAssembly
[Licensing::Client] Successfully resolved entitlement details
Assembly Assembly-CSharp-Editor-firstpass.dll at Library/ScriptAssemblies/Assembly-CSharp-Editor-firstpass.dll not valid. Loading of assembly skipped.
Assembly Assembly-CSharp-Editor.dll at Library/ScriptAssemblies/Assembly-CSharp-Editor.dll not valid. Loading of assembly skipped.
Assembly Assembly-CSharp-firstpass.dll at Library/ScriptAssemblies/Assembly-CSharp-firstpass.dll not valid. Loading of assembly skipped.
Assembly DocCodeExamples.dll at Library/ScriptAssemblies/DocCodeExamples.dll not valid. Loading of assembly skipped.
Assembly TestNewCustomAssembly.dll at Library/ScriptAssemblies/TestNewCustomAssembly.dll not valid. Loading of assembly skipped.
Assembly Unity.2D.Animation.EditorTests.dll at Library/ScriptAssemblies/Unity.2D.Animation.EditorTests.dll not valid. Loading of assembly skipped.
Assembly Unity.2D.Common.EditorTests.dll at Library/ScriptAssemblies/Unity.2D.Common.EditorTests.dll not valid. Loading of assembly skipped.
Assembly Unity.2D.PixelPerfect.Editor.Tests.dll at Library/ScriptAssemblies/Unity.2D.PixelPerfect.Editor.Tests.dll not valid. Loading of assembly skipped.
Assembly Unity.2D.Psdimporter.EditorTests.dll at Library/ScriptAssemblies/Unity.2D.Psdimporter.EditorTests.dll not valid. Loading of assembly skipped.
Assembly Unity.2D.Sprite.Package.EditorTests.dll at Library/ScriptAssemblies/Unity.2D.Sprite.Package.EditorTests.dll not valid. Loading of assembly skipped.
Assembly Unity.2D.SpriteShape.EditorTests.dll at Library/ScriptAssemblies/Unity.2D.SpriteShape.EditorTests.dll not valid. Loading of assembly skipped.
Assembly Unity.2D.Tilemap.Package.EditorTests.dll at Library/ScriptAssemblies/Unity.2D.Tilemap.Package.EditorTests.dll not valid. Loading of assembly skipped.
Assembly Unity.Collections.BurstCompatibilityGen.dll at Library/ScriptAssemblies/Unity.Collections.BurstCompatibilityGen.dll not valid. Loading of assembly skipped.
Assembly Unity.Collections.DocCodeSamples.dll at Library/ScriptAssemblies/Unity.Collections.DocCodeSamples.dll not valid. Loading of assembly skipped.
Assembly Unity.Collections.PerformanceTests.dll at Library/ScriptAssemblies/Unity.Collections.PerformanceTests.dll not valid. Loading of assembly skipped.
Assembly Unity.Collections.Tests.dll at Library/ScriptAssemblies/Unity.Collections.Tests.dll not valid. Loading of assembly skipped.
Assembly Unity.Collections.Tests.Playmode.dll at Library/ScriptAssemblies/Unity.Collections.Tests.Playmode.dll not valid. Loading of assembly skipped.
Assembly Unity.Mathematics.Tests.dll at Library/ScriptAssemblies/Unity.Mathematics.Tests.dll not valid. Loading of assembly skipped.
Assembly Unity.Multiplayer.Center.Editor.Tests.dll at Library/ScriptAssemblies/Unity.Multiplayer.Center.Editor.Tests.dll not valid. Loading of assembly skipped.
Assembly Unity.Multiplayer.Center.Tests.dll at Library/ScriptAssemblies/Unity.Multiplayer.Center.Tests.dll not valid. Loading of assembly skipped.
Assembly Unity.Nuget.Mono-Cecil.dll at Library/ScriptAssemblies/Unity.Nuget.Mono-Cecil.dll not valid. Loading of assembly skipped.
Assembly Unity.PathTracing.Editor.Tests.dll at Library/ScriptAssemblies/Unity.PathTracing.Editor.Tests.dll not valid. Loading of assembly skipped.
Assembly Unity.PathTracing.Runtime.Tests.dll at Library/ScriptAssemblies/Unity.PathTracing.Runtime.Tests.dll not valid. Loading of assembly skipped.
Assembly Unity.RenderPipelines.Core.Editor.Tests.dll at Library/ScriptAssemblies/Unity.RenderPipelines.Core.Editor.Tests.dll not valid. Loading of assembly skipped.
Assembly Unity.RenderPipelines.Core.Runtime.Tests.dll at Library/ScriptAssemblies/Unity.RenderPipelines.Core.Runtime.Tests.dll not valid. Loading of assembly skipped.
Assembly Unity.RenderPipelines.Universal.Config.Editor.Tests.dll at Library/ScriptAssemblies/Unity.RenderPipelines.Universal.Config.Editor.Tests.dll not valid. Loading of assembly skipped.
Assembly Unity.RenderPipelines.Universal.Editor.Tests.dll at Library/ScriptAssemblies/Unity.RenderPipelines.Universal.Editor.Tests.dll not valid. Loading of assembly skipped.
Assembly Unity.RenderPipelines.Universal.Runtime.Tests.dll at Library/ScriptAssemblies/Unity.RenderPipelines.Universal.Runtime.Tests.dll not valid. Loading of assembly skipped.
Assembly Unity.Searcher.EditorTests.dll at Library/ScriptAssemblies/Unity.Searcher.EditorTests.dll not valid. Loading of assembly skipped.
Assembly Unity.Settings.Tests.dll at Library/ScriptAssemblies/Unity.Settings.Tests.dll not valid. Loading of assembly skipped.
Assembly Unity.ShaderGraph.Editor.Tests.dll at Library/ScriptAssemblies/Unity.ShaderGraph.Editor.Tests.dll not valid. Loading of assembly skipped.
Assembly Unity.TextMeshPro.Editor.Tests.dll at Library/ScriptAssemblies/Unity.TextMeshPro.Editor.Tests.dll not valid. Loading of assembly skipped.
Assembly Unity.TextMeshPro.Tests.dll at Library/ScriptAssemblies/Unity.TextMeshPro.Tests.dll not valid. Loading of assembly skipped.
Assembly Unity.UnifiedRayTracing.Editor.Tests.dll at Library/ScriptAssemblies/Unity.UnifiedRayTracing.Editor.Tests.dll not valid. Loading of assembly skipped.
Assembly UnityEditor.UI.Common.Tests.dll at Library/ScriptAssemblies/UnityEditor.UI.Common.Tests.dll not valid. Loading of assembly skipped.
Assembly UnityEditor.UI.EditorTests.dll at Library/ScriptAssemblies/UnityEditor.UI.EditorTests.dll not valid. Loading of assembly skipped.
Assembly UnityEngine.UI.Tests.dll at Library/ScriptAssemblies/UnityEngine.UI.Tests.dll not valid. Loading of assembly skipped.
Assembly reference Packages/com.unity.cinemachine/Editor/Samples/ExposeHDRPInternals/HDRP-Editor-ref.asmref has no target assembly definition
'Packages/com.unity.cinemachine/Editor/Obsolete/CinemachineVirtualCameraBaseEditor.cs' contains partial class of Unity.Object, exactly 1 of the partial classes needs to be in a file with the same filename. This is to know the one that can be referenced from ie. GameObjects
'Packages/com.unity.cinemachine/Editor/Editors/CinemachineVirtualCameraBaseEditor.cs' contains partial class of Unity.Object, exactly 1 of the partial classes needs to be in a file with the same filename. This is to know the one that can be referenced from ie. GameObjects
Native extension for WindowsStandalone target not found
Assembly reference Packages/com.unity.cinemachine/Editor/Samples/ExposeHDRPInternals/HDRP-Editor-ref.asmref has no target assembly definition
[Package Manager] Failed to launch server process. Reason: Unity was launched with the -noUpm command-line argument
[Package Manager] Unable to send message (not connected to server process).
[Package Manager] Cannot connect to Unity Package Manager local server
[Package Manager] Failed to launch server process. Reason: Unity was launched with the -noUpm command-line argument
[Package Manager] Unable to send message (not connected to server process).
[Package Manager] Cannot connect to Unity Package Manager local server
[Package Manager] Failed to launch server process. Reason: Unity was launched with the -noUpm command-line argument
[Package Manager] Unable to send message (not connected to server process).
[Package Manager] Cannot connect to Unity Package Manager local server
ScheduleIndexationOnStartup MainProcess:False IndexOnStartup:True
Mono: successfully reloaded assembly
- Finished resetting the current domain, in  0.770 seconds
Domain Reload Profiling: 1672ms
	BeginReloadAssembly (262ms)
		DisableScriptedObjects (26ms)
		CreateAndSetChildDomain (70ms)
	RebuildCommonClasses (47ms)
	RebuildNativeTypeToScriptingClass (14ms)
	initialDomainReloadingComplete (73ms)
	LoadAllAssembliesAndSetupDomain (505ms)
		LoadAssemblies (409ms)
		AnalyzeDomain (197ms)
			TypeCache.Refresh (8ms)
			BuildScriptInfoCaches (171ms)
			ResolveRequiredComponents (15ms)
	FinalizeReload (770ms)
		SetupLoadedEditorAssemblies (0ms)
			BeforeProcessingInitializeOnLoad (145ms)
			ProcessInitializeOnLoadAttributes (370ms)
			ProcessInitializeOnLoadMethodAttributes (83ms)
			AfterProcessingInitializeOnLoad (8ms)
		AwakeInstancesAfterBackupRestoration (14ms)
Refreshing native plugins compatible for Editor in 2.23 ms, found 4 plugins.
Unloading 25 Unused Serialized files (Serialized files now loaded: 0)
Unloading 5620 unused Assets / (4.6 MB). Loaded Objects now: 6518.
Memory consumption went from 173.9 MB to 169.3 MB.
Total: 11.090000 ms (FindLiveObjects: 0.685200 ms CreateObjectMapping: 1.101500 ms MarkObjects: 6.561700 ms  DeleteObjects: 2.740900 ms)

Prepare: number of updated asset objects reloaded= 0
Editor requested this worker to shutdown with reason: Scaling down because of idle timeout
AssetImportWorker is now disconnected from the server
Process exiting
Exiting without the bug reporter. Application will terminate with return code 0