[Licensing::Module] Trying to connect to existing licensing client channel...
Built from '6000.4/staging' branch; Version is '6000.4.3f1 (39d1a88d4dd1) revision 3789224'; Using compiler version '194234433'; Build Type 'Release'
OS: 'Windows 11  (10.0.26200) Professional' Language: 'en' Physical Memory: 16310 MB
BatchMode: 1, IsHumanControllingUs: 0, StartBugReporterOnCrash: 0, Is64bit: 1
[Licensing::IpcConnector] Successfully connected to: "LicenseClient-go3_mwym8nMUOLI6PrGyN" at "2026-05-10T18:39:52.2052533Z"
System  architecture: x64
Process architecture: x64
Date: 2026-05-10T18:39:52Z

COMMAND LINE ARGUMENTS:
C:\Program Files\Unity\Hub\Editor\6000.4.3f1\Editor\Unity.exe
-adb2
-batchMode
-noUpm
-name
AssetImportWorker2
-projectPath
C:/Users/tyron/Documents/Games/LBYHFINAL/lbyhfinal
-logFile
Logs/AssetImportWorker2.log
-srvPort
60929
-licensingIpc
LicenseClient-go3_mwym8nMUOLI6PrGyN
-force-d3d12
-job-worker-count
7
-background-job-worker-count
8
-gc-helper-count
1
-name
AssetImport
Successfully changed project path to: C:/Users/tyron/Documents/Games/LBYHFINAL/lbyhfinal
C:/Users/tyron/Documents/Games/LBYHFINAL/lbyhfinal
[UnityMemory] Configuration Parameters - Can be set up in boot.config
    "memorysetup-temp-allocator-size-gi-baking-worker=262144"
    "memorysetup-temp-allocator-size-gi-baking-worker=262144"
    "memorysetup-temp-allocator-size-gi-baking-worker=262144"
    "memorysetup-temp-allocator-size-gi-baking-worker=262144"
    "memorysetup-temp-allocator-size-gi-baking-worker=262144"
    "memorysetup-temp-allocator-size-nav-mesh-worker=65536"
    "memorysetup-temp-allocator-size-audio-worker=65536"
    "memorysetup-temp-allocator-size-cloud-worker=32768"
    "memorysetup-temp-allocator-size-gfx=262144"
    "memorysetup-temp-allocator-size-preload-manager=33554432"
    "memorysetup-temp-allocator-size-job-worker=262144"
    "memorysetup-temp-allocator-size-background-worker=32768"
    "memorysetup-allocator-temp-initial-block-size-main=262144"
    "memorysetup-allocator-temp-initial-block-size-worker=262144"
    "memorysetup-bucket-allocator-granularity=16"
    "memorysetup-bucket-allocator-bucket-count=8"
    "memorysetup-bucket-allocator-block-size=33554432"
    "memorysetup-bucket-allocator-block-count=8"
    "memorysetup-main-allocator-block-size=16777216"
    "memorysetup-thread-allocator-block-size=16777216"
    "memorysetup-gfx-main-allocator-block-size=16777216"
    "memorysetup-gfx-thread-allocator-block-size=16777216"
    "memorysetup-cache-allocator-block-size=4194304"
    "memorysetup-typetree-allocator-block-size=2097152"
    "memorysetup-profiler-bucket-allocator-granularity=16"
    "memorysetup-profiler-bucket-allocator-bucket-count=8"
    "memorysetup-profiler-bucket-allocator-block-size=33554432"
    "memorysetup-profiler-bucket-allocator-block-count=8"
    "memorysetup-profiler-allocator-block-size=16777216"
    "memorysetup-profiler-editor-allocator-block-size=1048576"
    "memorysetup-temp-allocator-size-main=16777216"
    "memorysetup-job-temp-allocator-block-size=2097152"
    "memorysetup-job-temp-allocator-block-size-background=1048576"
    "memorysetup-job-temp-allocator-reduction-small-platforms=262144"
Player connection [3796]  Target information:

Player connection [3796]  * "[IP] 192.168.254.117 [Port] 0 [Flags] 2 [Guid] 4255465824 [EditorId] 4255465824 [Version] 1048832 [Id] WindowsEditor(7,DESKTOP-2216JCP) [Debug] 1 [PackageName] WindowsEditor [ProjectName] Editor" 

Player connection [3796] Host joined multi-casting on [225.0.0.222:54997]...
Player connection [3796] Host joined alternative multi-casting on [225.0.0.222:34997]...
JobSystem: Creating JobQueue using job-worker-count value 7
Input System module state changed to: Initialized.
[Physics::Module] Initialized fallback backend.
[Physics::Module] Id: 0xdecafbad
Library Redirect Path: Library/
Default GameObject BitMask: UI already registered
[Physics::Module] Selected backend.
[Physics::Module] Name: PhysX
[Physics::Module] Id: 0xf2b8ea05
[Physics::Module] SDK Version: 4.1.2
[Physics::Module] Integration Version: 1.0.0
[Physics::Module] Threading Mode: Multi-Threaded
Refreshing native plugins compatible for Editor in 4.76 ms, found 4 plugins.
Initialize engine version: 6000.4.3f1 (39d1a88d4dd1)
[Subsystems] Discovering subsystems at path C:/Program Files/Unity/Hub/Editor/6000.4.3f1/Editor/Data/Resources/UnitySubsystems
[Subsystems] Discovering subsystems at path C:/Users/tyron/Documents/Games/LBYHFINAL/lbyhfinal/Assets
Forcing GfxDevice: Direct3D 12
GfxDevice: creating device client; kGfxThreadingModeNonThreaded
d3d12: failed to query info queue interface (0x80004002).
Direct3D:
    Version:         Direct3D 12 [level 12.2]
    Renderer:        NVIDIA GeForce RTX 3060 (ID=0x2504)
    Vendor:          NVIDIA
    VRAM:            12115 MB
    App VRAM Budget: 11347 MB
    Driver:          32.0.15.8157
Initialize mono
Mono path[0] = 'C:/Program Files/Unity/Hub/Editor/6000.4.3f1/Editor/Data/Managed'
Mono path[1] = 'C:/Program Files/Unity/Hub/Editor/6000.4.3f1/Editor/Data/MonoBleedingEdge/lib/mono/unityjit-win32'
Mono config path = 'C:/Program Files/Unity/Hub/Editor/6000.4.3f1/Editor/Data/MonoBleedingEdge/etc'
Using monoOptions --debugger-agent=transport=dt_socket,embedding=1,server=y,suspend=n,address=127.0.0.1:56288
CodeReloadManager initialized
Begin MonoManager ReloadAssembly
[Licensing::Client] Error: HandshakeResponse reported an error:
	ResponseCode: 505
	ResponseStatus: Unsupported protocol version '1.18.1'.
[Licensing::Module] Error: Failed to handshake to channel: "LicenseClient-go3_mwym8nMUOLI6PrGyN"
[Licensing::IpcConnector] LicenseClient-go3_mwym8nMUOLI6PrGyN channel disconnected successfully.
[Licensing::IpcConnector] Successfully connected to: "LicenseClient-tyron-6000.4.3" at "2026-05-10T18:39:53.3554679Z"
Registering precompiled unity dll's ...
Register platform support module: C:/Program Files/Unity/Hub/Editor/6000.4.3f1/Editor/Data/PlaybackEngines/WindowsStandaloneSupport/UnityEditor.WindowsStandalone.Extensions.dll
Registered in 0.002311 seconds.
Native extension for WindowsStandalone target not found
Package Manager log level set to [2]
[Package Manager] Failed to launch server process. Reason: Unity was launched with the -noUpm command-line argument
[Package Manager] Unable to send message (not connected to server process).
[Package Manager] Cannot connect to Unity Package Manager local server
ScheduleIndexationOnStartup MainProcess:False IndexOnStartup:True
Mono: successfully reloaded assembly
- Finished resetting the current domain, in  0.405 seconds
Domain Reload Profiling: 865ms
	BeginReloadAssembly (125ms)
	RebuildCommonClasses (45ms)
	RebuildNativeTypeToScriptingClass (12ms)
	initialDomainReloadingComplete (78ms)
	LoadAllAssembliesAndSetupDomain (198ms)
		LoadAssemblies (120ms)
		AnalyzeDomain (190ms)
			TypeCache.Refresh (188ms)
				TypeCache.ScanAssembly (174ms)
	FinalizeReload (407ms)
		SetupLoadedEditorAssemblies (0ms)
			InitializePlatformSupportModulesInManaged (45ms)
			BeforeProcessingInitializeOnLoad (82ms)
			ProcessInitializeOnLoadAttributes (109ms)
			ProcessInitializeOnLoadMethodAttributes (101ms)
Assembly reference Packages/com.unity.cinemachine/Editor/Samples/ExposeHDRPInternals/HDRP-Editor-ref.asmref has no target assembly definition
========================================================================
Worker process is ready to serve import requests
Import Worker Mode flag is 0x00
Assembly reference Packages/com.unity.cinemachine/Editor/Samples/ExposeHDRPInternals/HDRP-Editor-ref.asmref has no target assembly definition
Assembly reference Packages/com.unity.cinemachine/Editor/Samples/ExposeHDRPInternals/HDRP-Editor-ref.asmref has no target assembly definition
Begin MonoManager ReloadAssembly
[Licensing::Module] Licensing is not yet initialized.
[Licensing::Client] Handshaking with LicensingClient:
  Version:                 1.18.1+9fbee8e
  Session Id:              b5a430f9dc6f4fd0aa544522cd0b06bb
  Correlation Id:          3613cc089650d0c67ed74e0c5fa6061d
  External correlation Id: 1159888980256917157
  Machine Id:              8s6LdPVFeVL+JPPIymwroRPXaRk=
[Licensing::Module] Successfully connected to LicensingClient on channel: "LicenseClient-tyron-6000.4.3" (connect: 0.00s, validation: 0.00s, handshake: 1.12s)
[Licensing::IpcConnector] Successfully connected to: "LicenseClient-tyron-6000.4.3-notifications" at "2026-05-10T18:39:54.4859826Z"
[Licensing::Module] Licensing Background thread has ended after 2.28s
[Licensing::Module] Licensing is initialized (took 0.01s).
[Licensing::Client] Successfully resolved entitlement details
[Licensing::Module] License group:
  Id: 18968330311373-UnityPersXXXX
  Product: Unity Personal
  Type: Assigned
  Expiration: Unlimited
Assembly Assembly-CSharp-Editor-firstpass.dll at Library/ScriptAssemblies/Assembly-CSharp-Editor-firstpass.dll not valid. Loading of assembly skipped.
Assembly Assembly-CSharp-Editor.dll at Library/ScriptAssemblies/Assembly-CSharp-Editor.dll not valid. Loading of assembly skipped.
Assembly Assembly-CSharp-firstpass.dll at Library/ScriptAssemblies/Assembly-CSharp-firstpass.dll not valid. Loading of assembly skipped.
Assembly DocCodeExamples.dll at Library/ScriptAssemblies/DocCodeExamples.dll not valid. Loading of assembly skipped.
Assembly TestNewCustomAssembly.dll at Library/ScriptAssemblies/TestNewCustomAssembly.dll not valid. Loading of assembly skipped.
Assembly Unity.2D.Animation.EditorTests.dll at Library/ScriptAssemblies/Unity.2D.Animation.EditorTests.dll not valid. Loading of assembly skipped.
Assembly Unity.2D.Common.EditorTests.dll at Library/ScriptAssemblies/Unity.2D.Common.EditorTests.dll not valid. Loading of assembly skipped.
Assembly Unity.2D.PixelPerfect.Editor.Tests.dll at Library/ScriptAssemblies/Unity.2D.PixelPerfect.Editor.Tests.dll not valid. Loading of assembly skipped.
Assembly Unity.2D.Psdimporter.EditorTests.dll at Library/ScriptAssemblies/Unity.2D.Psdimporter.EditorTests.dll not valid. Loading of assembly skipped.
Assembly Unity.2D.Sprite.Package.EditorTests.dll at Library/ScriptAssemblies/Unity.2D.Sprite.Package.EditorTests.dll not valid. Loading of assembly skipped.
Assembly Unity.2D.SpriteShape.EditorTests.dll at Library/ScriptAssemblies/Unity.2D.SpriteShape.EditorTests.dll not valid. Loading of assembly skipped.
Assembly Unity.2D.Tilemap.Package.EditorTests.dll at Library/ScriptAssemblies/Unity.2D.Tilemap.Package.EditorTests.dll not valid. Loading of assembly skipped.
Assembly Unity.Collections.BurstCompatibilityGen.dll at Library/ScriptAssemblies/Unity.Collections.BurstCompatibilityGen.dll not valid. Loading of assembly skipped.
Assembly Unity.Collections.DocCodeSamples.dll at Library/ScriptAssemblies/Unity.Collections.DocCodeSamples.dll not valid. Loading of assembly skipped.
Assembly Unity.Collections.PerformanceTests.dll at Library/ScriptAssemblies/Unity.Collections.PerformanceTests.dll not valid. Loading of assembly skipped.
Assembly Unity.Collections.Tests.dll at Library/ScriptAssemblies/Unity.Collections.Tests.dll not valid. Loading of assembly skipped.
Assembly Unity.Collections.Tests.Playmode.dll at Library/ScriptAssemblies/Unity.Collections.Tests.Playmode.dll not valid. Loading of assembly skipped.
Assembly Unity.Mathematics.Tests.dll at Library/ScriptAssemblies/Unity.Mathematics.Tests.dll not valid. Loading of assembly skipped.
Assembly Unity.Multiplayer.Center.Editor.Tests.dll at Library/ScriptAssemblies/Unity.Multiplayer.Center.Editor.Tests.dll not valid. Loading of assembly skipped.
Assembly Unity.Multiplayer.Center.Tests.dll at Library/ScriptAssemblies/Unity.Multiplayer.Center.Tests.dll not valid. Loading of assembly skipped.
Assembly Unity.Nuget.Mono-Cecil.dll at Library/ScriptAssemblies/Unity.Nuget.Mono-Cecil.dll not valid. Loading of assembly skipped.
Assembly Unity.PathTracing.Editor.Tests.dll at Library/ScriptAssemblies/Unity.PathTracing.Editor.Tests.dll not valid. Loading of assembly skipped.
Assembly Unity.PathTracing.Runtime.Tests.dll at Library/ScriptAssemblies/Unity.PathTracing.Runtime.Tests.dll not valid. Loading of assembly skipped.
Assembly Unity.RenderPipelines.Core.Editor.Tests.dll at Library/ScriptAssemblies/Unity.RenderPipelines.Core.Editor.Tests.dll not valid. Loading of assembly skipped.
Assembly Unity.RenderPipelines.Core.Runtime.Tests.dll at Library/ScriptAssemblies/Unity.RenderPipelines.Core.Runtime.Tests.dll not valid. Loading of assembly skipped.
Assembly Unity.RenderPipelines.Universal.Config.Editor.Tests.dll at Library/ScriptAssemblies/Unity.RenderPipelines.Universal.Config.Editor.Tests.dll not valid. Loading of assembly skipped.
Assembly Unity.RenderPipelines.Universal.Editor.Tests.dll at Library/ScriptAssemblies/Unity.RenderPipelines.Universal.Editor.Tests.dll not valid. Loading of assembly skipped.
Assembly Unity.RenderPipelines.Universal.Runtime.Tests.dll at Library/ScriptAssemblies/Unity.RenderPipelines.Universal.Runtime.Tests.dll not valid. Loading of assembly skipped.
Assembly Unity.Searcher.EditorTests.dll at Library/ScriptAssemblies/Unity.Searcher.EditorTests.dll not valid. Loading of assembly skipped.
Assembly Unity.Settings.Tests.dll at Library/ScriptAssemblies/Unity.Settings.Tests.dll not valid. Loading of assembly skipped.
Assembly Unity.ShaderGraph.Editor.Tests.dll at Library/ScriptAssemblies/Unity.ShaderGraph.Editor.Tests.dll not valid. Loading of assembly skipped.
Assembly Unity.TextMeshPro.Editor.Tests.dll at Library/ScriptAssemblies/Unity.TextMeshPro.Editor.Tests.dll not valid. Loading of assembly skipped.
Assembly Unity.TextMeshPro.Tests.dll at Library/ScriptAssemblies/Unity.TextMeshPro.Tests.dll not valid. Loading of assembly skipped.
Assembly Unity.UnifiedRayTracing.Editor.Tests.dll at Library/ScriptAssemblies/Unity.UnifiedRayTracing.Editor.Tests.dll not valid. Loading of assembly skipped.
Assembly UnityEditor.UI.Common.Tests.dll at Library/ScriptAssemblies/UnityEditor.UI.Common.Tests.dll not valid. Loading of assembly skipped.
Assembly UnityEditor.UI.EditorTests.dll at Library/ScriptAssemblies/UnityEditor.UI.EditorTests.dll not valid. Loading of assembly skipped.
Assembly UnityEngine.UI.Tests.dll at Library/ScriptAssemblies/UnityEngine.UI.Tests.dll not valid. Loading of assembly skipped.
Assembly reference Packages/com.unity.cinemachine/Editor/Samples/ExposeHDRPInternals/HDRP-Editor-ref.asmref has no target assembly definition
'Packages/com.unity.cinemachine/Editor/Obsolete/CinemachineVirtualCameraBaseEditor.cs' contains partial class of Unity.Object, exactly 1 of the partial classes needs to be in a file with the same filename. This is to know the one that can be referenced from ie. GameObjects
'Packages/com.unity.cinemachine/Editor/Editors/CinemachineVirtualCameraBaseEditor.cs' contains partial class of Unity.Object, exactly 1 of the partial classes needs to be in a file with the same filename. This is to know the one that can be referenced from ie. GameObjects
Refreshing native plugins compatible for Editor in 2.42 ms, found 4 plugins.
Native extension for WindowsStandalone target not found
Assembly reference Packages/com.unity.cinemachine/Editor/Samples/ExposeHDRPInternals/HDRP-Editor-ref.asmref has no target assembly definition
[Package Manager] Failed to launch server process. Reason: Unity was launched with the -noUpm command-line argument
[Package Manager] Unable to send message (not connected to server process).
[Package Manager] Cannot connect to Unity Package Manager local server
[Package Manager] Failed to launch server process. Reason: Unity was launched with the -noUpm command-line argument
[Package Manager] Unable to send message (not connected to server process).
[Package Manager] Cannot connect to Unity Package Manager local server
[Package Manager] Failed to launch server process. Reason: Unity was launched with the -noUpm command-line argument
[Package Manager] Unable to send message (not connected to server process).
[Package Manager] Cannot connect to Unity Package Manager local server
Refreshing native plugins compatible for Editor in 2.17 ms, found 4 plugins.
ScheduleIndexationOnStartup MainProcess:False IndexOnStartup:True
Mono: successfully reloaded assembly
- Finished resetting the current domain, in  0.860 seconds
Domain Reload Profiling: 1831ms
	BeginReloadAssembly (215ms)
		DisableScriptedObjects (6ms)
		CreateAndSetChildDomain (35ms)
	RebuildCommonClasses (43ms)
	RebuildNativeTypeToScriptingClass (13ms)
	initialDomainReloadingComplete (99ms)
	LoadAllAssembliesAndSetupDomain (602ms)
		LoadAssemblies (498ms)
		AnalyzeDomain (217ms)
			TypeCache.Refresh (152ms)
				TypeCache.ScanAssembly (138ms)
			BuildScriptInfoCaches (53ms)
			ResolveRequiredComponents (9ms)
	FinalizeReload (860ms)
		SetupLoadedEditorAssemblies (0ms)
			BeforeProcessingInitializeOnLoad (137ms)
			ProcessInitializeOnLoadAttributes (395ms)
			ProcessInitializeOnLoadMethodAttributes (123ms)
			AfterProcessingInitializeOnLoad (8ms)
		AwakeInstancesAfterBackupRestoration (6ms)
Default GameObject BitMask: UI already registered
Launched and connected shader compiler UnityShaderCompiler.exe after 0.02 seconds
Refreshing native plugins compatible for Editor in 2.18 ms, found 4 plugins.
Unloading 25 Unused Serialized files (Serialized files now loaded: 0)
Unloading 5623 unused Assets / (6.7 MB). Loaded Objects now: 6481.
Memory consumption went from 169.2 MB to 162.6 MB.
Total: 9.952000 ms (FindLiveObjects: 0.955900 ms CreateObjectMapping: 0.437200 ms MarkObjects: 6.110500 ms  DeleteObjects: 2.446300 ms)

========================================================================
Received Prepare
Default GameObject BitMask: UI already registered
'Packages/com.unity.cinemachine/Editor/Obsolete/CinemachineVirtualCameraBaseEditor.cs' contains partial class of Unity.Object, exactly 1 of the partial classes needs to be in a file with the same filename. This is to know the one that can be referenced from ie. GameObjects
'Packages/com.unity.cinemachine/Editor/Editors/CinemachineVirtualCameraBaseEditor.cs' contains partial class of Unity.Object, exactly 1 of the partial classes needs to be in a file with the same filename. This is to know the one that can be referenced from ie. GameObjects
Refreshing native plugins compatible for Editor in 2.34 ms, found 4 plugins.
Unloading 25 Unused Serialized files (Serialized files now loaded: 0)
Unloading 5608 unused Assets / (5.6 MB). Loaded Objects now: 6480.
Memory consumption went from 166.9 MB to 161.2 MB.
Total: 16.012100 ms (FindLiveObjects: 1.210200 ms CreateObjectMapping: 1.577500 ms MarkObjects: 9.232700 ms  DeleteObjects: 3.989800 ms)

Prepare: number of updated asset objects reloaded= 0
========================================================================
Received Prepare
Default GameObject BitMask: UI already registered
Assembly reference Packages/com.unity.cinemachine/Editor/Samples/ExposeHDRPInternals/HDRP-Editor-ref.asmref has no target assembly definition
Assembly reference Packages/com.unity.cinemachine/Editor/Samples/ExposeHDRPInternals/HDRP-Editor-ref.asmref has no target assembly definition
Begin MonoManager ReloadAssembly
Assembly Assembly-CSharp-Editor-firstpass.dll at Library/ScriptAssemblies/Assembly-CSharp-Editor-firstpass.dll not valid. Loading of assembly skipped.
Assembly Assembly-CSharp-Editor.dll at Library/ScriptAssemblies/Assembly-CSharp-Editor.dll not valid. Loading of assembly skipped.
Assembly Assembly-CSharp-firstpass.dll at Library/ScriptAssemblies/Assembly-CSharp-firstpass.dll not valid. Loading of assembly skipped.
Assembly DocCodeExamples.dll at Library/ScriptAssemblies/DocCodeExamples.dll not valid. Loading of assembly skipped.
Assembly TestNewCustomAssembly.dll at Library/ScriptAssemblies/TestNewCustomAssembly.dll not valid. Loading of assembly skipped.
Assembly Unity.2D.Animation.EditorTests.dll at Library/ScriptAssemblies/Unity.2D.Animation.EditorTests.dll not valid. Loading of assembly skipped.
Assembly Unity.2D.Common.EditorTests.dll at Library/ScriptAssemblies/Unity.2D.Common.EditorTests.dll not valid. Loading of assembly skipped.
Assembly Unity.2D.PixelPerfect.Editor.Tests.dll at Library/ScriptAssemblies/Unity.2D.PixelPerfect.Editor.Tests.dll not valid. Loading of assembly skipped.
Assembly Unity.2D.Psdimporter.EditorTests.dll at Library/ScriptAssemblies/Unity.2D.Psdimporter.EditorTests.dll not valid. Loading of assembly skipped.
Assembly Unity.2D.Sprite.Package.EditorTests.dll at Library/ScriptAssemblies/Unity.2D.Sprite.Package.EditorTests.dll not valid. Loading of assembly skipped.
Assembly Unity.2D.SpriteShape.EditorTests.dll at Library/ScriptAssemblies/Unity.2D.SpriteShape.EditorTests.dll not valid. Loading of assembly skipped.
Assembly Unity.2D.Tilemap.Package.EditorTests.dll at Library/ScriptAssemblies/Unity.2D.Tilemap.Package.EditorTests.dll not valid. Loading of assembly skipped.
Assembly Unity.Collections.BurstCompatibilityGen.dll at Library/ScriptAssemblies/Unity.Collections.BurstCompatibilityGen.dll not valid. Loading of assembly skipped.
Assembly Unity.Collections.DocCodeSamples.dll at Library/ScriptAssemblies/Unity.Collections.DocCodeSamples.dll not valid. Loading of assembly skipped.
Assembly Unity.Collections.PerformanceTests.dll at Library/ScriptAssemblies/Unity.Collections.PerformanceTests.dll not valid. Loading of assembly skipped.
Assembly Unity.Collections.Tests.dll at Library/ScriptAssemblies/Unity.Collections.Tests.dll not valid. Loading of assembly skipped.
Assembly Unity.Collections.Tests.Playmode.dll at Library/ScriptAssemblies/Unity.Collections.Tests.Playmode.dll not valid. Loading of assembly skipped.
Assembly Unity.Mathematics.Tests.dll at Library/ScriptAssemblies/Unity.Mathematics.Tests.dll not valid. Loading of assembly skipped.
Assembly Unity.Multiplayer.Center.Editor.Tests.dll at Library/ScriptAssemblies/Unity.Multiplayer.Center.Editor.Tests.dll not valid. Loading of assembly skipped.
Assembly Unity.Multiplayer.Center.Tests.dll at Library/ScriptAssemblies/Unity.Multiplayer.Center.Tests.dll not valid. Loading of assembly skipped.
Assembly Unity.Nuget.Mono-Cecil.dll at Library/ScriptAssemblies/Unity.Nuget.Mono-Cecil.dll not valid. Loading of assembly skipped.
Assembly Unity.PathTracing.Editor.Tests.dll at Library/ScriptAssemblies/Unity.PathTracing.Editor.Tests.dll not valid. Loading of assembly skipped.
Assembly Unity.PathTracing.Runtime.Tests.dll at Library/ScriptAssemblies/Unity.PathTracing.Runtime.Tests.dll not valid. Loading of assembly skipped.
Assembly Unity.RenderPipelines.Core.Editor.Tests.dll at Library/ScriptAssemblies/Unity.RenderPipelines.Core.Editor.Tests.dll not valid. Loading of assembly skipped.
Assembly Unity.RenderPipelines.Core.Runtime.Tests.dll at Library/ScriptAssemblies/Unity.RenderPipelines.Core.Runtime.Tests.dll not valid. Loading of assembly skipped.
Assembly Unity.RenderPipelines.Universal.Config.Editor.Tests.dll at Library/ScriptAssemblies/Unity.RenderPipelines.Universal.Config.Editor.Tests.dll not valid. Loading of assembly skipped.
Assembly Unity.RenderPipelines.Universal.Editor.Tests.dll at Library/ScriptAssemblies/Unity.RenderPipelines.Universal.Editor.Tests.dll not valid. Loading of assembly skipped.
Assembly Unity.RenderPipelines.Universal.Runtime.Tests.dll at Library/ScriptAssemblies/Unity.RenderPipelines.Universal.Runtime.Tests.dll not valid. Loading of assembly skipped.
Assembly Unity.Searcher.EditorTests.dll at Library/ScriptAssemblies/Unity.Searcher.EditorTests.dll not valid. Loading of assembly skipped.
Assembly Unity.Settings.Tests.dll at Library/ScriptAssemblies/Unity.Settings.Tests.dll not valid. Loading of assembly skipped.
Assembly Unity.ShaderGraph.Editor.Tests.dll at Library/ScriptAssemblies/Unity.ShaderGraph.Editor.Tests.dll not valid. Loading of assembly skipped.
Assembly Unity.TextMeshPro.Editor.Tests.dll at Library/ScriptAssemblies/Unity.TextMeshPro.Editor.Tests.dll not valid. Loading of assembly skipped.
Assembly Unity.TextMeshPro.Tests.dll at Library/ScriptAssemblies/Unity.TextMeshPro.Tests.dll not valid. Loading of assembly skipped.
Assembly Unity.UnifiedRayTracing.Editor.Tests.dll at Library/ScriptAssemblies/Unity.UnifiedRayTracing.Editor.Tests.dll not valid. Loading of assembly skipped.
Assembly UnityEditor.UI.Common.Tests.dll at Library/ScriptAssemblies/UnityEditor.UI.Common.Tests.dll not valid. Loading of assembly skipped.
Assembly UnityEditor.UI.EditorTests.dll at Library/ScriptAssemblies/UnityEditor.UI.EditorTests.dll not valid. Loading of assembly skipped.
Assembly UnityEngine.UI.Tests.dll at Library/ScriptAssemblies/UnityEngine.UI.Tests.dll not valid. Loading of assembly skipped.
Assembly reference Packages/com.unity.cinemachine/Editor/Samples/ExposeHDRPInternals/HDRP-Editor-ref.asmref has no target assembly definition
'Packages/com.unity.cinemachine/Editor/Obsolete/CinemachineVirtualCameraBaseEditor.cs' contains partial class of Unity.Object, exactly 1 of the partial classes needs to be in a file with the same filename. This is to know the one that can be referenced from ie. GameObjects
'Packages/com.unity.cinemachine/Editor/Editors/CinemachineVirtualCameraBaseEditor.cs' contains partial class of Unity.Object, exactly 1 of the partial classes needs to be in a file with the same filename. This is to know the one that can be referenced from ie. GameObjects
Native extension for WindowsStandalone target not found
Assembly reference Packages/com.unity.cinemachine/Editor/Samples/ExposeHDRPInternals/HDRP-Editor-ref.asmref has no target assembly definition
[Package Manager] Failed to launch server process. Reason: Unity was launched with the -noUpm command-line argument
[Package Manager] Unable to send message (not connected to server process).
[Package Manager] Cannot connect to Unity Package Manager local server
[Package Manager] Failed to launch server process. Reason: Unity was launched with the -noUpm command-line argument
[Package Manager] Unable to send message (not connected to server process).
[Package Manager] Cannot connect to Unity Package Manager local server
[Package Manager] Failed to launch server process. Reason: Unity was launched with the -noUpm command-line argument
[Package Manager] Unable to send message (not connected to server process).
[Package Manager] Cannot connect to Unity Package Manager local server
ScheduleIndexationOnStartup MainProcess:False IndexOnStartup:True
Mono: successfully reloaded assembly
- Finished resetting the current domain, in  0.758 seconds
Domain Reload Profiling: 1614ms
	BeginReloadAssembly (231ms)
		DisableScriptedObjects (14ms)
		CreateAndSetChildDomain (54ms)
	RebuildCommonClasses (38ms)
	RebuildNativeTypeToScriptingClass (13ms)
	initialDomainReloadingComplete (72ms)
	LoadAllAssembliesAndSetupDomain (501ms)
		LoadAssemblies (403ms)
		AnalyzeDomain (203ms)
			TypeCache.Refresh (11ms)
			BuildScriptInfoCaches (179ms)
			ResolveRequiredComponents (10ms)
	FinalizeReload (759ms)
		SetupLoadedEditorAssemblies (0ms)
			BeforeProcessingInitializeOnLoad (144ms)
			ProcessInitializeOnLoadAttributes (362ms)
			ProcessInitializeOnLoadMethodAttributes (82ms)
			AfterProcessingInitializeOnLoad (8ms)
		AwakeInstancesAfterBackupRestoration (13ms)
Refreshing native plugins compatible for Editor in 2.19 ms, found 4 plugins.
Unloading 25 Unused Serialized files (Serialized files now loaded: 0)
Unloading 5620 unused Assets / (5.6 MB). Loaded Objects now: 6484.
Memory consumption went from 171.9 MB to 166.3 MB.
Total: 9.800700 ms (FindLiveObjects: 0.615600 ms CreateObjectMapping: 0.718900 ms MarkObjects: 5.748000 ms  DeleteObjects: 2.717700 ms)

Prepare: number of updated asset objects reloaded= 0
========================================================================
Received Import Request.
  Time since last request: 8879.600181 seconds.
  path: Assets/Scenes/Scene 5/Scene 5.unity
  importAddress: Guid(163f8fd7cc617e14b97feb4721d71a57) Importer(815301076,1909f56bfc062723c751e8b465ee728b)
Start importing Assets/Scenes/Scene 5/Scene 5.unity using Guid(163f8fd7cc617e14b97feb4721d71a57) Importer(815301076,1909f56bfc062723c751e8b465ee728b) (PreviewImporter) -> (Import Result ID: '1705bf87415d4aa13c50ef3bfc762f4a') in 0.0082999 seconds [static and dynamic dependencies]. Details - ImportResultOutputID=4ffb89ed088bd272b81632b685d8068b DependenciesID=c6a7d1780b82042a129f19a33589b37b StaticDependenciesID=cb48d6d6127e48febc9ebd55fef35bcb 
Number of updated asset objects reloaded before import = 0Number of asset objects unloaded after import = 0

========================================================================
Received Import Request.
  Time since last request: 51.735718 seconds.
  path: Assets/Scenes/Scene 5/Scene 5.unity
  importAddress: Guid(163f8fd7cc617e14b97feb4721d71a57) Importer(2089858483,b0f066a214c2f5e87bad3c948f4d605d)
Start importing Assets/Scenes/Scene 5/Scene 5.unity using Guid(163f8fd7cc617e14b97feb4721d71a57) Importer(2089858483,b0f066a214c2f5e87bad3c948f4d605d) (ScriptedImporter) -> (Import Result ID: '8682ab1172d73ca30fcf3a11f581d236') in 0.0591108 seconds [static and dynamic dependencies]. Details - ImportResultOutputID=1f2e19395ef3c03e6bb84006bce18520 DependenciesID=a34e7464dfe14aace47520cef4db8044 StaticDependenciesID=1021a8dd4eca061cb578500087248900 
Number of updated asset objects reloaded before import = 0Number of asset objects unloaded after import = 1

========================================================================
Received Import Request.
  Time since last request: 0.364779 seconds.
  path: Assets/Scenes/Scene 4
  importAddress: Guid(db2a32e5e7247874e8ee1bfb89c2e5c8) Importer(815301076,1909f56bfc062723c751e8b465ee728b)
Start importing Assets/Scenes/Scene 4 using Guid(db2a32e5e7247874e8ee1bfb89c2e5c8) Importer(815301076,1909f56bfc062723c751e8b465ee728b) (PreviewImporter) -> (Import Result ID: '77048a254c588d7cbf6251a8f2cda76d') in 0.0005511 seconds [static and dynamic dependencies]. Details - ImportResultOutputID=c5191e09398e17eb9ac84bb8b8d5022c DependenciesID=531b0510f5c518eb7fc0c8fdc4db325d StaticDependenciesID=623e0b2295cedbc0699c8e85696288d7 
Number of updated asset objects reloaded before import = 0Number of asset objects unloaded after import = 0

========================================================================
Received Import Request.
  Time since last request: 0.917022 seconds.
  path: Assets/Scenes/Scene 4
  importAddress: Guid(db2a32e5e7247874e8ee1bfb89c2e5c8) Importer(2089858483,b0f066a214c2f5e87bad3c948f4d605d)
Start importing Assets/Scenes/Scene 4 using Guid(db2a32e5e7247874e8ee1bfb89c2e5c8) Importer(2089858483,b0f066a214c2f5e87bad3c948f4d605d) (ScriptedImporter) -> (Import Result ID: 'f2d126443e2708f844f13459360790cb') in 0.0096329 seconds [static and dynamic dependencies]. Details - ImportResultOutputID=2587050605aa4775df816a40f9ad75c6 DependenciesID=c873a4ccee2692d6e02f6a0412a52961 StaticDependenciesID=e941f8e2126d352484c7a9f533213596 
Number of updated asset objects reloaded before import = 0Number of asset objects unloaded after import = 1

========================================================================
Received Import Request.
  Time since last request: 64.709194 seconds.
  path: Assets/Art/Samurai Spritesheet
  importAddress: Guid(876aa6506e267fb40bd724e151140329) Importer(815301076,1909f56bfc062723c751e8b465ee728b)
Start importing Assets/Art/Samurai Spritesheet using Guid(876aa6506e267fb40bd724e151140329) Importer(815301076,1909f56bfc062723c751e8b465ee728b) (PreviewImporter) -> (Import Result ID: '9a6d5c4a894155c172a5ab72a1a61f88') in 0.0005967 seconds [static and dynamic dependencies]. Details - ImportResultOutputID=318817964280d7ce6aae0ff86216c3a7 DependenciesID=5a2784e2ce6f670443fea077491cbc89 StaticDependenciesID=ed44e0ddebd4e18518dc9c381375db40 
Number of updated asset objects reloaded before import = 0Number of asset objects unloaded after import = 0

========================================================================
Received Import Request.
  Time since last request: 0.024028 seconds.
  path: Assets/Art/Samurai Spritesheet/ATTACK 1.png
  importAddress: Guid(ae2f70db26c9b5342972316e01fecec0) Importer(815301076,1909f56bfc062723c751e8b465ee728b)
Start importing Assets/Art/Samurai Spritesheet/ATTACK 1.png using Guid(ae2f70db26c9b5342972316e01fecec0) Importer(815301076,1909f56bfc062723c751e8b465ee728b) (PreviewImporter) -> (Import Result ID: '0c3ad793b33c755d36c63da8499730f9') in 0.0865927 seconds [static and dynamic dependencies]. Details - ImportResultOutputID=5883b7a3bccca2a2e520e7ef01f66b4c DependenciesID=8875c0e3222c4b2b82ae545b6754150e StaticDependenciesID=340ad55453baf6f6e0b7cc1fda58457a 
Number of updated asset objects reloaded before import = 0Number of asset objects unloaded after import = 9

========================================================================
Received Import Request.
  Time since last request: 0.000019 seconds.
  path: Assets/Art/Samurai Spritesheet/RUN.png
  importAddress: Guid(34b3af57bbcb6b64a8acef908b85d152) Importer(815301076,1909f56bfc062723c751e8b465ee728b)
Start importing Assets/Art/Samurai Spritesheet/RUN.png using Guid(34b3af57bbcb6b64a8acef908b85d152) Importer(815301076,1909f56bfc062723c751e8b465ee728b) (PreviewImporter) -> (Import Result ID: '0730affb7f34fa47f07de2d11746f47f') in 0.0525403 seconds [static and dynamic dependencies]. Details - ImportResultOutputID=a0f85dbdee73239c3e0c3d043c38dea0 DependenciesID=e62411ec77e402fa028e8cddaebe3562 StaticDependenciesID=1240d0254a5450811ef1bc498016aeea 
Number of updated asset objects reloaded before import = 0Number of asset objects unloaded after import = 18

========================================================================
Received Import Request.
  Time since last request: 8.140224 seconds.
  path: Assets/Art/BNY backdrops/4TH FLOOR.jpg
  importAddress: Guid(617aca3fad4227f42b6fbc6b4f5bbf8a) Importer(2089858483,b0f066a214c2f5e87bad3c948f4d605d)
Start importing Assets/Art/BNY backdrops/4TH FLOOR.jpg using Guid(617aca3fad4227f42b6fbc6b4f5bbf8a) Importer(2089858483,b0f066a214c2f5e87bad3c948f4d605d) (ScriptedImporter) -> (Import Result ID: 'a6ee067833f449ec6cb049259ac11943') in 0.0665634 seconds [static and dynamic dependencies]. Details - ImportResultOutputID=b5c194f1de82ef9dc914e06ae438b8a0 DependenciesID=4945ef2c7247ad04acd9a1401f390171 StaticDependenciesID=72493689a7b6c1c030e800f6d7872d87 
Number of updated asset objects reloaded before import = 0Number of asset objects unloaded after import = 3

========================================================================
Received Import Request.
  Time since last request: 0.000017 seconds.
  path: Assets/Art/BNY backdrops
  importAddress: Guid(02c45e64c9230fe4ca6c3ad14da63489) Importer(2089858483,b0f066a214c2f5e87bad3c948f4d605d)
Start importing Assets/Art/BNY backdrops using Guid(02c45e64c9230fe4ca6c3ad14da63489) Importer(2089858483,b0f066a214c2f5e87bad3c948f4d605d) (ScriptedImporter) -> (Import Result ID: '5d9cc25b6fc8ac0a500d2a0c43f4b9d4') in 0.010279 seconds [static and dynamic dependencies]. Details - ImportResultOutputID=0dda323676d53d04648ef89d09d4e0c6 DependenciesID=3fade696a0d0842ef2a00a3c848106fa StaticDependenciesID=c829ff655f4bb0f078ffd3ab8ad0b65d 
Number of updated asset objects reloaded before import = 0Number of asset objects unloaded after import = 1

========================================================================
Received Import Request.
  Time since last request: 0.000015 seconds.
  path: Assets/Art/BNY backdrops/MEZZANINE.png
  importAddress: Guid(de57dec890fb6734bb69f089dd73425a) Importer(2089858483,b0f066a214c2f5e87bad3c948f4d605d)
Start importing Assets/Art/BNY backdrops/MEZZANINE.png using Guid(de57dec890fb6734bb69f089dd73425a) Importer(2089858483,b0f066a214c2f5e87bad3c948f4d605d) (ScriptedImporter) -> (Import Result ID: 'f562dfca5ee030ae719ae84867ddb920') in 0.0159318 seconds [static and dynamic dependencies]. Details - ImportResultOutputID=e5eaeebcfd062d68eb5f92a06e4608f9 DependenciesID=95fe107cefa2ef2695dffb485a1cbd45 StaticDependenciesID=0767be0e31b8e6d10571b277de5e3c9b 
Number of updated asset objects reloaded before import = 0Number of asset objects unloaded after import = 3

========================================================================
Received Import Request.
  Time since last request: 1.704437 seconds.
  path: Assets/Art/BNY backdrops
  importAddress: Guid(02c45e64c9230fe4ca6c3ad14da63489) Importer(815301076,1909f56bfc062723c751e8b465ee728b)
Start importing Assets/Art/BNY backdrops using Guid(02c45e64c9230fe4ca6c3ad14da63489) Importer(815301076,1909f56bfc062723c751e8b465ee728b) (PreviewImporter) -> (Import Result ID: 'b4020e9ca8d93bbcc7514ab7a1705e3d') in 0.0008239 seconds [static and dynamic dependencies]. Details - ImportResultOutputID=d81b230c5dac573ec751d162aa5c8d28 DependenciesID=ad1bee8edacd9dd9f5e4dc25a9ed74f6 StaticDependenciesID=7b49c61b0fca857f8c8882d825ce35ed 
Number of updated asset objects reloaded before import = 0Number of asset objects unloaded after import = 0

========================================================================
Received Import Request.
  Time since last request: 0.028928 seconds.
  path: Assets/Art/BNY backdrops/2ND FLOOR.png
  importAddress: Guid(da5b446ec18bb014e909da2a6de5babd) Importer(815301076,1909f56bfc062723c751e8b465ee728b)
Start importing Assets/Art/BNY backdrops/2ND FLOOR.png using Guid(da5b446ec18bb014e909da2a6de5babd) Importer(815301076,1909f56bfc062723c751e8b465ee728b) (PreviewImporter) -> (Import Result ID: '5ede321fe2fc8ed1f146e42d4f75a357') in 0.0168156 seconds [static and dynamic dependencies]. Details - ImportResultOutputID=6ed0444926807486a8618000bf8871be DependenciesID=0075c50707a41bf25315443fc03dbdf9 StaticDependenciesID=8eb13233275e15027c14c00138f041a4 
Number of updated asset objects reloaded before import = 0Number of asset objects unloaded after import = 3

========================================================================
Received Import Request.
  Time since last request: 0.000018 seconds.
  path: Assets/Art/BNY backdrops/MEZZANINE.png
  importAddress: Guid(de57dec890fb6734bb69f089dd73425a) Importer(815301076,1909f56bfc062723c751e8b465ee728b)
Start importing Assets/Art/BNY backdrops/MEZZANINE.png using Guid(de57dec890fb6734bb69f089dd73425a) Importer(815301076,1909f56bfc062723c751e8b465ee728b) (PreviewImporter) -> (Import Result ID: '80e24addc8eec1c3dc28a151b324fac0') in 0.0152649 seconds [static and dynamic dependencies]. Details - ImportResultOutputID=12cf8df480957b8908ab98ce0d0e4532 DependenciesID=5448d34658cd2b69906a418d288d36fc StaticDependenciesID=da72201f9affd0a1d913ed01da263182 
Number of updated asset objects reloaded before import = 0Number of asset objects unloaded after import = 3

========================================================================
Received Import Request.
  Time since last request: 146.099946 seconds.
  path: Assets/Scenes/Scene 4/Scene 4 Mezzanine.unity
  importAddress: Guid(7176d97b2869ce64ba16926f211be9df) Importer(815301076,1909f56bfc062723c751e8b465ee728b)
Start importing Assets/Scenes/Scene 4/Scene 4 Mezzanine.unity using Guid(7176d97b2869ce64ba16926f211be9df) Importer(815301076,1909f56bfc062723c751e8b465ee728b) (PreviewImporter) -> (Import Result ID: '97602e384c6f7b86391144c5c86c96c9') in 0.0006666 seconds [static and dynamic dependencies]. Details - ImportResultOutputID=f451d12d5eb9efc3eabe812f54c8c60e DependenciesID=0dc81c8bf0cd7fc9f076090080949599 StaticDependenciesID=ddfc5e570df1b9322a02b25d50738f90 
Number of updated asset objects reloaded before import = 0Number of asset objects unloaded after import = 0

========================================================================
Received Import Request.
  Time since last request: 0.905769 seconds.
  path: Assets/Scenes/Scene 4/Scene 4 Mezzanine.unity
  importAddress: Guid(7176d97b2869ce64ba16926f211be9df) Importer(2089858483,b0f066a214c2f5e87bad3c948f4d605d)
Start importing Assets/Scenes/Scene 4/Scene 4 Mezzanine.unity using Guid(7176d97b2869ce64ba16926f211be9df) Importer(2089858483,b0f066a214c2f5e87bad3c948f4d605d) (ScriptedImporter) -> (Import Result ID: '5e8ab69db04e9a982bd10bdba2fe1130') in 0.0120168 seconds [static and dynamic dependencies]. Details - ImportResultOutputID=0710c3c77e2608558a8902bc813662a9 DependenciesID=a0908b90dcad2428aaa1e2aa81673e8b StaticDependenciesID=42dbe9e178cd2030133af0afa7ea9650 
Number of updated asset objects reloaded before import = 0Number of asset objects unloaded after import = 1

========================================================================
Received Import Request.
  Time since last request: 7.365185 seconds.
  path: Assets/Scenes/Scene 4/MEZZANINE.png
  importAddress: Guid(0849f7ac40bb29249abc2c923f1e6617) Importer(815301076,1909f56bfc062723c751e8b465ee728b)
Start importing Assets/Scenes/Scene 4/MEZZANINE.png using Guid(0849f7ac40bb29249abc2c923f1e6617) Importer(815301076,1909f56bfc062723c751e8b465ee728b) (PreviewImporter) -> (Import Result ID: '2e2b89636c2363fb45a9f75fadbd9cad') in 0.0149068 seconds [static and dynamic dependencies]. Details - ImportResultOutputID=cbd594e11d3fc7829ff8c30272b2acc7 DependenciesID=83d4a5eadb139b008910824ecfdd4a5e StaticDependenciesID=a3a6b4f4f2a202edb7a4d047c230111c 
Number of updated asset objects reloaded before import = 0Number of asset objects unloaded after import = 3

========================================================================
Received Import Request.
  Time since last request: 0.904566 seconds.
  path: Assets/Scenes/Scene 4/MEZZANINE.png
  importAddress: Guid(0849f7ac40bb29249abc2c923f1e6617) Importer(2089858483,b0f066a214c2f5e87bad3c948f4d605d)
Start importing Assets/Scenes/Scene 4/MEZZANINE.png using Guid(0849f7ac40bb29249abc2c923f1e6617) Importer(2089858483,b0f066a214c2f5e87bad3c948f4d605d) (ScriptedImporter) -> (Import Result ID: '14fe1fc76b0988edfdb099b45624d1d7') in 0.0147027 seconds [static and dynamic dependencies]. Details - ImportResultOutputID=1e98fd820f8f9085633194d4dd1c2c00 DependenciesID=7212d15b5cd1a678bcbdb9fd2f0fb170 StaticDependenciesID=6f28ad66d1de87c2242993111607bdb8 
Number of updated asset objects reloaded before import = 0Number of asset objects unloaded after import = 3

========================================================================
Received Import Request.
  Time since last request: 14.125143 seconds.
  path: Assets/Scenes/Scene 4/MEZZANINE.png
  importAddress: Guid(0849f7ac40bb29249abc2c923f1e6617) Importer(815301076,1909f56bfc062723c751e8b465ee728b)
Start importing Assets/Scenes/Scene 4/MEZZANINE.png using Guid(0849f7ac40bb29249abc2c923f1e6617) Importer(815301076,1909f56bfc062723c751e8b465ee728b) (PreviewImporter) -> (Import Result ID: '88a715efa5592f87ef21c5b403111990') in 0.0200299 seconds [static and dynamic dependencies]. Details - ImportResultOutputID=95f823298d4c79f1e3939fbddd07dd94 DependenciesID=eb6936cb6b444ca77913acf7907f1f7a StaticDependenciesID=c6ce10ca55d42f803e6547ccce387736 
Number of updated asset objects reloaded before import = 0Number of asset objects unloaded after import = 3

========================================================================
Received Import Request.
  Time since last request: 0.911597 seconds.
  path: Assets/Scenes/Scene 4/MEZZANINE.png
  importAddress: Guid(0849f7ac40bb29249abc2c923f1e6617) Importer(2089858483,b0f066a214c2f5e87bad3c948f4d605d)
Start importing Assets/Scenes/Scene 4/MEZZANINE.png using Guid(0849f7ac40bb29249abc2c923f1e6617) Importer(2089858483,b0f066a214c2f5e87bad3c948f4d605d) (ScriptedImporter) -> (Import Result ID: 'aae7ee8761ef28485e62ec8b80639d71') in 0.0131684 seconds [static and dynamic dependencies]. Details - ImportResultOutputID=9f02f2eac5e9c16f2cefd3b3d43cadff DependenciesID=83dd2a521d8f789b5e59feb5240497f9 StaticDependenciesID=ad6edb35d4c9a779ce5ccccde8ea0a2c 
Number of updated asset objects reloaded before import = 0Number of asset objects unloaded after import = 3

========================================================================
Received Import Request.
  Time since last request: 12.441457 seconds.
  path: Assets/Scenes/Scene 3/Scene 3 Grass/Tutorial.unity
  importAddress: Guid(4d51d8b0f625b9c488e31f8272f71ab9) Importer(815301076,1909f56bfc062723c751e8b465ee728b)
Start importing Assets/Scenes/Scene 3/Scene 3 Grass/Tutorial.unity using Guid(4d51d8b0f625b9c488e31f8272f71ab9) Importer(815301076,1909f56bfc062723c751e8b465ee728b) (PreviewImporter) -> (Import Result ID: '3639f84e08c658c4ef30617a2661fb74') in 0.0022742 seconds [static and dynamic dependencies]. Details - ImportResultOutputID=0580a74cd344b236a83ca5fbbc212b78 DependenciesID=b259b04b8b5b53039adefc43456b6d7e StaticDependenciesID=96dc0f09d9333efbbc8d6fa32a13939f 
Number of updated asset objects reloaded before import = 0Number of asset objects unloaded after import = 0

========================================================================
Received Import Request.
  Time since last request: 1.976630 seconds.
  path: Assets/Scenes/Scene 4/Scene 4 Mezzanine.unity
  importAddress: Guid(7176d97b2869ce64ba16926f211be9df) Importer(2089858483,b0f066a214c2f5e87bad3c948f4d605d)
Start importing Assets/Scenes/Scene 4/Scene 4 Mezzanine.unity using Guid(7176d97b2869ce64ba16926f211be9df) Importer(2089858483,b0f066a214c2f5e87bad3c948f4d605d) (ScriptedImporter) -> (Import Result ID: '1f92a902aad0217c225c3144e1738594') in 0.0089962 seconds [static and dynamic dependencies]. Details - ImportResultOutputID=890f48b10fb2495079a3c3a206aeae65 DependenciesID=00e89c151ced2a06298d8d96b33e1af2 StaticDependenciesID=d30795d6276c3534f06dad4d9d5d9be7 
Number of updated asset objects reloaded before import = 0Number of asset objects unloaded after import = 1

========================================================================
Received Import Request.
  Time since last request: 24.640006 seconds.
  path: Assets/Scenes/Scene 4/MEZZANINE 1.png
  importAddress: Guid(04702ce416c065c45a4f65509c0398cd) Importer(815301076,1909f56bfc062723c751e8b465ee728b)
Start importing Assets/Scenes/Scene 4/MEZZANINE 1.png using Guid(04702ce416c065c45a4f65509c0398cd) Importer(815301076,1909f56bfc062723c751e8b465ee728b) (PreviewImporter) -> (Import Result ID: 'ae1bff4486761bdadac7d958fbd309ba') in 0.3239309 seconds [static and dynamic dependencies]. Details - ImportResultOutputID=3019628c05e8597024a1ec97419fe924 DependenciesID=e25132c8877be266aea7c0cb69254802 StaticDependenciesID=24a475b949e39ca4b5aec3f243e95be5 
Number of updated asset objects reloaded before import = 0Number of asset objects unloaded after import = 3

========================================================================
Received Import Request.
  Time since last request: 0.603747 seconds.
  path: Assets/Scenes/Scene 4/MEZZANINE 1.png
  importAddress: Guid(04702ce416c065c45a4f65509c0398cd) Importer(2089858483,b0f066a214c2f5e87bad3c948f4d605d)
Start importing Assets/Scenes/Scene 4/MEZZANINE 1.png using Guid(04702ce416c065c45a4f65509c0398cd) Importer(2089858483,b0f066a214c2f5e87bad3c948f4d605d) (ScriptedImporter) -> (Import Result ID: '927468cfe9b0d4b96b8cbd07c03b9537') in 0.0126593 seconds [static and dynamic dependencies]. Details - ImportResultOutputID=22451f3b8e66463b7940104a37ed40d9 DependenciesID=e5ab45e42b0317bd18051b2763b6bf9b StaticDependenciesID=c622cb39666bd3210f808de11da6d3ab 
Number of updated asset objects reloaded before import = 0Number of asset objects unloaded after import = 3

========================================================================
Received Import Request.
  Time since last request: 5.487533 seconds.
  path: Assets/Scenes/Scene 4/Scene 4 Mezzanine.unity
  importAddress: Guid(7176d97b2869ce64ba16926f211be9df) Importer(815301076,1909f56bfc062723c751e8b465ee728b)
Start importing Assets/Scenes/Scene 4/Scene 4 Mezzanine.unity using Guid(7176d97b2869ce64ba16926f211be9df) Importer(815301076,1909f56bfc062723c751e8b465ee728b) (PreviewImporter) -> (Import Result ID: '98f27bc37fffb9c1488dd7f0d309ba2d') in 0.0007523 seconds [static and dynamic dependencies]. Details - ImportResultOutputID=f451d12d5eb9efc3eabe812f54c8c60e DependenciesID=9fc3c5547c6d42beb912adaf713b90be StaticDependenciesID=049c4639adff3672afa602aedd5b5705 
Number of updated asset objects reloaded before import = 0Number of asset objects unloaded after import = 0

========================================================================
Received Import Request.
  Time since last request: 14.634593 seconds.
  path: Packages/com.unity.render-pipelines.universal/Runtime/Materials/Decal.mat
  importAddress: Guid(31d0dcc6f2dd4e4408d18036a2c93862) Importer(815301076,1909f56bfc062723c751e8b465ee728b)
Start importing Packages/com.unity.render-pipelines.universal/Runtime/Materials/Decal.mat using Guid(31d0dcc6f2dd4e4408d18036a2c93862) Importer(815301076,1909f56bfc062723c751e8b465ee728b) (PreviewImporter) -> (Import Result ID: 'dd13caabe0b89c11f5c7cc02d307a34d') in 0.3777991 seconds [static and dynamic dependencies]. Details - ImportResultOutputID=b72324f4abc24d9a4602b376dbafab29 DependenciesID=1530b7b0e19eb1af0b8e6be2c27f3b6f StaticDependenciesID=f5ea11a0ce32b2e3d76705f9767737c1 
Number of updated asset objects reloaded before import = 0Number of asset objects unloaded after import = 1

========================================================================
Received Import Request.
  Time since last request: 0.000039 seconds.
  path: Packages/com.unity.render-pipelines.universal/Runtime/Materials/SpatialMappingOcclusion.mat
  importAddress: Guid(b51db210fe78df745a372851b3db949e) Importer(815301076,1909f56bfc062723c751e8b465ee728b)
Start importing Packages/com.unity.render-pipelines.universal/Runtime/Materials/SpatialMappingOcclusion.mat using Guid(b51db210fe78df745a372851b3db949e) Importer(815301076,1909f56bfc062723c751e8b465ee728b) (PreviewImporter) -> (Import Result ID: '23af772b0b3f2670a90eb9f8af12b352') in 0.0687554 seconds [static and dynamic dependencies]. Details - ImportResultOutputID=04bb8b73002f24a946cd7bc9bfeb5f07 DependenciesID=6c8a780c78d1e2b4ddb951c0041f1e96 StaticDependenciesID=d1f7e4e158b3d8075c659803abd3d34f 
Number of updated asset objects reloaded before import = 0Number of asset objects unloaded after import = 1

========================================================================
Received Import Request.
  Time since last request: 0.000042 seconds.
  path: Packages/com.unity.render-pipelines.universal/Runtime/Materials/Mesh2D-Lit-Default.mat
  importAddress: Guid(9452ae1262a74094f8a68013fbcd1834) Importer(815301076,1909f56bfc062723c751e8b465ee728b)
Start importing Packages/com.unity.render-pipelines.universal/Runtime/Materials/Mesh2D-Lit-Default.mat using Guid(9452ae1262a74094f8a68013fbcd1834) Importer(815301076,1909f56bfc062723c751e8b465ee728b) (PreviewImporter) -> (Import Result ID: '776d25d6350614e9235b4e34159b669e') in 0.027799 seconds [static and dynamic dependencies]. Details - ImportResultOutputID=ba7fc51168193705fab4a90bc2d0d9c2 DependenciesID=aac1adbdb5a8e326c99fe9c6a524cd50 StaticDependenciesID=7e1065973ff1799403be70009b5ec903 
Number of updated asset objects reloaded before import = 0Number of asset objects unloaded after import = 0

========================================================================
Received Import Request.
  Time since last request: 0.000030 seconds.
  path: Packages/com.unity.render-pipelines.universal/Runtime/Materials/ParticlesUnlit.mat
  importAddress: Guid(e823cd5b5d27c0f4b8256e7c12ee3e6d) Importer(815301076,1909f56bfc062723c751e8b465ee728b)
Start importing Packages/com.unity.render-pipelines.universal/Runtime/Materials/ParticlesUnlit.mat using Guid(e823cd5b5d27c0f4b8256e7c12ee3e6d) Importer(815301076,1909f56bfc062723c751e8b465ee728b) (PreviewImporter) -> (Import Result ID: 'd6eb53ac65dc8024ec6723259f57a0c9') in 0.4712625 seconds [static and dynamic dependencies]. Details - ImportResultOutputID=b19ea02e14e322ea44f92e4d8869c43c DependenciesID=75b49cca1850d86154c255953755d744 StaticDependenciesID=b95e24a66bfae25bc7e458a85efa17b1 
Number of updated asset objects reloaded before import = 0Number of asset objects unloaded after import = 0

========================================================================
Received Import Request.
  Time since last request: 0.000034 seconds.
  path: Packages/com.unity.render-pipelines.universal/Runtime/Materials/Mesh2D-Unlit-Default.mat
  importAddress: Guid(71942363c5608a64bb62421349d39c9c) Importer(815301076,1909f56bfc062723c751e8b465ee728b)
Start importing Packages/com.unity.render-pipelines.universal/Runtime/Materials/Mesh2D-Unlit-Default.mat using Guid(71942363c5608a64bb62421349d39c9c) Importer(815301076,1909f56bfc062723c751e8b465ee728b) (PreviewImporter) -> (Import Result ID: '919afe407dd06f5aef7758baea4b3464') in 0.0377371 seconds [static and dynamic dependencies]. Details - ImportResultOutputID=7dd42929a02100f0d4010651ecb936d6 DependenciesID=adb056730de49559b6427ce8a1544130 StaticDependenciesID=ea74592af9ec3779ea5934adc6d0ccf5 
Number of updated asset objects reloaded before import = 0Number of asset objects unloaded after import = 1

========================================================================
Received Import Request.
  Time since last request: 0.000047 seconds.
  path: Packages/com.unity.render-pipelines.universal/Runtime/Materials/TerrainLit.mat
  importAddress: Guid(594ea882c5a793440b60ff72d896021e) Importer(815301076,1909f56bfc062723c751e8b465ee728b)
Start importing Packages/com.unity.render-pipelines.universal/Runtime/Materials/TerrainLit.mat using Guid(594ea882c5a793440b60ff72d896021e) Importer(815301076,1909f56bfc062723c751e8b465ee728b) (PreviewImporter) -> (Import Result ID: 'b1e0792a0ac15b18f0923b47f7c7c4c6') in 0.198363 seconds [static and dynamic dependencies]. Details - ImportResultOutputID=333c850cb99d76872d7c3983912c5e33 DependenciesID=837dd3558a71b349ba5139158bfd82a7 StaticDependenciesID=ddea88acaad348afed19999f12b60e7b 
Number of updated asset objects reloaded before import = 0Number of asset objects unloaded after import = 0

========================================================================
Received Import Request.
  Time since last request: 0.000025 seconds.
  path: Packages/com.unity.render-pipelines.universal/Runtime/Materials/SpatialMappingWireframe.mat
  importAddress: Guid(9875a245ac49007498213638a307faa1) Importer(815301076,1909f56bfc062723c751e8b465ee728b)
Start importing Packages/com.unity.render-pipelines.universal/Runtime/Materials/SpatialMappingWireframe.mat using Guid(9875a245ac49007498213638a307faa1) Importer(815301076,1909f56bfc062723c751e8b465ee728b) (PreviewImporter) -> (Import Result ID: '4d887562ea2dadcb530abc0f869e624d') in 0.0555086 seconds [static and dynamic dependencies]. Details - ImportResultOutputID=af6839f37fb089d114d463e53ee3f96e DependenciesID=3a53b9ee047ca58e94cb8a3a68fd1fa0 StaticDependenciesID=90a5c617b36ca5b6aa3e9c8e86690af1 
Number of updated asset objects reloaded before import = 0Number of asset objects unloaded after import = 1

========================================================================
Received Import Request.
  Time since last request: 0.000032 seconds.
  path: Packages/com.unity.render-pipelines.universal/Runtime/Materials/RenderAs2D-Flattening.mat
  importAddress: Guid(b697f6a938056384e968ccf6527dac83) Importer(815301076,1909f56bfc062723c751e8b465ee728b)
Start importing Packages/com.unity.render-pipelines.universal/Runtime/Materials/RenderAs2D-Flattening.mat using Guid(b697f6a938056384e968ccf6527dac83) Importer(815301076,1909f56bfc062723c751e8b465ee728b) (PreviewImporter) -> (Import Result ID: 'f3d237df9c57427ac80667d20c73f1f1') in 0.0158846 seconds [static and dynamic dependencies]. Details - ImportResultOutputID=b3164e36058a171af2204685c201d967 DependenciesID=08464e2e5f2961010889a64b60336ef2 StaticDependenciesID=fce2a862b2dffa702ff14ecf04dd92fe 
Number of updated asset objects reloaded before import = 0Number of asset objects unloaded after import = 1

Editor requested this worker to shutdown with reason: Scaling down because of idle timeout
AssetImportWorker is now disconnected from the server
Process exiting
Exiting without the bug reporter. Application will terminate with return code 0