[Licensing::Module] Trying to connect to existing licensing client channel...
Built from '6000.4/staging' branch; Version is '6000.4.3f1 (39d1a88d4dd1) revision 3789224'; Using compiler version '194234433'; Build Type 'Release'
OS: 'Windows 11  (10.0.26200) Professional' Language: 'en' Physical Memory: 16310 MB
[Licensing::IpcConnector] Successfully connected to: "LicenseClient-lGSlwrdGkxYXN0oPzUTKQ" at "2026-05-14T08:37:31.5498883Z"
BatchMode: 1, IsHumanControllingUs: 0, StartBugReporterOnCrash: 0, Is64bit: 1
System  architecture: x64
Process architecture: x64
Date: 2026-05-14T08:37:31Z

COMMAND LINE ARGUMENTS:
C:\Program Files\Unity\Hub\Editor\6000.4.3f1\Editor\Unity.exe
-adb2
-batchMode
-noUpm
-name
AssetImportWorker9
-projectPath
C:/Users/tyron/Documents/Games/LBYHFINAL/lbyhfinal
-logFile
Logs/AssetImportWorker9.log
-srvPort
50268
-licensingIpc
LicenseClient-lGSlwrdGkxYXN0oPzUTKQ
-force-d3d12
-job-worker-count
7
-background-job-worker-count
8
-gc-helper-count
1
-name
AssetImport
Successfully changed project path to: C:/Users/tyron/Documents/Games/LBYHFINAL/lbyhfinal
C:/Users/tyron/Documents/Games/LBYHFINAL/lbyhfinal
[UnityMemory] Configuration Parameters - Can be set up in boot.config
    "memorysetup-temp-allocator-size-gi-baking-worker=262144"
    "memorysetup-temp-allocator-size-gi-baking-worker=262144"
    "memorysetup-temp-allocator-size-gi-baking-worker=262144"
    "memorysetup-temp-allocator-size-gi-baking-worker=262144"
    "memorysetup-temp-allocator-size-gi-baking-worker=262144"
    "memorysetup-temp-allocator-size-nav-mesh-worker=65536"
    "memorysetup-temp-allocator-size-audio-worker=65536"
    "memorysetup-temp-allocator-size-cloud-worker=32768"
    "memorysetup-temp-allocator-size-gfx=262144"
    "memorysetup-temp-allocator-size-preload-manager=33554432"
    "memorysetup-temp-allocator-size-job-worker=262144"
    "memorysetup-temp-allocator-size-background-worker=32768"
    "memorysetup-allocator-temp-initial-block-size-main=262144"
    "memorysetup-allocator-temp-initial-block-size-worker=262144"
    "memorysetup-bucket-allocator-granularity=16"
    "memorysetup-bucket-allocator-bucket-count=8"
    "memorysetup-bucket-allocator-block-size=33554432"
    "memorysetup-bucket-allocator-block-count=8"
    "memorysetup-main-allocator-block-size=16777216"
    "memorysetup-thread-allocator-block-size=16777216"
    "memorysetup-gfx-main-allocator-block-size=16777216"
    "memorysetup-gfx-thread-allocator-block-size=16777216"
    "memorysetup-cache-allocator-block-size=4194304"
    "memorysetup-typetree-allocator-block-size=2097152"
    "memorysetup-profiler-bucket-allocator-granularity=16"
    "memorysetup-profiler-bucket-allocator-bucket-count=8"
    "memorysetup-profiler-bucket-allocator-block-size=33554432"
    "memorysetup-profiler-bucket-allocator-block-count=8"
    "memorysetup-profiler-allocator-block-size=16777216"
    "memorysetup-profiler-editor-allocator-block-size=1048576"
    "memorysetup-temp-allocator-size-main=16777216"
    "memorysetup-job-temp-allocator-block-size=2097152"
    "memorysetup-job-temp-allocator-block-size-background=1048576"
    "memorysetup-job-temp-allocator-reduction-small-platforms=262144"
Player connection [3628]  Target information:

Player connection [3628]  * "[IP] 192.168.254.104 [Port] 0 [Flags] 2 [Guid] 3370008916 [EditorId] 3370008916 [Version] 1048832 [Id] WindowsEditor(7,DESKTOP-2216JCP) [Debug] 1 [PackageName] WindowsEditor [ProjectName] Editor" 

Player connection [3628] Host joined multi-casting on [225.0.0.222:54997]...
Player connection [3628] Host joined alternative multi-casting on [225.0.0.222:34997]...
JobSystem: Creating JobQueue using job-worker-count value 7
Input System module state changed to: Initialized.
[Physics::Module] Initialized fallback backend.
[Physics::Module] Id: 0xdecafbad
Library Redirect Path: Library/
Default GameObject BitMask: UI already registered
[Physics::Module] Selected backend.
[Physics::Module] Name: PhysX
[Physics::Module] Id: 0xf2b8ea05
[Physics::Module] SDK Version: 4.1.2
[Physics::Module] Integration Version: 1.0.0
[Physics::Module] Threading Mode: Multi-Threaded
Refreshing native plugins compatible for Editor in 4.64 ms, found 4 plugins.
Initialize engine version: 6000.4.3f1 (39d1a88d4dd1)
[Subsystems] Discovering subsystems at path C:/Program Files/Unity/Hub/Editor/6000.4.3f1/Editor/Data/Resources/UnitySubsystems
[Subsystems] Discovering subsystems at path C:/Users/tyron/Documents/Games/LBYHFINAL/lbyhfinal/Assets
Forcing GfxDevice: Direct3D 12
GfxDevice: creating device client; kGfxThreadingModeNonThreaded
d3d12: failed to query info queue interface (0x80004002).
Direct3D:
    Version:         Direct3D 12 [level 12.2]
    Renderer:        NVIDIA GeForce RTX 3060 (ID=0x2504)
    Vendor:          NVIDIA
    VRAM:            12115 MB
    App VRAM Budget: 11347 MB
    Driver:          32.0.15.8157
Initialize mono
Mono path[0] = 'C:/Program Files/Unity/Hub/Editor/6000.4.3f1/Editor/Data/Managed'
Mono path[1] = 'C:/Program Files/Unity/Hub/Editor/6000.4.3f1/Editor/Data/MonoBleedingEdge/lib/mono/unityjit-win32'
Mono config path = 'C:/Program Files/Unity/Hub/Editor/6000.4.3f1/Editor/Data/MonoBleedingEdge/etc'
Using monoOptions --debugger-agent=transport=dt_socket,embedding=1,server=y,suspend=n,address=127.0.0.1:56436
CodeReloadManager initialized
[Licensing::Client] Error: HandshakeResponse reported an error:
	ResponseCode: 505
	ResponseStatus: Unsupported protocol version '1.18.1'.
[Licensing::Module] Error: Failed to handshake to channel: "LicenseClient-lGSlwrdGkxYXN0oPzUTKQ"
[Licensing::IpcConnector] LicenseClient-lGSlwrdGkxYXN0oPzUTKQ channel disconnected successfully.
[Licensing::IpcConnector] Successfully connected to: "LicenseClient-tyron-6000.4.3" at "2026-05-14T08:37:32.5694776Z"
Begin MonoManager ReloadAssembly
Registering precompiled unity dll's ...
Register platform support module: C:/Program Files/Unity/Hub/Editor/6000.4.3f1/Editor/Data/PlaybackEngines/WindowsStandaloneSupport/UnityEditor.WindowsStandalone.Extensions.dll
Registered in 0.002465 seconds.
Native extension for WindowsStandalone target not found
Package Manager log level set to [2]
[Package Manager] Failed to launch server process. Reason: Unity was launched with the -noUpm command-line argument
[Package Manager] Unable to send message (not connected to server process).
[Package Manager] Cannot connect to Unity Package Manager local server
ScheduleIndexationOnStartup MainProcess:False IndexOnStartup:True
Mono: successfully reloaded assembly
[Licensing::Client] Handshaking with LicensingClient:
  Version:                 1.18.1+9fbee8e
  Session Id:              4958564ffb714ae087889927fc4912a2
  Correlation Id:          832d4ae8ad3a86fa7efb02ad09b60376
  External correlation Id: 8474841303930814984
  Machine Id:              8s6LdPVFeVL+JPPIymwroRPXaRk=
[Licensing::Module] Successfully connected to LicensingClient on channel: "LicenseClient-tyron-6000.4.3" (connect: 0.00s, validation: 0.00s, handshake: 0.90s)
[Licensing::IpcConnector] Successfully connected to: "LicenseClient-tyron-6000.4.3-notifications" at "2026-05-14T08:37:33.4720148Z"
[Licensing::Module] Licensing Background thread has ended after 1.92s
- Finished resetting the current domain, in  0.412 seconds
Domain Reload Profiling: 891ms
	BeginReloadAssembly (136ms)
	RebuildCommonClasses (38ms)
	RebuildNativeTypeToScriptingClass (12ms)
	initialDomainReloadingComplete (78ms)
	LoadAllAssembliesAndSetupDomain (214ms)
		LoadAssemblies (131ms)
		AnalyzeDomain (205ms)
			TypeCache.Refresh (203ms)
				TypeCache.ScanAssembly (187ms)
	FinalizeReload (413ms)
		SetupLoadedEditorAssemblies (0ms)
			InitializePlatformSupportModulesInManaged (51ms)
			BeforeProcessingInitializeOnLoad (89ms)
			ProcessInitializeOnLoadAttributes (121ms)
			ProcessInitializeOnLoadMethodAttributes (81ms)
Assembly reference Packages/com.unity.cinemachine/Editor/Samples/ExposeHDRPInternals/HDRP-Editor-ref.asmref has no target assembly definition
========================================================================
Worker process is ready to serve import requests
Import Worker Mode flag is 0x00
Assembly reference Packages/com.unity.cinemachine/Editor/Samples/ExposeHDRPInternals/HDRP-Editor-ref.asmref has no target assembly definition
Assembly reference Packages/com.unity.cinemachine/Editor/Samples/ExposeHDRPInternals/HDRP-Editor-ref.asmref has no target assembly definition
Begin MonoManager ReloadAssembly
[Licensing::Client] Successfully resolved entitlement details
[Licensing::Module] License group:
  Id: 18968330311373-UnityPersXXXX
  Product: Unity Personal
  Type: Assigned
  Expiration: Unlimited
Assembly Assembly-CSharp-Editor-firstpass.dll at Library/ScriptAssemblies/Assembly-CSharp-Editor-firstpass.dll not valid. Loading of assembly skipped.
Assembly Assembly-CSharp-Editor.dll at Library/ScriptAssemblies/Assembly-CSharp-Editor.dll not valid. Loading of assembly skipped.
Assembly Assembly-CSharp-firstpass.dll at Library/ScriptAssemblies/Assembly-CSharp-firstpass.dll not valid. Loading of assembly skipped.
Assembly DocCodeExamples.dll at Library/ScriptAssemblies/DocCodeExamples.dll not valid. Loading of assembly skipped.
Assembly TestNewCustomAssembly.dll at Library/ScriptAssemblies/TestNewCustomAssembly.dll not valid. Loading of assembly skipped.
Assembly Unity.2D.Animation.EditorTests.dll at Library/ScriptAssemblies/Unity.2D.Animation.EditorTests.dll not valid. Loading of assembly skipped.
Assembly Unity.2D.Common.EditorTests.dll at Library/ScriptAssemblies/Unity.2D.Common.EditorTests.dll not valid. Loading of assembly skipped.
Assembly Unity.2D.PixelPerfect.Editor.Tests.dll at Library/ScriptAssemblies/Unity.2D.PixelPerfect.Editor.Tests.dll not valid. Loading of assembly skipped.
Assembly Unity.2D.Psdimporter.EditorTests.dll at Library/ScriptAssemblies/Unity.2D.Psdimporter.EditorTests.dll not valid. Loading of assembly skipped.
Assembly Unity.2D.Sprite.Package.EditorTests.dll at Library/ScriptAssemblies/Unity.2D.Sprite.Package.EditorTests.dll not valid. Loading of assembly skipped.
Assembly Unity.2D.SpriteShape.EditorTests.dll at Library/ScriptAssemblies/Unity.2D.SpriteShape.EditorTests.dll not valid. Loading of assembly skipped.
Assembly Unity.2D.Tilemap.Package.EditorTests.dll at Library/ScriptAssemblies/Unity.2D.Tilemap.Package.EditorTests.dll not valid. Loading of assembly skipped.
Assembly Unity.Collections.BurstCompatibilityGen.dll at Library/ScriptAssemblies/Unity.Collections.BurstCompatibilityGen.dll not valid. Loading of assembly skipped.
Assembly Unity.Collections.DocCodeSamples.dll at Library/ScriptAssemblies/Unity.Collections.DocCodeSamples.dll not valid. Loading of assembly skipped.
Assembly Unity.Collections.PerformanceTests.dll at Library/ScriptAssemblies/Unity.Collections.PerformanceTests.dll not valid. Loading of assembly skipped.
Assembly Unity.Collections.Tests.dll at Library/ScriptAssemblies/Unity.Collections.Tests.dll not valid. Loading of assembly skipped.
Assembly Unity.Collections.Tests.Playmode.dll at Library/ScriptAssemblies/Unity.Collections.Tests.Playmode.dll not valid. Loading of assembly skipped.
Assembly Unity.Mathematics.Tests.dll at Library/ScriptAssemblies/Unity.Mathematics.Tests.dll not valid. Loading of assembly skipped.
Assembly Unity.Multiplayer.Center.Editor.Tests.dll at Library/ScriptAssemblies/Unity.Multiplayer.Center.Editor.Tests.dll not valid. Loading of assembly skipped.
Assembly Unity.Multiplayer.Center.Tests.dll at Library/ScriptAssemblies/Unity.Multiplayer.Center.Tests.dll not valid. Loading of assembly skipped.
Assembly Unity.Nuget.Mono-Cecil.dll at Library/ScriptAssemblies/Unity.Nuget.Mono-Cecil.dll not valid. Loading of assembly skipped.
Assembly Unity.PathTracing.Editor.Tests.dll at Library/ScriptAssemblies/Unity.PathTracing.Editor.Tests.dll not valid. Loading of assembly skipped.
Assembly Unity.PathTracing.Runtime.Tests.dll at Library/ScriptAssemblies/Unity.PathTracing.Runtime.Tests.dll not valid. Loading of assembly skipped.
Assembly Unity.RenderPipelines.Core.Editor.Tests.dll at Library/ScriptAssemblies/Unity.RenderPipelines.Core.Editor.Tests.dll not valid. Loading of assembly skipped.
Assembly Unity.RenderPipelines.Core.Runtime.Tests.dll at Library/ScriptAssemblies/Unity.RenderPipelines.Core.Runtime.Tests.dll not valid. Loading of assembly skipped.
Assembly Unity.RenderPipelines.Universal.Config.Editor.Tests.dll at Library/ScriptAssemblies/Unity.RenderPipelines.Universal.Config.Editor.Tests.dll not valid. Loading of assembly skipped.
Assembly Unity.RenderPipelines.Universal.Editor.Tests.dll at Library/ScriptAssemblies/Unity.RenderPipelines.Universal.Editor.Tests.dll not valid. Loading of assembly skipped.
Assembly Unity.RenderPipelines.Universal.Runtime.Tests.dll at Library/ScriptAssemblies/Unity.RenderPipelines.Universal.Runtime.Tests.dll not valid. Loading of assembly skipped.
Assembly Unity.Searcher.EditorTests.dll at Library/ScriptAssemblies/Unity.Searcher.EditorTests.dll not valid. Loading of assembly skipped.
Assembly Unity.Settings.Tests.dll at Library/ScriptAssemblies/Unity.Settings.Tests.dll not valid. Loading of assembly skipped.
Assembly Unity.ShaderGraph.Editor.Tests.dll at Library/ScriptAssemblies/Unity.ShaderGraph.Editor.Tests.dll not valid. Loading of assembly skipped.
Assembly Unity.TextMeshPro.Editor.Tests.dll at Library/ScriptAssemblies/Unity.TextMeshPro.Editor.Tests.dll not valid. Loading of assembly skipped.
Assembly Unity.TextMeshPro.Tests.dll at Library/ScriptAssemblies/Unity.TextMeshPro.Tests.dll not valid. Loading of assembly skipped.
Assembly Unity.UnifiedRayTracing.Editor.Tests.dll at Library/ScriptAssemblies/Unity.UnifiedRayTracing.Editor.Tests.dll not valid. Loading of assembly skipped.
Assembly UnityEditor.UI.Common.Tests.dll at Library/ScriptAssemblies/UnityEditor.UI.Common.Tests.dll not valid. Loading of assembly skipped.
Assembly UnityEditor.UI.EditorTests.dll at Library/ScriptAssemblies/UnityEditor.UI.EditorTests.dll not valid. Loading of assembly skipped.
Assembly UnityEngine.UI.Tests.dll at Library/ScriptAssemblies/UnityEngine.UI.Tests.dll not valid. Loading of assembly skipped.
Assembly reference Packages/com.unity.cinemachine/Editor/Samples/ExposeHDRPInternals/HDRP-Editor-ref.asmref has no target assembly definition
'Packages/com.unity.cinemachine/Editor/Obsolete/CinemachineVirtualCameraBaseEditor.cs' contains partial class of Unity.Object, exactly 1 of the partial classes needs to be in a file with the same filename. This is to know the one that can be referenced from ie. GameObjects
'Packages/com.unity.cinemachine/Editor/Editors/CinemachineVirtualCameraBaseEditor.cs' contains partial class of Unity.Object, exactly 1 of the partial classes needs to be in a file with the same filename. This is to know the one that can be referenced from ie. GameObjects
Refreshing native plugins compatible for Editor in 3.15 ms, found 4 plugins.
Native extension for WindowsStandalone target not found
Assembly reference Packages/com.unity.cinemachine/Editor/Samples/ExposeHDRPInternals/HDRP-Editor-ref.asmref has no target assembly definition
[Package Manager] Failed to launch server process. Reason: Unity was launched with the -noUpm command-line argument
[Package Manager] Unable to send message (not connected to server process).
[Package Manager] Cannot connect to Unity Package Manager local server
[Package Manager] Failed to launch server process. Reason: Unity was launched with the -noUpm command-line argument
[Package Manager] Unable to send message (not connected to server process).
[Package Manager] Cannot connect to Unity Package Manager local server
[Package Manager] Failed to launch server process. Reason: Unity was launched with the -noUpm command-line argument
[Package Manager] Unable to send message (not connected to server process).
[Package Manager] Cannot connect to Unity Package Manager local server
Refreshing native plugins compatible for Editor in 2.93 ms, found 4 plugins.
ScheduleIndexationOnStartup MainProcess:False IndexOnStartup:True
Mono: successfully reloaded assembly
- Finished resetting the current domain, in  1.076 seconds
Domain Reload Profiling: 1941ms
	BeginReloadAssembly (182ms)
		DisableScriptedObjects (6ms)
		CreateAndSetChildDomain (30ms)
	RebuildCommonClasses (44ms)
	RebuildNativeTypeToScriptingClass (12ms)
	initialDomainReloadingComplete (80ms)
	LoadAllAssembliesAndSetupDomain (547ms)
		LoadAssemblies (409ms)
		AnalyzeDomain (235ms)
			TypeCache.Refresh (155ms)
				TypeCache.ScanAssembly (138ms)
			BuildScriptInfoCaches (65ms)
			ResolveRequiredComponents (13ms)
	FinalizeReload (1077ms)
		SetupLoadedEditorAssemblies (0ms)
			BeforeProcessingInitializeOnLoad (185ms)
			ProcessInitializeOnLoadAttributes (518ms)
			ProcessInitializeOnLoadMethodAttributes (149ms)
			AfterProcessingInitializeOnLoad (11ms)
		AwakeInstancesAfterBackupRestoration (6ms)
Default GameObject BitMask: UI already registered
Launched and connected shader compiler UnityShaderCompiler.exe after 0.01 seconds
Refreshing native plugins compatible for Editor in 2.46 ms, found 4 plugins.
Unloading 25 Unused Serialized files (Serialized files now loaded: 0)
Unloading 5665 unused Assets / (6.2 MB). Loaded Objects now: 6536.
Memory consumption went from 177.6 MB to 171.4 MB.
Total: 12.858900 ms (FindLiveObjects: 1.064300 ms CreateObjectMapping: 0.736300 ms MarkObjects: 7.763800 ms  DeleteObjects: 3.291100 ms)

========================================================================
Received Import Request.
  Time since last request: 3716.134952 seconds.
  path: Assets/Scenes/Scene 9/Box/01 Border 01_3.asset
  importAddress: Guid(10a40e7beb038584b8a8e2be1443fd66) Importer(815301076,1909f56bfc062723c751e8b465ee728b)
Start importing Assets/Scenes/Scene 9/Box/01 Border 01_3.asset using Guid(10a40e7beb038584b8a8e2be1443fd66) Importer(815301076,1909f56bfc062723c751e8b465ee728b) (PreviewImporter) -> (Import Result ID: '14e726443a97a07c0f2312e9b0fc81e4') in 0.0925458 seconds [static and dynamic dependencies]. Details - ImportResultOutputID=5f47257ce59964761434ee18bdc1e554 DependenciesID=a66463df6d66966b4fcb4f633303433d StaticDependenciesID=29b27c715872a2264b6398e4713495be 
Number of updated asset objects reloaded before import = 0Number of asset objects unloaded after import = 3

========================================================================
Received Import Request.
  Time since last request: 0.000020 seconds.
  path: Assets/Scenes/Scene 9/Box/01 Border 01_14.asset
  importAddress: Guid(ae85e8d3a4c1aff4baf297a667b165a3) Importer(815301076,1909f56bfc062723c751e8b465ee728b)
Start importing Assets/Scenes/Scene 9/Box/01 Border 01_14.asset using Guid(ae85e8d3a4c1aff4baf297a667b165a3) Importer(815301076,1909f56bfc062723c751e8b465ee728b) (PreviewImporter) -> (Import Result ID: '7a5f16141a94f1f4de303cdae445b492') in 0.0125317 seconds [static and dynamic dependencies]. Details - ImportResultOutputID=550feb93927a10fb2a3e7a5b3e72add1 DependenciesID=7d910478fea5816b165c48c86a429cac StaticDependenciesID=5b56e7a90503818373f3cb5a707e2f2b 
Number of updated asset objects reloaded before import = 0Number of asset objects unloaded after import = 3

========================================================================
Received Import Request.
  Time since last request: 0.000017 seconds.
  path: Assets/Scenes/Scene 9/Box/01 Border 01_6.asset
  importAddress: Guid(34667592606d4294ba9b2b408e85367b) Importer(815301076,1909f56bfc062723c751e8b465ee728b)
Start importing Assets/Scenes/Scene 9/Box/01 Border 01_6.asset using Guid(34667592606d4294ba9b2b408e85367b) Importer(815301076,1909f56bfc062723c751e8b465ee728b) (PreviewImporter) -> (Import Result ID: 'e93d272f0d663ac413fd732ef5c07442') in 0.0111986 seconds [static and dynamic dependencies]. Details - ImportResultOutputID=5c3eb361ffcc883b0e60ef5a01d88716 DependenciesID=ee3be06f90abb588b3c58cbd77f70200 StaticDependenciesID=b18931f8cadbb699f01c89ff6b586d4a 
Number of updated asset objects reloaded before import = 0Number of asset objects unloaded after import = 3

========================================================================
Received Import Request.
  Time since last request: 0.703780 seconds.
  path: Assets/Scenes/Scene 9/Box/01 Border 01_1.asset
  importAddress: Guid(d7b776e4fb0663f498e469f9b2dce648) Importer(2089858483,b0f066a214c2f5e87bad3c948f4d605d)
Start importing Assets/Scenes/Scene 9/Box/01 Border 01_1.asset using Guid(d7b776e4fb0663f498e469f9b2dce648) Importer(2089858483,b0f066a214c2f5e87bad3c948f4d605d) (ScriptedImporter) -> (Import Result ID: 'ee67046c410fcca968d408a19865bf0c') in 0.0956111 seconds [static and dynamic dependencies]. Details - ImportResultOutputID=ed621f401c89c0f3fc9b3631df6c92d5 DependenciesID=bc41759c02621e08b46c4e99d8ed72c2 StaticDependenciesID=054950620889de69e001bc39a1b790ac 
Number of updated asset objects reloaded before import = 0Number of asset objects unloaded after import = 2

========================================================================
Received Import Request.
  Time since last request: 0.000018 seconds.
  path: Assets/Scenes/Scene 9/Box/01 Border 01_18.asset
  importAddress: Guid(ff1c1fc9b6b4d1645878dc314c1baf0f) Importer(2089858483,b0f066a214c2f5e87bad3c948f4d605d)
Start importing Assets/Scenes/Scene 9/Box/01 Border 01_18.asset using Guid(ff1c1fc9b6b4d1645878dc314c1baf0f) Importer(2089858483,b0f066a214c2f5e87bad3c948f4d605d) (ScriptedImporter) -> (Import Result ID: '1e054fa5c95b01994ef38d31545fa2dc') in 0.0113981 seconds [static and dynamic dependencies]. Details - ImportResultOutputID=1d3af477ce81bdd1aa2e83549f7d3bc1 DependenciesID=83cd84ca09f9c1f2c84f6a5fa9160f79 StaticDependenciesID=634da88977292748d9270f6d20c28369 
Number of updated asset objects reloaded before import = 0Number of asset objects unloaded after import = 2

========================================================================
Received Import Request.
  Time since last request: 0.000033 seconds.
  path: Assets/Scenes/Scene 9/Box/01 Border 01_2.asset
  importAddress: Guid(1efe7b36ccec80a4d964e17c1b584a2c) Importer(2089858483,b0f066a214c2f5e87bad3c948f4d605d)
Start importing Assets/Scenes/Scene 9/Box/01 Border 01_2.asset using Guid(1efe7b36ccec80a4d964e17c1b584a2c) Importer(2089858483,b0f066a214c2f5e87bad3c948f4d605d) (ScriptedImporter) -> (Import Result ID: '4f4d3b6e50175a3b04d2b4da1f4ad611') in 0.0108585 seconds [static and dynamic dependencies]. Details - ImportResultOutputID=a75296b9510ccdfab5d1dfc0a6e0fe52 DependenciesID=6396c9a621e9b96893633dbb542ee238 StaticDependenciesID=7430ecbd8de8594024e5fc2443007822 
Number of updated asset objects reloaded before import = 0Number of asset objects unloaded after import = 2

========================================================================
Received Import Request.
  Time since last request: 0.000018 seconds.
  path: Assets/Scenes/Scene 9/Box/01 Border 01_13.asset
  importAddress: Guid(3884fa291c27b4745bc9c0305b9757f3) Importer(2089858483,b0f066a214c2f5e87bad3c948f4d605d)
Start importing Assets/Scenes/Scene 9/Box/01 Border 01_13.asset using Guid(3884fa291c27b4745bc9c0305b9757f3) Importer(2089858483,b0f066a214c2f5e87bad3c948f4d605d) (ScriptedImporter) -> (Import Result ID: 'a88003721202d0e9443ef75cf993f513') in 0.0115358 seconds [static and dynamic dependencies]. Details - ImportResultOutputID=23e589489637bf63ecfe9a91baeef5bc DependenciesID=c87fed7c7a56412f1fb08e8579ffca78 StaticDependenciesID=1125d06986d639d728eb6288500cbf13 
Number of updated asset objects reloaded before import = 0Number of asset objects unloaded after import = 2

========================================================================
Received Import Request.
  Time since last request: 0.000019 seconds.
  path: Assets/Scenes/Scene 9/Box/01 Border 01_0.asset
  importAddress: Guid(90dd201bc07474e48a17833e302cd4df) Importer(2089858483,b0f066a214c2f5e87bad3c948f4d605d)
Start importing Assets/Scenes/Scene 9/Box/01 Border 01_0.asset using Guid(90dd201bc07474e48a17833e302cd4df) Importer(2089858483,b0f066a214c2f5e87bad3c948f4d605d) (ScriptedImporter) -> (Import Result ID: 'a7381f19d8b0bc3cd2aff882c6413948') in 0.0102737 seconds [static and dynamic dependencies]. Details - ImportResultOutputID=b968234a8a94711af4a709a216cd7419 DependenciesID=b0d724fc580cf322f64628d50829bde5 StaticDependenciesID=3150943dacdfc701ff228d14a852961b 
Number of updated asset objects reloaded before import = 0Number of asset objects unloaded after import = 2

========================================================================
Received Import Request.
  Time since last request: 8.267738 seconds.
  path: Assets/Scenes/Scene 9/Box/01 Border 01_2.asset
  importAddress: Guid(1efe7b36ccec80a4d964e17c1b584a2c) Importer(815301076,1909f56bfc062723c751e8b465ee728b)
Start importing Assets/Scenes/Scene 9/Box/01 Border 01_2.asset using Guid(1efe7b36ccec80a4d964e17c1b584a2c) Importer(815301076,1909f56bfc062723c751e8b465ee728b) (PreviewImporter) -> (Import Result ID: 'f783d0e2d7f01f2dc4da66e3eebbae13') in 0.0128833 seconds [static and dynamic dependencies]. Details - ImportResultOutputID=f224d885babbf31cbd60359e7f1f7a27 DependenciesID=6deb3e6be8192b8508a494d5c6743cfa StaticDependenciesID=2be13432fc92b5155f792abb59f4a714 
Number of updated asset objects reloaded before import = 0Number of asset objects unloaded after import = 3

========================================================================
Received Import Request.
  Time since last request: 0.000015 seconds.
  path: Assets/Scenes/Scene 9/Box/01 Border 01_13.asset
  importAddress: Guid(3884fa291c27b4745bc9c0305b9757f3) Importer(815301076,1909f56bfc062723c751e8b465ee728b)
Start importing Assets/Scenes/Scene 9/Box/01 Border 01_13.asset using Guid(3884fa291c27b4745bc9c0305b9757f3) Importer(815301076,1909f56bfc062723c751e8b465ee728b) (PreviewImporter) -> (Import Result ID: 'acdf4165943d06ddde0daa5ed5ebd527') in 0.0107057 seconds [static and dynamic dependencies]. Details - ImportResultOutputID=58abbb6e91f9a41ea27897cda856c67d DependenciesID=edbc1e7bdee631483c53aa67479410d7 StaticDependenciesID=88639cb465f9a62a924f458cbff2adb3 
Number of updated asset objects reloaded before import = 0Number of asset objects unloaded after import = 3

========================================================================
Received Import Request.
  Time since last request: 0.000017 seconds.
  path: Assets/Scenes/Scene 9/Box/01 Border 01_9.asset
  importAddress: Guid(c6e5fa510df9148439c2e88014691637) Importer(815301076,1909f56bfc062723c751e8b465ee728b)
Start importing Assets/Scenes/Scene 9/Box/01 Border 01_9.asset using Guid(c6e5fa510df9148439c2e88014691637) Importer(815301076,1909f56bfc062723c751e8b465ee728b) (PreviewImporter) -> (Import Result ID: '0fa591a7d86dd604647beb1db7d4d92f') in 0.010916 seconds [static and dynamic dependencies]. Details - ImportResultOutputID=fc59fb05d14b32202e2e40684899b0ad DependenciesID=d1bc049b5f74170ed9011d98e2a42d08 StaticDependenciesID=3380823655bb97cab2b61f354ad552a8 
Number of updated asset objects reloaded before import = 0Number of asset objects unloaded after import = 3

========================================================================
Received Import Request.
  Time since last request: 0.000027 seconds.
  path: Assets/Scenes/Scene 9/Box/01 Border 01_12.asset
  importAddress: Guid(bb8e4e1e24dcfa6418dda6be439ec6a5) Importer(815301076,1909f56bfc062723c751e8b465ee728b)
Start importing Assets/Scenes/Scene 9/Box/01 Border 01_12.asset using Guid(bb8e4e1e24dcfa6418dda6be439ec6a5) Importer(815301076,1909f56bfc062723c751e8b465ee728b) (PreviewImporter) -> (Import Result ID: '120962c742a32a8b2e6a35708cadc191') in 0.0070355 seconds [static and dynamic dependencies]. Details - ImportResultOutputID=e957309c2e1569c9d5021ecb0bc0018e DependenciesID=413605b2552009682a6be4f8af0ad79b StaticDependenciesID=72308bd7855f1cc23524427e36853d5f 
Number of updated asset objects reloaded before import = 0Number of asset objects unloaded after import = 3

========================================================================
Received Import Request.
  Time since last request: 19.956251 seconds.
  path: Assets/Scenes/Scene 9/Box/01 Border 01_2.asset
  importAddress: Guid(1efe7b36ccec80a4d964e17c1b584a2c) Importer(815301076,1909f56bfc062723c751e8b465ee728b)
Start importing Assets/Scenes/Scene 9/Box/01 Border 01_2.asset using Guid(1efe7b36ccec80a4d964e17c1b584a2c) Importer(815301076,1909f56bfc062723c751e8b465ee728b) (PreviewImporter) -> (Import Result ID: '65a4a1cfb894a928b686460678052219') in 0.0133666 seconds [static and dynamic dependencies]. Details - ImportResultOutputID=a1a8cae3f1d8841f85aa2440c7700aa6 DependenciesID=991ce432f021442423dd8dbe0a200a80 StaticDependenciesID=2be13432fc92b5155f792abb59f4a714 
Number of updated asset objects reloaded before import = 0Number of asset objects unloaded after import = 3

========================================================================
Received Import Request.
  Time since last request: 0.000017 seconds.
  path: Assets/Scenes/Scene 9/Box/01 Border 01_11.asset
  importAddress: Guid(2fcbbc52b2e872443af9496f28cafa07) Importer(815301076,1909f56bfc062723c751e8b465ee728b)
Start importing Assets/Scenes/Scene 9/Box/01 Border 01_11.asset using Guid(2fcbbc52b2e872443af9496f28cafa07) Importer(815301076,1909f56bfc062723c751e8b465ee728b) (PreviewImporter) -> (Import Result ID: '3713c484b375198029e4118e432f9d78') in 0.017055 seconds [static and dynamic dependencies]. Details - ImportResultOutputID=567aa7e3cc21083d29e33dc98e228f94 DependenciesID=7403af7a78b8aae92dcc5a610b478853 StaticDependenciesID=2c67d217fcec3fc7367520a17059dbaa 
Number of updated asset objects reloaded before import = 0Number of asset objects unloaded after import = 3

========================================================================
Received Import Request.
  Time since last request: 0.000017 seconds.
  path: Assets/Scenes/Scene 9/Box/01 Border 01_14.asset
  importAddress: Guid(ae85e8d3a4c1aff4baf297a667b165a3) Importer(815301076,1909f56bfc062723c751e8b465ee728b)
Start importing Assets/Scenes/Scene 9/Box/01 Border 01_14.asset using Guid(ae85e8d3a4c1aff4baf297a667b165a3) Importer(815301076,1909f56bfc062723c751e8b465ee728b) (PreviewImporter) -> (Import Result ID: '3d643c82318e4ed950d7bc9df51d73e5') in 0.0172814 seconds [static and dynamic dependencies]. Details - ImportResultOutputID=70e7ef28b708b5f789fd5b17b30f77d7 DependenciesID=049bbc0b6fe06e57d770cba384fa97c7 StaticDependenciesID=5b56e7a90503818373f3cb5a707e2f2b 
Number of updated asset objects reloaded before import = 0Number of asset objects unloaded after import = 3

========================================================================
Received Import Request.
  Time since last request: 0.000024 seconds.
  path: Assets/Scenes/Scene 9/Box/01 Border 01_3.asset
  importAddress: Guid(10a40e7beb038584b8a8e2be1443fd66) Importer(815301076,1909f56bfc062723c751e8b465ee728b)
Start importing Assets/Scenes/Scene 9/Box/01 Border 01_3.asset using Guid(10a40e7beb038584b8a8e2be1443fd66) Importer(815301076,1909f56bfc062723c751e8b465ee728b) (PreviewImporter) -> (Import Result ID: 'e7e267c29c8c894844a27df56be2b718') in 0.0129996 seconds [static and dynamic dependencies]. Details - ImportResultOutputID=60f0ff24a2cd82cd0422d65ea0b7ee76 DependenciesID=b5bec67af14b8ae7d925d6034ed3b6e4 StaticDependenciesID=29b27c715872a2264b6398e4713495be 
Number of updated asset objects reloaded before import = 0Number of asset objects unloaded after import = 3

========================================================================
Received Import Request.
  Time since last request: 0.000015 seconds.
  path: Assets/Scenes/Scene 9/Box/01 Border 01_7.asset
  importAddress: Guid(c698d7bc7c20dc84d9e8ce324e567cdd) Importer(815301076,1909f56bfc062723c751e8b465ee728b)
Start importing Assets/Scenes/Scene 9/Box/01 Border 01_7.asset using Guid(c698d7bc7c20dc84d9e8ce324e567cdd) Importer(815301076,1909f56bfc062723c751e8b465ee728b) (PreviewImporter) -> (Import Result ID: '6cb3da8efa81ae23c8872baf0301de68') in 0.0113854 seconds [static and dynamic dependencies]. Details - ImportResultOutputID=2b37beb082fff009750d37146aef74ed DependenciesID=128d2a03d49767df9db0043bd002c34e StaticDependenciesID=9e90abac8025e05935223481a7f6926d 
Number of updated asset objects reloaded before import = 0Number of asset objects unloaded after import = 3

Editor requested this worker to shutdown with reason: Scaling down because of idle timeout
AssetImportWorker is now disconnected from the server
Process exiting
Exiting without the bug reporter. Application will terminate with return code 0